2018-11-01 01:42:57.799 INFO  com.lnlr.SecurityApplication Line:50  - Starting SecurityApplication on lnlr with PID 3780 (E:\IDEA_WORK\xzl_work\java-study-component\security\target\classes started by leihf in E:\IDEA_WORK\xzl_work\java-study-component)
2018-11-01 01:42:57.829 INFO  com.lnlr.SecurityApplication Line:658 - The following profiles are active: dev
2018-11-01 01:42:57.935 INFO  org.springframework.boot.web.servlet.context.AnnotationConfigServletWebServerApplicationContext Line:588 - Refreshing org.springframework.boot.web.servlet.context.AnnotationConfigServletWebServerApplicationContext@74a6a609: startup date [Thu Nov 01 01:42:57 CST 2018]; root of context hierarchy
2018-11-01 01:43:02.700 INFO  org.springframework.context.support.PostProcessorRegistrationDelegate$BeanPostProcessorChecker Line:326 - Bean 'org.springframework.transaction.annotation.ProxyTransactionManagementConfiguration' of type [org.springframework.transaction.annotation.ProxyTransactionManagementConfiguration$$EnhancerBySpringCGLIB$$e8b8f934] is not eligible for getting processed by all BeanPostProcessors (for example: not eligible for auto-proxying)
2018-11-01 01:43:03.197 INFO  org.springframework.boot.web.embedded.tomcat.TomcatWebServer Line:91  - Tomcat initialized with port(s): 8089 (http)
2018-11-01 01:43:03.368 INFO  org.springframework.web.context.ContextLoader Line:285 - Root WebApplicationContext: initialization completed in 5433 ms
2018-11-01 01:43:03.933 INFO  org.springframework.orm.jpa.LocalContainerEntityManagerFactoryBean Line:361 - Building JPA container EntityManagerFactory for persistence unit 'MasterPersistenceUnit'
2018-11-01 01:43:07.802 INFO  com.alibaba.druid.pool.DruidDataSource Line:928 - {dataSource-1} inited
2018-11-01 01:43:09.537 INFO  org.springframework.orm.jpa.LocalContainerEntityManagerFactoryBean Line:415 - Initialized JPA EntityManagerFactory for persistence unit 'MasterPersistenceUnit'
2018-11-01 01:43:09.580 INFO  org.springframework.orm.jpa.LocalContainerEntityManagerFactoryBean Line:361 - Building JPA container EntityManagerFactory for persistence unit 'slavePersistenceUnit'
2018-11-01 01:43:12.603 INFO  com.alibaba.druid.pool.DruidDataSource Line:928 - {dataSource-2} inited
2018-11-01 01:43:13.417 INFO  org.springframework.orm.jpa.LocalContainerEntityManagerFactoryBean Line:415 - Initialized JPA EntityManagerFactory for persistence unit 'slavePersistenceUnit'
2018-11-01 01:43:14.004 INFO  com.lnlr.config.redis.RedisConfig Line:29  - redisPool注入地址：127.0.0.1:6379
2018-11-01 01:43:14.253 INFO  org.springframework.boot.web.servlet.FilterRegistrationBean Line:245 - Mapping filter: 'corsFilter' to: [/*]
2018-11-01 01:43:14.253 INFO  org.springframework.boot.web.servlet.FilterRegistrationBean Line:245 - Mapping filter: 'characterEncodingFilter' to: [/*]
2018-11-01 01:43:14.254 INFO  org.springframework.boot.web.servlet.FilterRegistrationBean Line:258 - Mapping filter: 'jwtVerificationFilter' to urls: [/*]
2018-11-01 01:43:14.254 INFO  org.springframework.boot.web.servlet.FilterRegistrationBean Line:258 - Mapping filter: 'loginFilter' to urls: [/*]
2018-11-01 01:43:14.254 INFO  org.springframework.boot.web.servlet.FilterRegistrationBean Line:258 - Mapping filter: 'webStatFilter' to urls: [/*]
2018-11-01 01:43:14.254 INFO  org.springframework.boot.web.servlet.ServletRegistrationBean Line:187 - Servlet statViewServlet mapped to [/leihfei/druid/*]
2018-11-01 01:43:14.255 INFO  org.springframework.boot.web.servlet.ServletRegistrationBean Line:187 - Servlet dispatcherServlet mapped to [/]
2018-11-01 01:43:14.287 INFO  com.lnlr.common.filter.JwtVerificationFilter Line:43  - 初始化Jwt拦截器,生成拦截器url
2018-11-01 01:43:15.212 INFO  com.lnlr.common.filter.LoginFilter Line:41  - 初始化登录拦截器
2018-11-01 01:43:15.864 INFO  com.lnlr.WebConfig Line:70  - 配置过滤器，并且配置过滤器放过url
2018-11-01 01:43:15.960 INFO  org.springframework.web.servlet.mvc.method.annotation.RequestMappingHandlerMapping Line:549 - Mapped "{[/error],methods=[POST]}" onto public com.lnlr.common.response.Response com.lnlr.security.controller.ErrorController.error()
2018-11-01 01:43:15.964 INFO  org.springframework.web.servlet.mvc.method.annotation.RequestMappingHandlerMapping Line:549 - Mapped "{[/sys/authorizing/flush],methods=[GET]}" onto public com.lnlr.common.response.Response com.lnlr.security.controller.LoginController.flush()
2018-11-01 01:43:15.966 INFO  org.springframework.web.servlet.mvc.method.annotation.RequestMappingHandlerMapping Line:549 - Mapped "{[/sys/authorizing/login],methods=[POST]}" onto public com.lnlr.common.response.Response com.lnlr.security.controller.LoginController.login(com.lnlr.security.pojo.master.param.LoginParam,javax.servlet.http.HttpServletRequest)
2018-11-01 01:43:15.967 INFO  org.springframework.web.servlet.mvc.method.annotation.RequestMappingHandlerMapping Line:549 - Mapped "{[/sys/authorizing/logout],methods=[GET]}" onto public com.lnlr.common.response.Response com.lnlr.security.controller.LoginController.logout()
2018-11-01 01:43:15.967 INFO  org.springframework.web.servlet.mvc.method.annotation.RequestMappingHandlerMapping Line:549 - Mapped "{[/sys/authorizing/unauthorized],methods=[GET]}" onto public com.lnlr.common.response.Response com.lnlr.security.controller.LoginController.unauthorized()
2018-11-01 01:43:15.968 INFO  org.springframework.web.servlet.mvc.method.annotation.RequestMappingHandlerMapping Line:549 - Mapped "{[/sys/authorizing/create_tokem],methods=[GET]}" onto public com.lnlr.common.response.Response com.lnlr.security.controller.LoginController.create_tokem(javax.servlet.http.HttpServletRequest)
2018-11-01 01:43:15.968 INFO  org.springframework.web.servlet.mvc.method.annotation.RequestMappingHandlerMapping Line:549 - Mapped "{[/sys/authorizing/unauth],methods=[GET]}" onto public com.lnlr.common.response.Response com.lnlr.security.controller.LoginController.unauth()
2018-11-01 01:43:15.970 INFO  org.springframework.web.servlet.mvc.method.annotation.RequestMappingHandlerMapping Line:549 - Mapped "{[/sys/acl/update.json],methods=[POST]}" onto public com.lnlr.common.response.Response com.lnlr.security.controller.SysAclController.update(com.lnlr.security.pojo.master.dto.AclParam)
2018-11-01 01:43:15.971 INFO  org.springframework.web.servlet.mvc.method.annotation.RequestMappingHandlerMapping Line:549 - Mapped "{[/sys/acl/delete.json],methods=[POST]}" onto public com.lnlr.common.response.Response com.lnlr.security.controller.SysAclController.delete(com.lnlr.common.entity.IdEntity)
2018-11-01 01:43:15.972 INFO  org.springframework.web.servlet.mvc.method.annotation.RequestMappingHandlerMapping Line:549 - Mapped "{[/sys/acl/create.json],methods=[POST]}" onto public com.lnlr.common.response.Response com.lnlr.security.controller.SysAclController.create(com.lnlr.security.pojo.master.dto.AclParam)
2018-11-01 01:43:15.972 INFO  org.springframework.web.servlet.mvc.method.annotation.RequestMappingHandlerMapping Line:549 - Mapped "{[/sys/acl/page.json],methods=[POST]}" onto public com.lnlr.common.response.Response com.lnlr.security.controller.SysAclController.page(com.lnlr.common.jpa.model.NgPager)
2018-11-01 01:43:15.974 INFO  org.springframework.web.servlet.mvc.method.annotation.RequestMappingHandlerMapping Line:549 - Mapped "{[/sys/aclModule/update.json],methods=[POST]}" onto public com.lnlr.common.response.Response com.lnlr.security.controller.SysAclModuleController.update(com.lnlr.security.pojo.master.dto.AclModuleParam)
2018-11-01 01:43:15.975 INFO  org.springframework.web.servlet.mvc.method.annotation.RequestMappingHandlerMapping Line:549 - Mapped "{[/sys/aclModule/delete.json],methods=[POST]}" onto public com.lnlr.common.response.Response com.lnlr.security.controller.SysAclModuleController.delete(com.lnlr.common.entity.IdEntity)
2018-11-01 01:43:15.975 INFO  org.springframework.web.servlet.mvc.method.annotation.RequestMappingHandlerMapping Line:549 - Mapped "{[/sys/aclModule/create.json],methods=[POST]}" onto public com.lnlr.common.response.Response com.lnlr.security.controller.SysAclModuleController.create(com.lnlr.security.pojo.master.dto.AclModuleParam)
2018-11-01 01:43:15.976 INFO  org.springframework.web.servlet.mvc.method.annotation.RequestMappingHandlerMapping Line:549 - Mapped "{[/sys/aclModule/tree.json],methods=[GET]}" onto public com.lnlr.common.response.Response com.lnlr.security.controller.SysAclModuleController.tree()
2018-11-01 01:43:15.976 INFO  org.springframework.web.servlet.mvc.method.annotation.RequestMappingHandlerMapping Line:549 - Mapped "{[/sys/aclModule/page.json],methods=[POST]}" onto public com.lnlr.common.response.Response com.lnlr.security.controller.SysAclModuleController.page(com.lnlr.common.jpa.model.NgPager)
2018-11-01 01:43:15.979 INFO  org.springframework.web.servlet.mvc.method.annotation.RequestMappingHandlerMapping Line:549 - Mapped "{[/sys/dept/update.json],methods=[POST]}" onto public com.lnlr.common.response.Response com.lnlr.security.controller.SysDeptController.update(com.lnlr.security.pojo.master.dto.DeptParam)
2018-11-01 01:43:15.980 INFO  org.springframework.web.servlet.mvc.method.annotation.RequestMappingHandlerMapping Line:549 - Mapped "{[/sys/dept/delete.json],methods=[POST]}" onto public com.lnlr.common.response.Response com.lnlr.security.controller.SysDeptController.delete(com.lnlr.common.entity.IdEntity)
2018-11-01 01:43:15.980 INFO  org.springframework.web.servlet.mvc.method.annotation.RequestMappingHandlerMapping Line:549 - Mapped "{[/sys/dept/create.json],methods=[POST]}" onto public com.lnlr.common.response.Response com.lnlr.security.controller.SysDeptController.create(com.lnlr.security.pojo.master.dto.DeptParam)
2018-11-01 01:43:15.981 INFO  org.springframework.web.servlet.mvc.method.annotation.RequestMappingHandlerMapping Line:549 - Mapped "{[/sys/dept/tree.json],methods=[GET]}" onto public com.lnlr.common.response.Response com.lnlr.security.controller.SysDeptController.tree()
2018-11-01 01:43:15.981 INFO  org.springframework.web.servlet.mvc.method.annotation.RequestMappingHandlerMapping Line:549 - Mapped "{[/sys/dept/page.json],methods=[POST]}" onto public com.lnlr.common.response.Response com.lnlr.security.controller.SysDeptController.page(com.lnlr.common.jpa.model.NgPager)
2018-11-01 01:43:15.986 INFO  org.springframework.web.servlet.mvc.method.annotation.RequestMappingHandlerMapping Line:549 - Mapped "{[/sys/role/update.json],methods=[POST]}" onto public com.lnlr.common.response.Response com.lnlr.security.controller.SysRoleController.update(com.lnlr.security.pojo.master.dto.RoleParam)
2018-11-01 01:43:15.986 INFO  org.springframework.web.servlet.mvc.method.annotation.RequestMappingHandlerMapping Line:549 - Mapped "{[/sys/role/delete.json],methods=[POST]}" onto public com.lnlr.common.response.Response com.lnlr.security.controller.SysRoleController.delete(com.lnlr.common.entity.IdEntity)
2018-11-01 01:43:15.987 INFO  org.springframework.web.servlet.mvc.method.annotation.RequestMappingHandlerMapping Line:549 - Mapped "{[/sys/role/create.json],methods=[POST]}" onto public com.lnlr.common.response.Response com.lnlr.security.controller.SysRoleController.create(com.lnlr.security.pojo.master.dto.RoleParam)
2018-11-01 01:43:15.987 INFO  org.springframework.web.servlet.mvc.method.annotation.RequestMappingHandlerMapping Line:549 - Mapped "{[/sys/role/list.json],methods=[POST]}" onto public com.lnlr.common.response.Response com.lnlr.security.controller.SysRoleController.list()
2018-11-01 01:43:15.987 INFO  org.springframework.web.servlet.mvc.method.annotation.RequestMappingHandlerMapping Line:549 - Mapped "{[/sys/role/page.json],methods=[POST]}" onto public com.lnlr.common.response.Response com.lnlr.security.controller.SysRoleController.page(com.lnlr.common.jpa.model.NgPager)
2018-11-01 01:43:15.988 INFO  org.springframework.web.servlet.mvc.method.annotation.RequestMappingHandlerMapping Line:549 - Mapped "{[/sys/role/roleTree.json],methods=[POST]}" onto public com.lnlr.common.response.Response com.lnlr.security.controller.SysRoleController.roleTree(com.lnlr.common.entity.IdEntity)
2018-11-01 01:43:15.990 INFO  org.springframework.web.servlet.mvc.method.annotation.RequestMappingHandlerMapping Line:549 - Mapped "{[/sys/user/update.json],methods=[POST]}" onto public com.lnlr.common.response.Response com.lnlr.security.controller.SysUserController.update(com.lnlr.security.pojo.master.dto.UserParam)
2018-11-01 01:43:15.990 INFO  org.springframework.web.servlet.mvc.method.annotation.RequestMappingHandlerMapping Line:549 - Mapped "{[/sys/user/create.json],methods=[POST]}" onto public com.lnlr.common.response.Response com.lnlr.security.controller.SysUserController.create(com.lnlr.security.pojo.master.dto.UserParam)
2018-11-01 01:43:15.991 INFO  org.springframework.web.servlet.mvc.method.annotation.RequestMappingHandlerMapping Line:549 - Mapped "{[/sys/user/test.json],methods=[GET]}" onto public com.lnlr.common.response.Response com.lnlr.security.controller.SysUserController.test(javax.servlet.http.HttpServletResponse) throws java.io.IOException
2018-11-01 01:43:15.991 INFO  org.springframework.web.servlet.mvc.method.annotation.RequestMappingHandlerMapping Line:549 - Mapped "{[/sys/user/page.json],methods=[POST]}" onto public com.lnlr.common.response.Response com.lnlr.security.controller.SysUserController.page(com.lnlr.common.jpa.model.NgPager)
2018-11-01 01:43:15.992 INFO  org.springframework.web.servlet.mvc.method.annotation.RequestMappingHandlerMapping Line:549 - Mapped "{[/sys/user/acls.json],methods=[POST]}" onto public com.lnlr.common.response.Response com.lnlr.security.controller.SysUserController.acls(com.lnlr.common.entity.IdEntity)
2018-11-01 01:43:15.992 INFO  org.springframework.web.servlet.mvc.method.annotation.RequestMappingHandlerMapping Line:549 - Mapped "{[/sys/user/checkPass.json],methods=[POST]}" onto public com.lnlr.common.response.Response com.lnlr.security.controller.SysUserController.checkPass(com.lnlr.security.pojo.master.dto.CheckPassParam)
2018-11-01 01:43:15.993 INFO  org.springframework.web.servlet.mvc.method.annotation.RequestMappingHandlerMapping Line:549 - Mapped "{[/sys/user/updatePass.json],methods=[POST]}" onto public com.lnlr.common.response.Response com.lnlr.security.controller.SysUserController.updatePass(com.lnlr.security.pojo.master.dto.CheckPassParam)
2018-11-01 01:43:15.997 INFO  org.springframework.web.servlet.mvc.method.annotation.RequestMappingHandlerMapping Line:549 - Mapped "{[/swagger-resources/configuration/ui]}" onto public org.springframework.http.ResponseEntity<springfox.documentation.swagger.web.UiConfiguration> springfox.documentation.swagger.web.ApiResourceController.uiConfiguration()
2018-11-01 01:43:15.998 INFO  org.springframework.web.servlet.mvc.method.annotation.RequestMappingHandlerMapping Line:549 - Mapped "{[/swagger-resources]}" onto public org.springframework.http.ResponseEntity<java.util.List<springfox.documentation.swagger.web.SwaggerResource>> springfox.documentation.swagger.web.ApiResourceController.swaggerResources()
2018-11-01 01:43:15.999 INFO  org.springframework.web.servlet.mvc.method.annotation.RequestMappingHandlerMapping Line:549 - Mapped "{[/swagger-resources/configuration/security]}" onto public org.springframework.http.ResponseEntity<springfox.documentation.swagger.web.SecurityConfiguration> springfox.documentation.swagger.web.ApiResourceController.securityConfiguration()
2018-11-01 01:43:16.001 INFO  org.springframework.web.servlet.mvc.method.annotation.RequestMappingHandlerMapping Line:549 - Mapped "{[/error]}" onto public org.springframework.http.ResponseEntity<java.util.Map<java.lang.String, java.lang.Object>> org.springframework.boot.autoconfigure.web.servlet.error.BasicErrorController.error(javax.servlet.http.HttpServletRequest)
2018-11-01 01:43:16.002 INFO  org.springframework.web.servlet.mvc.method.annotation.RequestMappingHandlerMapping Line:549 - Mapped "{[/error],produces=[text/html]}" onto public org.springframework.web.servlet.ModelAndView org.springframework.boot.autoconfigure.web.servlet.error.BasicErrorController.errorHtml(javax.servlet.http.HttpServletRequest,javax.servlet.http.HttpServletResponse)
2018-11-01 01:43:16.306 INFO  org.springframework.web.servlet.handler.SimpleUrlHandlerMapping Line:373 - Mapped URL path [/swagger-ui.html] onto handler of type [class org.springframework.web.servlet.resource.ResourceHttpRequestHandler]
2018-11-01 01:43:16.306 INFO  org.springframework.web.servlet.handler.SimpleUrlHandlerMapping Line:373 - Mapped URL path [/webjars/**] onto handler of type [class org.springframework.web.servlet.resource.ResourceHttpRequestHandler]
2018-11-01 01:43:16.520 INFO  org.springframework.web.servlet.mvc.method.annotation.RequestMappingHandlerAdapter Line:588 - Looking for @ControllerAdvice: org.springframework.boot.web.servlet.context.AnnotationConfigServletWebServerApplicationContext@74a6a609: startup date [Thu Nov 01 01:42:57 CST 2018]; root of context hierarchy
2018-11-01 01:43:16.845 INFO  org.springframework.web.servlet.mvc.method.annotation.ExceptionHandlerExceptionResolver Line:288 - Detected @ExceptionHandler methods in exceptionAdvice
2018-11-01 01:43:17.352 INFO  org.springframework.jmx.export.annotation.AnnotationMBeanExporter Line:433 - Registering beans for JMX exposure on startup
2018-11-01 01:43:17.354 INFO  org.springframework.jmx.export.annotation.AnnotationMBeanExporter Line:895 - Bean with name 'masterDataSource' has been autodetected for JMX exposure
2018-11-01 01:43:17.354 INFO  org.springframework.jmx.export.annotation.AnnotationMBeanExporter Line:895 - Bean with name 'slaveDataSource' has been autodetected for JMX exposure
2018-11-01 01:43:17.363 INFO  org.springframework.jmx.export.annotation.AnnotationMBeanExporter Line:668 - Located MBean 'masterDataSource': registering with JMX server as MBean [com.alibaba.druid.pool:name=masterDataSource,type=DruidDataSource]
2018-11-01 01:43:17.365 INFO  org.springframework.jmx.export.annotation.AnnotationMBeanExporter Line:668 - Located MBean 'slaveDataSource': registering with JMX server as MBean [com.alibaba.druid.pool:name=slaveDataSource,type=DruidDataSource]
2018-11-01 01:43:17.369 INFO  org.springframework.context.support.DefaultLifecycleProcessor Line:356 - Starting beans in phase 2147483647
2018-11-01 01:43:17.720 INFO  org.springframework.boot.web.embedded.tomcat.TomcatWebServer Line:206 - Tomcat started on port(s): 8089 (http) with context path '/security'
2018-11-01 01:43:17.724 INFO  com.lnlr.SecurityApplication Line:59  - Started SecurityApplication in 21.351 seconds (JVM running for 26.068)
2018-11-01 01:44:44.886 INFO  org.springframework.web.servlet.DispatcherServlet Line:494 - FrameworkServlet 'dispatcherServlet': initialization started
2018-11-01 01:44:44.970 INFO  org.springframework.web.servlet.DispatcherServlet Line:509 - FrameworkServlet 'dispatcherServlet': initialization completed in 83 ms
2018-11-01 01:44:45.052 INFO  com.lnlr.common.filter.JwtVerificationFilter Line:55  - 进入JwtFilter
2018-11-01 01:44:46.646 INFO  com.lnlr.common.filter.JwtVerificationFilter Line:55  - 进入JwtFilter
2018-11-01 01:44:46.647 INFO  com.lnlr.common.utils.ExcludePathUtils Line:60  - 该请求:/security/sys/authorizing/unauth 不需要验证
2018-11-01 01:44:46.647 INFO  com.lnlr.common.filter.LoginFilter Line:53  - 进入LoginFilter
2018-11-01 01:44:46.647 INFO  com.lnlr.common.utils.ExcludePathUtils Line:60  - 该请求:/security/sys/authorizing/unauth 不需要验证
2018-11-01 01:44:58.650 INFO  com.lnlr.common.filter.JwtVerificationFilter Line:55  - 进入JwtFilter
2018-11-01 01:44:58.651 INFO  com.lnlr.common.utils.ExcludePathUtils Line:60  - 该请求:/security/sys/authorizing/login 不需要验证
2018-11-01 01:44:58.651 INFO  com.lnlr.common.filter.LoginFilter Line:53  - 进入LoginFilter
2018-11-01 01:44:58.652 INFO  com.lnlr.common.utils.ExcludePathUtils Line:60  - 该请求:/security/sys/authorizing/login 不需要验证
2018-11-01 01:44:58.840 INFO  com.lnlr.security.controller.LoginController Line:67  - IP:192.168.56.1 尝试登录，登录数据:LoginParam(username=cm, password=1234567, rememberMe=true)
2018-11-01 01:45:12.288 INFO  com.lnlr.common.filter.JwtVerificationFilter Line:55  - 进入JwtFilter
2018-11-01 01:45:12.288 INFO  com.lnlr.common.utils.ExcludePathUtils Line:60  - 该请求:/security/sys/authorizing/login 不需要验证
2018-11-01 01:45:12.289 INFO  com.lnlr.common.filter.LoginFilter Line:53  - 进入LoginFilter
2018-11-01 01:45:12.289 INFO  com.lnlr.common.utils.ExcludePathUtils Line:60  - 该请求:/security/sys/authorizing/login 不需要验证
2018-11-01 01:45:12.292 INFO  com.lnlr.security.controller.LoginController Line:67  - IP:192.168.56.1 尝试登录，登录数据:LoginParam(username=cm, password=1234567, rememberMe=true)
2018-11-01 01:45:12.446 INFO  com.lnlr.security.controller.LoginController Line:94  - 登录返回信息：ListResponse [status=200, message=success, dateUtils=LoginResultVO(user=UserVO(id=8, username=cm, realName=黎睿, telphone=18788638847, email=leihfein@gmail.com, deptId=1, status=1, remark=测试), token=bearer eyJ0eXAiOiJKV1QiLCJhbGciOiJIUzI1NiJ9.eyJ1bmlxdWVfbmFtZSI6ImNtIiwibG9naW5Vc2VyIjoiOCIsImlzcyI6ImxubHIiLCJhdWQiOiIwOThmNmJjZDQ2MjFkMzczY2FkZTRlODMyNjI3YjRmNiIsImV4cCI6MTU0MTAyMjMxMiwibmJmIjoxNTQxMDA3OTEyfQ.SieTuJgo_1PDD7bT4C7unsGVSCTNJQW4B-KdfxVrHNo, menus=menus)]
2018-11-01 01:45:22.500 INFO  com.lnlr.common.filter.JwtVerificationFilter Line:55  - 进入JwtFilter
2018-11-01 01:45:22.506 INFO  com.lnlr.common.filter.LoginFilter Line:53  - 进入LoginFilter
2018-11-01 01:45:22.591 INFO  com.lnlr.common.interceptor.HttpInterceptor Line:39  - {请求开始时： 当前url:http://localhost:8089/security/sys/role/page.json,params:{}
2018-11-01 01:45:23.263 INFO  com.lnlr.common.interceptor.HttpInterceptor Line:77  - 请求结束时： 当前请求url:http://localhost:8089/security/sys/role/page.json,花费:670
2018-11-01 01:46:02.327 INFO  com.lnlr.common.filter.JwtVerificationFilter Line:55  - 进入JwtFilter
2018-11-01 01:46:02.330 INFO  com.lnlr.common.filter.LoginFilter Line:53  - 进入LoginFilter
2018-11-01 01:46:02.335 INFO  com.lnlr.common.interceptor.HttpInterceptor Line:39  - {请求开始时： 当前url:http://localhost:8089/security/sys/role/roleTree.json,params:{}
2018-11-01 01:46:04.447 INFO  com.lnlr.common.interceptor.HttpInterceptor Line:77  - 请求结束时： 当前请求url:http://localhost:8089/security/sys/role/roleTree.json,花费:2112
2018-11-01 01:46:44.261 INFO  com.lnlr.common.filter.JwtVerificationFilter Line:55  - 进入JwtFilter
2018-11-01 01:46:44.263 INFO  com.lnlr.common.filter.LoginFilter Line:53  - 进入LoginFilter
2018-11-01 01:46:44.268 INFO  com.lnlr.common.interceptor.HttpInterceptor Line:39  - {请求开始时： 当前url:http://localhost:8089/security/sys/role/roleTree.json,params:{}
2018-11-01 01:46:46.301 INFO  com.lnlr.common.interceptor.HttpInterceptor Line:77  - 请求结束时： 当前请求url:http://localhost:8089/security/sys/role/roleTree.json,花费:2032
2018-11-01 01:47:12.890 INFO  com.lnlr.SecurityApplication Line:50  - Starting SecurityApplication on lnlr with PID 20652 (E:\IDEA_WORK\xzl_work\java-study-component\security\target\classes started by leihf in E:\IDEA_WORK\xzl_work\java-study-component)
2018-11-01 01:47:12.898 INFO  com.lnlr.SecurityApplication Line:658 - The following profiles are active: dev
2018-11-01 01:47:12.977 INFO  org.springframework.boot.web.servlet.context.AnnotationConfigServletWebServerApplicationContext Line:588 - Refreshing org.springframework.boot.web.servlet.context.AnnotationConfigServletWebServerApplicationContext@4212a0c8: startup date [Thu Nov 01 01:47:12 CST 2018]; root of context hierarchy
2018-11-01 01:47:14.568 INFO  org.springframework.context.support.PostProcessorRegistrationDelegate$BeanPostProcessorChecker Line:326 - Bean 'org.springframework.transaction.annotation.ProxyTransactionManagementConfiguration' of type [org.springframework.transaction.annotation.ProxyTransactionManagementConfiguration$$EnhancerBySpringCGLIB$$7070c32e] is not eligible for getting processed by all BeanPostProcessors (for example: not eligible for auto-proxying)
2018-11-01 01:47:15.012 INFO  org.springframework.boot.web.embedded.tomcat.TomcatWebServer Line:91  - Tomcat initialized with port(s): 8089 (http)
2018-11-01 01:47:15.173 INFO  org.springframework.web.context.ContextLoader Line:285 - Root WebApplicationContext: initialization completed in 2197 ms
2018-11-01 01:47:15.627 INFO  org.springframework.orm.jpa.LocalContainerEntityManagerFactoryBean Line:361 - Building JPA container EntityManagerFactory for persistence unit 'MasterPersistenceUnit'
2018-11-01 01:47:19.436 INFO  com.alibaba.druid.pool.DruidDataSource Line:928 - {dataSource-1} inited
2018-11-01 01:47:21.113 INFO  org.springframework.orm.jpa.LocalContainerEntityManagerFactoryBean Line:415 - Initialized JPA EntityManagerFactory for persistence unit 'MasterPersistenceUnit'
2018-11-01 01:47:21.235 INFO  org.springframework.orm.jpa.LocalContainerEntityManagerFactoryBean Line:361 - Building JPA container EntityManagerFactory for persistence unit 'slavePersistenceUnit'
2018-11-01 01:47:24.255 INFO  com.alibaba.druid.pool.DruidDataSource Line:928 - {dataSource-2} inited
2018-11-01 01:47:25.103 INFO  org.springframework.orm.jpa.LocalContainerEntityManagerFactoryBean Line:415 - Initialized JPA EntityManagerFactory for persistence unit 'slavePersistenceUnit'
2018-11-01 01:47:25.343 INFO  com.lnlr.config.redis.RedisConfig Line:29  - redisPool注入地址：127.0.0.1:6379
2018-11-01 01:47:25.529 INFO  org.springframework.boot.web.servlet.FilterRegistrationBean Line:245 - Mapping filter: 'corsFilter' to: [/*]
2018-11-01 01:47:25.529 INFO  org.springframework.boot.web.servlet.FilterRegistrationBean Line:245 - Mapping filter: 'characterEncodingFilter' to: [/*]
2018-11-01 01:47:25.530 INFO  org.springframework.boot.web.servlet.FilterRegistrationBean Line:258 - Mapping filter: 'jwtVerificationFilter' to urls: [/*]
2018-11-01 01:47:25.530 INFO  org.springframework.boot.web.servlet.FilterRegistrationBean Line:258 - Mapping filter: 'loginFilter' to urls: [/*]
2018-11-01 01:47:25.530 INFO  org.springframework.boot.web.servlet.FilterRegistrationBean Line:258 - Mapping filter: 'webStatFilter' to urls: [/*]
2018-11-01 01:47:25.530 INFO  org.springframework.boot.web.servlet.ServletRegistrationBean Line:187 - Servlet statViewServlet mapped to [/leihfei/druid/*]
2018-11-01 01:47:25.532 INFO  org.springframework.boot.web.servlet.ServletRegistrationBean Line:187 - Servlet dispatcherServlet mapped to [/]
2018-11-01 01:47:25.546 INFO  com.lnlr.common.filter.JwtVerificationFilter Line:43  - 初始化Jwt拦截器,生成拦截器url
2018-11-01 01:47:26.374 INFO  com.lnlr.common.filter.LoginFilter Line:41  - 初始化登录拦截器
2018-11-01 01:47:26.918 INFO  com.lnlr.WebConfig Line:70  - 配置过滤器，并且配置过滤器放过url
2018-11-01 01:47:26.997 INFO  org.springframework.web.servlet.mvc.method.annotation.RequestMappingHandlerMapping Line:549 - Mapped "{[/error],methods=[POST]}" onto public com.lnlr.common.response.Response com.lnlr.security.controller.ErrorController.error()
2018-11-01 01:47:27.000 INFO  org.springframework.web.servlet.mvc.method.annotation.RequestMappingHandlerMapping Line:549 - Mapped "{[/sys/authorizing/flush],methods=[GET]}" onto public com.lnlr.common.response.Response com.lnlr.security.controller.LoginController.flush()
2018-11-01 01:47:27.003 INFO  org.springframework.web.servlet.mvc.method.annotation.RequestMappingHandlerMapping Line:549 - Mapped "{[/sys/authorizing/login],methods=[POST]}" onto public com.lnlr.common.response.Response com.lnlr.security.controller.LoginController.login(com.lnlr.security.pojo.master.param.LoginParam,javax.servlet.http.HttpServletRequest)
2018-11-01 01:47:27.003 INFO  org.springframework.web.servlet.mvc.method.annotation.RequestMappingHandlerMapping Line:549 - Mapped "{[/sys/authorizing/logout],methods=[GET]}" onto public com.lnlr.common.response.Response com.lnlr.security.controller.LoginController.logout()
2018-11-01 01:47:27.004 INFO  org.springframework.web.servlet.mvc.method.annotation.RequestMappingHandlerMapping Line:549 - Mapped "{[/sys/authorizing/unauth],methods=[GET]}" onto public com.lnlr.common.response.Response com.lnlr.security.controller.LoginController.unauth()
2018-11-01 01:47:27.004 INFO  org.springframework.web.servlet.mvc.method.annotation.RequestMappingHandlerMapping Line:549 - Mapped "{[/sys/authorizing/unauthorized],methods=[GET]}" onto public com.lnlr.common.response.Response com.lnlr.security.controller.LoginController.unauthorized()
2018-11-01 01:47:27.005 INFO  org.springframework.web.servlet.mvc.method.annotation.RequestMappingHandlerMapping Line:549 - Mapped "{[/sys/authorizing/create_tokem],methods=[GET]}" onto public com.lnlr.common.response.Response com.lnlr.security.controller.LoginController.create_tokem(javax.servlet.http.HttpServletRequest)
2018-11-01 01:47:27.007 INFO  org.springframework.web.servlet.mvc.method.annotation.RequestMappingHandlerMapping Line:549 - Mapped "{[/sys/acl/update.json],methods=[POST]}" onto public com.lnlr.common.response.Response com.lnlr.security.controller.SysAclController.update(com.lnlr.security.pojo.master.dto.AclParam)
2018-11-01 01:47:27.007 INFO  org.springframework.web.servlet.mvc.method.annotation.RequestMappingHandlerMapping Line:549 - Mapped "{[/sys/acl/delete.json],methods=[POST]}" onto public com.lnlr.common.response.Response com.lnlr.security.controller.SysAclController.delete(com.lnlr.common.entity.IdEntity)
2018-11-01 01:47:27.008 INFO  org.springframework.web.servlet.mvc.method.annotation.RequestMappingHandlerMapping Line:549 - Mapped "{[/sys/acl/create.json],methods=[POST]}" onto public com.lnlr.common.response.Response com.lnlr.security.controller.SysAclController.create(com.lnlr.security.pojo.master.dto.AclParam)
2018-11-01 01:47:27.008 INFO  org.springframework.web.servlet.mvc.method.annotation.RequestMappingHandlerMapping Line:549 - Mapped "{[/sys/acl/page.json],methods=[POST]}" onto public com.lnlr.common.response.Response com.lnlr.security.controller.SysAclController.page(com.lnlr.common.jpa.model.NgPager)
2018-11-01 01:47:27.010 INFO  org.springframework.web.servlet.mvc.method.annotation.RequestMappingHandlerMapping Line:549 - Mapped "{[/sys/aclModule/update.json],methods=[POST]}" onto public com.lnlr.common.response.Response com.lnlr.security.controller.SysAclModuleController.update(com.lnlr.security.pojo.master.dto.AclModuleParam)
2018-11-01 01:47:27.011 INFO  org.springframework.web.servlet.mvc.method.annotation.RequestMappingHandlerMapping Line:549 - Mapped "{[/sys/aclModule/delete.json],methods=[POST]}" onto public com.lnlr.common.response.Response com.lnlr.security.controller.SysAclModuleController.delete(com.lnlr.common.entity.IdEntity)
2018-11-01 01:47:27.011 INFO  org.springframework.web.servlet.mvc.method.annotation.RequestMappingHandlerMapping Line:549 - Mapped "{[/sys/aclModule/create.json],methods=[POST]}" onto public com.lnlr.common.response.Response com.lnlr.security.controller.SysAclModuleController.create(com.lnlr.security.pojo.master.dto.AclModuleParam)
2018-11-01 01:47:27.012 INFO  org.springframework.web.servlet.mvc.method.annotation.RequestMappingHandlerMapping Line:549 - Mapped "{[/sys/aclModule/tree.json],methods=[GET]}" onto public com.lnlr.common.response.Response com.lnlr.security.controller.SysAclModuleController.tree()
2018-11-01 01:47:27.012 INFO  org.springframework.web.servlet.mvc.method.annotation.RequestMappingHandlerMapping Line:549 - Mapped "{[/sys/aclModule/page.json],methods=[POST]}" onto public com.lnlr.common.response.Response com.lnlr.security.controller.SysAclModuleController.page(com.lnlr.common.jpa.model.NgPager)
2018-11-01 01:47:27.015 INFO  org.springframework.web.servlet.mvc.method.annotation.RequestMappingHandlerMapping Line:549 - Mapped "{[/sys/dept/update.json],methods=[POST]}" onto public com.lnlr.common.response.Response com.lnlr.security.controller.SysDeptController.update(com.lnlr.security.pojo.master.dto.DeptParam)
2018-11-01 01:47:27.016 INFO  org.springframework.web.servlet.mvc.method.annotation.RequestMappingHandlerMapping Line:549 - Mapped "{[/sys/dept/delete.json],methods=[POST]}" onto public com.lnlr.common.response.Response com.lnlr.security.controller.SysDeptController.delete(com.lnlr.common.entity.IdEntity)
2018-11-01 01:47:27.016 INFO  org.springframework.web.servlet.mvc.method.annotation.RequestMappingHandlerMapping Line:549 - Mapped "{[/sys/dept/create.json],methods=[POST]}" onto public com.lnlr.common.response.Response com.lnlr.security.controller.SysDeptController.create(com.lnlr.security.pojo.master.dto.DeptParam)
2018-11-01 01:47:27.017 INFO  org.springframework.web.servlet.mvc.method.annotation.RequestMappingHandlerMapping Line:549 - Mapped "{[/sys/dept/tree.json],methods=[GET]}" onto public com.lnlr.common.response.Response com.lnlr.security.controller.SysDeptController.tree()
2018-11-01 01:47:27.017 INFO  org.springframework.web.servlet.mvc.method.annotation.RequestMappingHandlerMapping Line:549 - Mapped "{[/sys/dept/page.json],methods=[POST]}" onto public com.lnlr.common.response.Response com.lnlr.security.controller.SysDeptController.page(com.lnlr.common.jpa.model.NgPager)
2018-11-01 01:47:27.021 INFO  org.springframework.web.servlet.mvc.method.annotation.RequestMappingHandlerMapping Line:549 - Mapped "{[/sys/role/update.json],methods=[POST]}" onto public com.lnlr.common.response.Response com.lnlr.security.controller.SysRoleController.update(com.lnlr.security.pojo.master.dto.RoleParam)
2018-11-01 01:47:27.022 INFO  org.springframework.web.servlet.mvc.method.annotation.RequestMappingHandlerMapping Line:549 - Mapped "{[/sys/role/delete.json],methods=[POST]}" onto public com.lnlr.common.response.Response com.lnlr.security.controller.SysRoleController.delete(com.lnlr.common.entity.IdEntity)
2018-11-01 01:47:27.022 INFO  org.springframework.web.servlet.mvc.method.annotation.RequestMappingHandlerMapping Line:549 - Mapped "{[/sys/role/create.json],methods=[POST]}" onto public com.lnlr.common.response.Response com.lnlr.security.controller.SysRoleController.create(com.lnlr.security.pojo.master.dto.RoleParam)
2018-11-01 01:47:27.022 INFO  org.springframework.web.servlet.mvc.method.annotation.RequestMappingHandlerMapping Line:549 - Mapped "{[/sys/role/list.json],methods=[POST]}" onto public com.lnlr.common.response.Response com.lnlr.security.controller.SysRoleController.list()
2018-11-01 01:47:27.023 INFO  org.springframework.web.servlet.mvc.method.annotation.RequestMappingHandlerMapping Line:549 - Mapped "{[/sys/role/page.json],methods=[POST]}" onto public com.lnlr.common.response.Response com.lnlr.security.controller.SysRoleController.page(com.lnlr.common.jpa.model.NgPager)
2018-11-01 01:47:27.023 INFO  org.springframework.web.servlet.mvc.method.annotation.RequestMappingHandlerMapping Line:549 - Mapped "{[/sys/role/roleTree.json],methods=[POST]}" onto public com.lnlr.common.response.Response com.lnlr.security.controller.SysRoleController.roleTree(com.lnlr.common.entity.IdEntity)
2018-11-01 01:47:27.025 INFO  org.springframework.web.servlet.mvc.method.annotation.RequestMappingHandlerMapping Line:549 - Mapped "{[/sys/user/update.json],methods=[POST]}" onto public com.lnlr.common.response.Response com.lnlr.security.controller.SysUserController.update(com.lnlr.security.pojo.master.dto.UserParam)
2018-11-01 01:47:27.025 INFO  org.springframework.web.servlet.mvc.method.annotation.RequestMappingHandlerMapping Line:549 - Mapped "{[/sys/user/create.json],methods=[POST]}" onto public com.lnlr.common.response.Response com.lnlr.security.controller.SysUserController.create(com.lnlr.security.pojo.master.dto.UserParam)
2018-11-01 01:47:27.025 INFO  org.springframework.web.servlet.mvc.method.annotation.RequestMappingHandlerMapping Line:549 - Mapped "{[/sys/user/test.json],methods=[GET]}" onto public com.lnlr.common.response.Response com.lnlr.security.controller.SysUserController.test(javax.servlet.http.HttpServletResponse) throws java.io.IOException
2018-11-01 01:47:27.026 INFO  org.springframework.web.servlet.mvc.method.annotation.RequestMappingHandlerMapping Line:549 - Mapped "{[/sys/user/page.json],methods=[POST]}" onto public com.lnlr.common.response.Response com.lnlr.security.controller.SysUserController.page(com.lnlr.common.jpa.model.NgPager)
2018-11-01 01:47:27.026 INFO  org.springframework.web.servlet.mvc.method.annotation.RequestMappingHandlerMapping Line:549 - Mapped "{[/sys/user/acls.json],methods=[POST]}" onto public com.lnlr.common.response.Response com.lnlr.security.controller.SysUserController.acls(com.lnlr.common.entity.IdEntity)
2018-11-01 01:47:27.026 INFO  org.springframework.web.servlet.mvc.method.annotation.RequestMappingHandlerMapping Line:549 - Mapped "{[/sys/user/checkPass.json],methods=[POST]}" onto public com.lnlr.common.response.Response com.lnlr.security.controller.SysUserController.checkPass(com.lnlr.security.pojo.master.dto.CheckPassParam)
2018-11-01 01:47:27.027 INFO  org.springframework.web.servlet.mvc.method.annotation.RequestMappingHandlerMapping Line:549 - Mapped "{[/sys/user/updatePass.json],methods=[POST]}" onto public com.lnlr.common.response.Response com.lnlr.security.controller.SysUserController.updatePass(com.lnlr.security.pojo.master.dto.CheckPassParam)
2018-11-01 01:47:27.030 INFO  org.springframework.web.servlet.mvc.method.annotation.RequestMappingHandlerMapping Line:549 - Mapped "{[/swagger-resources/configuration/security]}" onto public org.springframework.http.ResponseEntity<springfox.documentation.swagger.web.SecurityConfiguration> springfox.documentation.swagger.web.ApiResourceController.securityConfiguration()
2018-11-01 01:47:27.031 INFO  org.springframework.web.servlet.mvc.method.annotation.RequestMappingHandlerMapping Line:549 - Mapped "{[/swagger-resources]}" onto public org.springframework.http.ResponseEntity<java.util.List<springfox.documentation.swagger.web.SwaggerResource>> springfox.documentation.swagger.web.ApiResourceController.swaggerResources()
2018-11-01 01:47:27.032 INFO  org.springframework.web.servlet.mvc.method.annotation.RequestMappingHandlerMapping Line:549 - Mapped "{[/swagger-resources/configuration/ui]}" onto public org.springframework.http.ResponseEntity<springfox.documentation.swagger.web.UiConfiguration> springfox.documentation.swagger.web.ApiResourceController.uiConfiguration()
2018-11-01 01:47:27.036 INFO  org.springframework.web.servlet.mvc.method.annotation.RequestMappingHandlerMapping Line:549 - Mapped "{[/error]}" onto public org.springframework.http.ResponseEntity<java.util.Map<java.lang.String, java.lang.Object>> org.springframework.boot.autoconfigure.web.servlet.error.BasicErrorController.error(javax.servlet.http.HttpServletRequest)
2018-11-01 01:47:27.037 INFO  org.springframework.web.servlet.mvc.method.annotation.RequestMappingHandlerMapping Line:549 - Mapped "{[/error],produces=[text/html]}" onto public org.springframework.web.servlet.ModelAndView org.springframework.boot.autoconfigure.web.servlet.error.BasicErrorController.errorHtml(javax.servlet.http.HttpServletRequest,javax.servlet.http.HttpServletResponse)
2018-11-01 01:47:27.267 INFO  org.springframework.web.servlet.handler.SimpleUrlHandlerMapping Line:373 - Mapped URL path [/swagger-ui.html] onto handler of type [class org.springframework.web.servlet.resource.ResourceHttpRequestHandler]
2018-11-01 01:47:27.268 INFO  org.springframework.web.servlet.handler.SimpleUrlHandlerMapping Line:373 - Mapped URL path [/webjars/**] onto handler of type [class org.springframework.web.servlet.resource.ResourceHttpRequestHandler]
2018-11-01 01:47:27.400 INFO  org.springframework.web.servlet.mvc.method.annotation.RequestMappingHandlerAdapter Line:588 - Looking for @ControllerAdvice: org.springframework.boot.web.servlet.context.AnnotationConfigServletWebServerApplicationContext@4212a0c8: startup date [Thu Nov 01 01:47:12 CST 2018]; root of context hierarchy
2018-11-01 01:47:27.717 INFO  org.springframework.web.servlet.mvc.method.annotation.ExceptionHandlerExceptionResolver Line:288 - Detected @ExceptionHandler methods in exceptionAdvice
2018-11-01 01:47:28.087 INFO  org.springframework.jmx.export.annotation.AnnotationMBeanExporter Line:433 - Registering beans for JMX exposure on startup
2018-11-01 01:47:28.088 INFO  org.springframework.jmx.export.annotation.AnnotationMBeanExporter Line:895 - Bean with name 'masterDataSource' has been autodetected for JMX exposure
2018-11-01 01:47:28.089 INFO  org.springframework.jmx.export.annotation.AnnotationMBeanExporter Line:895 - Bean with name 'slaveDataSource' has been autodetected for JMX exposure
2018-11-01 01:47:28.096 INFO  org.springframework.jmx.export.annotation.AnnotationMBeanExporter Line:668 - Located MBean 'masterDataSource': registering with JMX server as MBean [com.alibaba.druid.pool:name=masterDataSource,type=DruidDataSource]
2018-11-01 01:47:28.098 INFO  org.springframework.jmx.export.annotation.AnnotationMBeanExporter Line:668 - Located MBean 'slaveDataSource': registering with JMX server as MBean [com.alibaba.druid.pool:name=slaveDataSource,type=DruidDataSource]
2018-11-01 01:47:28.103 INFO  org.springframework.context.support.DefaultLifecycleProcessor Line:356 - Starting beans in phase 2147483647
2018-11-01 01:47:28.466 INFO  org.springframework.boot.web.embedded.tomcat.TomcatWebServer Line:206 - Tomcat started on port(s): 8089 (http) with context path '/security'
2018-11-01 01:47:28.470 INFO  com.lnlr.SecurityApplication Line:59  - Started SecurityApplication in 16.933 seconds (JVM running for 19.142)
2018-11-01 01:48:50.764 INFO  org.springframework.web.servlet.DispatcherServlet Line:494 - FrameworkServlet 'dispatcherServlet': initialization started
2018-11-01 01:48:50.798 INFO  org.springframework.web.servlet.DispatcherServlet Line:509 - FrameworkServlet 'dispatcherServlet': initialization completed in 33 ms
2018-11-01 01:48:50.817 INFO  com.lnlr.common.filter.JwtVerificationFilter Line:55  - 进入JwtFilter
2018-11-01 01:48:51.144 INFO  com.lnlr.common.filter.LoginFilter Line:53  - 进入LoginFilter
2018-11-01 01:48:51.188 INFO  com.lnlr.common.interceptor.HttpInterceptor Line:39  - {请求开始时： 当前url:http://localhost:8089/security/sys/role/roleTree.json,params:{}
2018-11-01 01:48:53.198 INFO  com.lnlr.common.interceptor.HttpInterceptor Line:77  - 请求结束时： 当前请求url:http://localhost:8089/security/sys/role/roleTree.json,花费:2010
2018-11-01 01:50:56.688 INFO  com.lnlr.SecurityApplication Line:50  - Starting SecurityApplication on lnlr with PID 21316 (E:\IDEA_WORK\xzl_work\java-study-component\security\target\classes started by leihf in E:\IDEA_WORK\xzl_work\java-study-component)
2018-11-01 01:50:56.695 INFO  com.lnlr.SecurityApplication Line:658 - The following profiles are active: dev
2018-11-01 01:50:56.812 INFO  org.springframework.boot.web.servlet.context.AnnotationConfigServletWebServerApplicationContext Line:588 - Refreshing org.springframework.boot.web.servlet.context.AnnotationConfigServletWebServerApplicationContext@6b3e12b5: startup date [Thu Nov 01 01:50:56 CST 2018]; root of context hierarchy
2018-11-01 01:50:58.502 INFO  org.springframework.context.support.PostProcessorRegistrationDelegate$BeanPostProcessorChecker Line:326 - Bean 'org.springframework.transaction.annotation.ProxyTransactionManagementConfiguration' of type [org.springframework.transaction.annotation.ProxyTransactionManagementConfiguration$$EnhancerBySpringCGLIB$$51772d86] is not eligible for getting processed by all BeanPostProcessors (for example: not eligible for auto-proxying)
2018-11-01 01:50:58.966 INFO  org.springframework.boot.web.embedded.tomcat.TomcatWebServer Line:91  - Tomcat initialized with port(s): 8089 (http)
2018-11-01 01:50:59.174 INFO  org.springframework.web.context.ContextLoader Line:285 - Root WebApplicationContext: initialization completed in 2363 ms
2018-11-01 01:50:59.641 INFO  org.springframework.orm.jpa.LocalContainerEntityManagerFactoryBean Line:361 - Building JPA container EntityManagerFactory for persistence unit 'MasterPersistenceUnit'
2018-11-01 01:51:03.162 INFO  com.alibaba.druid.pool.DruidDataSource Line:928 - {dataSource-1} inited
2018-11-01 01:51:04.700 INFO  org.springframework.orm.jpa.LocalContainerEntityManagerFactoryBean Line:415 - Initialized JPA EntityManagerFactory for persistence unit 'MasterPersistenceUnit'
2018-11-01 01:51:04.774 INFO  org.springframework.orm.jpa.LocalContainerEntityManagerFactoryBean Line:361 - Building JPA container EntityManagerFactory for persistence unit 'slavePersistenceUnit'
2018-11-01 01:51:07.950 INFO  com.alibaba.druid.pool.DruidDataSource Line:928 - {dataSource-2} inited
2018-11-01 01:51:08.903 INFO  org.springframework.orm.jpa.LocalContainerEntityManagerFactoryBean Line:415 - Initialized JPA EntityManagerFactory for persistence unit 'slavePersistenceUnit'
2018-11-01 01:51:09.151 INFO  com.lnlr.config.redis.RedisConfig Line:29  - redisPool注入地址：127.0.0.1:6379
2018-11-01 01:51:09.337 INFO  org.springframework.boot.web.servlet.FilterRegistrationBean Line:245 - Mapping filter: 'corsFilter' to: [/*]
2018-11-01 01:51:09.338 INFO  org.springframework.boot.web.servlet.FilterRegistrationBean Line:245 - Mapping filter: 'characterEncodingFilter' to: [/*]
2018-11-01 01:51:09.338 INFO  org.springframework.boot.web.servlet.FilterRegistrationBean Line:258 - Mapping filter: 'jwtVerificationFilter' to urls: [/*]
2018-11-01 01:51:09.338 INFO  org.springframework.boot.web.servlet.FilterRegistrationBean Line:258 - Mapping filter: 'loginFilter' to urls: [/*]
2018-11-01 01:51:09.338 INFO  org.springframework.boot.web.servlet.FilterRegistrationBean Line:258 - Mapping filter: 'webStatFilter' to urls: [/*]
2018-11-01 01:51:09.338 INFO  org.springframework.boot.web.servlet.ServletRegistrationBean Line:187 - Servlet statViewServlet mapped to [/leihfei/druid/*]
2018-11-01 01:51:09.339 INFO  org.springframework.boot.web.servlet.ServletRegistrationBean Line:187 - Servlet dispatcherServlet mapped to [/]
2018-11-01 01:51:09.353 INFO  com.lnlr.common.filter.JwtVerificationFilter Line:43  - 初始化Jwt拦截器,生成拦截器url
2018-11-01 01:51:10.109 INFO  com.lnlr.common.filter.LoginFilter Line:41  - 初始化登录拦截器
2018-11-01 01:51:10.636 INFO  com.lnlr.WebConfig Line:70  - 配置过滤器，并且配置过滤器放过url
2018-11-01 01:51:10.721 INFO  org.springframework.web.servlet.mvc.method.annotation.RequestMappingHandlerMapping Line:549 - Mapped "{[/error],methods=[POST]}" onto public com.lnlr.common.response.Response com.lnlr.security.controller.ErrorController.error()
2018-11-01 01:51:10.724 INFO  org.springframework.web.servlet.mvc.method.annotation.RequestMappingHandlerMapping Line:549 - Mapped "{[/sys/authorizing/flush],methods=[GET]}" onto public com.lnlr.common.response.Response com.lnlr.security.controller.LoginController.flush()
2018-11-01 01:51:10.724 INFO  org.springframework.web.servlet.mvc.method.annotation.RequestMappingHandlerMapping Line:549 - Mapped "{[/sys/authorizing/unauth],methods=[GET]}" onto public com.lnlr.common.response.Response com.lnlr.security.controller.LoginController.unauth()
2018-11-01 01:51:10.724 INFO  org.springframework.web.servlet.mvc.method.annotation.RequestMappingHandlerMapping Line:549 - Mapped "{[/sys/authorizing/logout],methods=[GET]}" onto public com.lnlr.common.response.Response com.lnlr.security.controller.LoginController.logout()
2018-11-01 01:51:10.726 INFO  org.springframework.web.servlet.mvc.method.annotation.RequestMappingHandlerMapping Line:549 - Mapped "{[/sys/authorizing/unauthorized],methods=[GET]}" onto public com.lnlr.common.response.Response com.lnlr.security.controller.LoginController.unauthorized()
2018-11-01 01:51:10.728 INFO  org.springframework.web.servlet.mvc.method.annotation.RequestMappingHandlerMapping Line:549 - Mapped "{[/sys/authorizing/create_tokem],methods=[GET]}" onto public com.lnlr.common.response.Response com.lnlr.security.controller.LoginController.create_tokem(javax.servlet.http.HttpServletRequest)
2018-11-01 01:51:10.728 INFO  org.springframework.web.servlet.mvc.method.annotation.RequestMappingHandlerMapping Line:549 - Mapped "{[/sys/authorizing/login],methods=[POST]}" onto public com.lnlr.common.response.Response com.lnlr.security.controller.LoginController.login(com.lnlr.security.pojo.master.param.LoginParam,javax.servlet.http.HttpServletRequest)
2018-11-01 01:51:10.730 INFO  org.springframework.web.servlet.mvc.method.annotation.RequestMappingHandlerMapping Line:549 - Mapped "{[/sys/acl/update.json],methods=[POST]}" onto public com.lnlr.common.response.Response com.lnlr.security.controller.SysAclController.update(com.lnlr.security.pojo.master.dto.AclParam)
2018-11-01 01:51:10.730 INFO  org.springframework.web.servlet.mvc.method.annotation.RequestMappingHandlerMapping Line:549 - Mapped "{[/sys/acl/delete.json],methods=[POST]}" onto public com.lnlr.common.response.Response com.lnlr.security.controller.SysAclController.delete(com.lnlr.common.entity.IdEntity)
2018-11-01 01:51:10.731 INFO  org.springframework.web.servlet.mvc.method.annotation.RequestMappingHandlerMapping Line:549 - Mapped "{[/sys/acl/create.json],methods=[POST]}" onto public com.lnlr.common.response.Response com.lnlr.security.controller.SysAclController.create(com.lnlr.security.pojo.master.dto.AclParam)
2018-11-01 01:51:10.732 INFO  org.springframework.web.servlet.mvc.method.annotation.RequestMappingHandlerMapping Line:549 - Mapped "{[/sys/acl/page.json],methods=[POST]}" onto public com.lnlr.common.response.Response com.lnlr.security.controller.SysAclController.page(com.lnlr.common.jpa.model.NgPager)
2018-11-01 01:51:10.733 INFO  org.springframework.web.servlet.mvc.method.annotation.RequestMappingHandlerMapping Line:549 - Mapped "{[/sys/aclModule/update.json],methods=[POST]}" onto public com.lnlr.common.response.Response com.lnlr.security.controller.SysAclModuleController.update(com.lnlr.security.pojo.master.dto.AclModuleParam)
2018-11-01 01:51:10.734 INFO  org.springframework.web.servlet.mvc.method.annotation.RequestMappingHandlerMapping Line:549 - Mapped "{[/sys/aclModule/delete.json],methods=[POST]}" onto public com.lnlr.common.response.Response com.lnlr.security.controller.SysAclModuleController.delete(com.lnlr.common.entity.IdEntity)
2018-11-01 01:51:10.734 INFO  org.springframework.web.servlet.mvc.method.annotation.RequestMappingHandlerMapping Line:549 - Mapped "{[/sys/aclModule/create.json],methods=[POST]}" onto public com.lnlr.common.response.Response com.lnlr.security.controller.SysAclModuleController.create(com.lnlr.security.pojo.master.dto.AclModuleParam)
2018-11-01 01:51:10.735 INFO  org.springframework.web.servlet.mvc.method.annotation.RequestMappingHandlerMapping Line:549 - Mapped "{[/sys/aclModule/tree.json],methods=[GET]}" onto public com.lnlr.common.response.Response com.lnlr.security.controller.SysAclModuleController.tree()
2018-11-01 01:51:10.735 INFO  org.springframework.web.servlet.mvc.method.annotation.RequestMappingHandlerMapping Line:549 - Mapped "{[/sys/aclModule/page.json],methods=[POST]}" onto public com.lnlr.common.response.Response com.lnlr.security.controller.SysAclModuleController.page(com.lnlr.common.jpa.model.NgPager)
2018-11-01 01:51:10.740 INFO  org.springframework.web.servlet.mvc.method.annotation.RequestMappingHandlerMapping Line:549 - Mapped "{[/sys/dept/update.json],methods=[POST]}" onto public com.lnlr.common.response.Response com.lnlr.security.controller.SysDeptController.update(com.lnlr.security.pojo.master.dto.DeptParam)
2018-11-01 01:51:10.742 INFO  org.springframework.web.servlet.mvc.method.annotation.RequestMappingHandlerMapping Line:549 - Mapped "{[/sys/dept/delete.json],methods=[POST]}" onto public com.lnlr.common.response.Response com.lnlr.security.controller.SysDeptController.delete(com.lnlr.common.entity.IdEntity)
2018-11-01 01:51:10.742 INFO  org.springframework.web.servlet.mvc.method.annotation.RequestMappingHandlerMapping Line:549 - Mapped "{[/sys/dept/create.json],methods=[POST]}" onto public com.lnlr.common.response.Response com.lnlr.security.controller.SysDeptController.create(com.lnlr.security.pojo.master.dto.DeptParam)
2018-11-01 01:51:10.743 INFO  org.springframework.web.servlet.mvc.method.annotation.RequestMappingHandlerMapping Line:549 - Mapped "{[/sys/dept/tree.json],methods=[GET]}" onto public com.lnlr.common.response.Response com.lnlr.security.controller.SysDeptController.tree()
2018-11-01 01:51:10.743 INFO  org.springframework.web.servlet.mvc.method.annotation.RequestMappingHandlerMapping Line:549 - Mapped "{[/sys/dept/page.json],methods=[POST]}" onto public com.lnlr.common.response.Response com.lnlr.security.controller.SysDeptController.page(com.lnlr.common.jpa.model.NgPager)
2018-11-01 01:51:10.747 INFO  org.springframework.web.servlet.mvc.method.annotation.RequestMappingHandlerMapping Line:549 - Mapped "{[/sys/role/update.json],methods=[POST]}" onto public com.lnlr.common.response.Response com.lnlr.security.controller.SysRoleController.update(com.lnlr.security.pojo.master.dto.RoleParam)
2018-11-01 01:51:10.748 INFO  org.springframework.web.servlet.mvc.method.annotation.RequestMappingHandlerMapping Line:549 - Mapped "{[/sys/role/delete.json],methods=[POST]}" onto public com.lnlr.common.response.Response com.lnlr.security.controller.SysRoleController.delete(com.lnlr.common.entity.IdEntity)
2018-11-01 01:51:10.749 INFO  org.springframework.web.servlet.mvc.method.annotation.RequestMappingHandlerMapping Line:549 - Mapped "{[/sys/role/create.json],methods=[POST]}" onto public com.lnlr.common.response.Response com.lnlr.security.controller.SysRoleController.create(com.lnlr.security.pojo.master.dto.RoleParam)
2018-11-01 01:51:10.749 INFO  org.springframework.web.servlet.mvc.method.annotation.RequestMappingHandlerMapping Line:549 - Mapped "{[/sys/role/list.json],methods=[POST]}" onto public com.lnlr.common.response.Response com.lnlr.security.controller.SysRoleController.list()
2018-11-01 01:51:10.749 INFO  org.springframework.web.servlet.mvc.method.annotation.RequestMappingHandlerMapping Line:549 - Mapped "{[/sys/role/page.json],methods=[POST]}" onto public com.lnlr.common.response.Response com.lnlr.security.controller.SysRoleController.page(com.lnlr.common.jpa.model.NgPager)
2018-11-01 01:51:10.750 INFO  org.springframework.web.servlet.mvc.method.annotation.RequestMappingHandlerMapping Line:549 - Mapped "{[/sys/role/roleTree.json],methods=[POST]}" onto public com.lnlr.common.response.Response com.lnlr.security.controller.SysRoleController.roleTree(com.lnlr.common.entity.IdEntity)
2018-11-01 01:51:10.751 INFO  org.springframework.web.servlet.mvc.method.annotation.RequestMappingHandlerMapping Line:549 - Mapped "{[/sys/user/update.json],methods=[POST]}" onto public com.lnlr.common.response.Response com.lnlr.security.controller.SysUserController.update(com.lnlr.security.pojo.master.dto.UserParam)
2018-11-01 01:51:10.752 INFO  org.springframework.web.servlet.mvc.method.annotation.RequestMappingHandlerMapping Line:549 - Mapped "{[/sys/user/create.json],methods=[POST]}" onto public com.lnlr.common.response.Response com.lnlr.security.controller.SysUserController.create(com.lnlr.security.pojo.master.dto.UserParam)
2018-11-01 01:51:10.752 INFO  org.springframework.web.servlet.mvc.method.annotation.RequestMappingHandlerMapping Line:549 - Mapped "{[/sys/user/test.json],methods=[GET]}" onto public com.lnlr.common.response.Response com.lnlr.security.controller.SysUserController.test(javax.servlet.http.HttpServletResponse) throws java.io.IOException
2018-11-01 01:51:10.753 INFO  org.springframework.web.servlet.mvc.method.annotation.RequestMappingHandlerMapping Line:549 - Mapped "{[/sys/user/acls.json],methods=[POST]}" onto public com.lnlr.common.response.Response com.lnlr.security.controller.SysUserController.acls(com.lnlr.common.entity.IdEntity)
2018-11-01 01:51:10.753 INFO  org.springframework.web.servlet.mvc.method.annotation.RequestMappingHandlerMapping Line:549 - Mapped "{[/sys/user/page.json],methods=[POST]}" onto public com.lnlr.common.response.Response com.lnlr.security.controller.SysUserController.page(com.lnlr.common.jpa.model.NgPager)
2018-11-01 01:51:10.754 INFO  org.springframework.web.servlet.mvc.method.annotation.RequestMappingHandlerMapping Line:549 - Mapped "{[/sys/user/updatePass.json],methods=[POST]}" onto public com.lnlr.common.response.Response com.lnlr.security.controller.SysUserController.updatePass(com.lnlr.security.pojo.master.dto.CheckPassParam)
2018-11-01 01:51:10.754 INFO  org.springframework.web.servlet.mvc.method.annotation.RequestMappingHandlerMapping Line:549 - Mapped "{[/sys/user/checkPass.json],methods=[POST]}" onto public com.lnlr.common.response.Response com.lnlr.security.controller.SysUserController.checkPass(com.lnlr.security.pojo.master.dto.CheckPassParam)
2018-11-01 01:51:10.758 INFO  org.springframework.web.servlet.mvc.method.annotation.RequestMappingHandlerMapping Line:549 - Mapped "{[/swagger-resources/configuration/security]}" onto public org.springframework.http.ResponseEntity<springfox.documentation.swagger.web.SecurityConfiguration> springfox.documentation.swagger.web.ApiResourceController.securityConfiguration()
2018-11-01 01:51:10.759 INFO  org.springframework.web.servlet.mvc.method.annotation.RequestMappingHandlerMapping Line:549 - Mapped "{[/swagger-resources]}" onto public org.springframework.http.ResponseEntity<java.util.List<springfox.documentation.swagger.web.SwaggerResource>> springfox.documentation.swagger.web.ApiResourceController.swaggerResources()
2018-11-01 01:51:10.760 INFO  org.springframework.web.servlet.mvc.method.annotation.RequestMappingHandlerMapping Line:549 - Mapped "{[/swagger-resources/configuration/ui]}" onto public org.springframework.http.ResponseEntity<springfox.documentation.swagger.web.UiConfiguration> springfox.documentation.swagger.web.ApiResourceController.uiConfiguration()
2018-11-01 01:51:10.764 INFO  org.springframework.web.servlet.mvc.method.annotation.RequestMappingHandlerMapping Line:549 - Mapped "{[/error]}" onto public org.springframework.http.ResponseEntity<java.util.Map<java.lang.String, java.lang.Object>> org.springframework.boot.autoconfigure.web.servlet.error.BasicErrorController.error(javax.servlet.http.HttpServletRequest)
2018-11-01 01:51:10.764 INFO  org.springframework.web.servlet.mvc.method.annotation.RequestMappingHandlerMapping Line:549 - Mapped "{[/error],produces=[text/html]}" onto public org.springframework.web.servlet.ModelAndView org.springframework.boot.autoconfigure.web.servlet.error.BasicErrorController.errorHtml(javax.servlet.http.HttpServletRequest,javax.servlet.http.HttpServletResponse)
2018-11-01 01:51:11.024 INFO  org.springframework.web.servlet.handler.SimpleUrlHandlerMapping Line:373 - Mapped URL path [/swagger-ui.html] onto handler of type [class org.springframework.web.servlet.resource.ResourceHttpRequestHandler]
2018-11-01 01:51:11.024 INFO  org.springframework.web.servlet.handler.SimpleUrlHandlerMapping Line:373 - Mapped URL path [/webjars/**] onto handler of type [class org.springframework.web.servlet.resource.ResourceHttpRequestHandler]
2018-11-01 01:51:11.151 INFO  org.springframework.web.servlet.mvc.method.annotation.RequestMappingHandlerAdapter Line:588 - Looking for @ControllerAdvice: org.springframework.boot.web.servlet.context.AnnotationConfigServletWebServerApplicationContext@6b3e12b5: startup date [Thu Nov 01 01:50:56 CST 2018]; root of context hierarchy
2018-11-01 01:51:11.410 INFO  org.springframework.web.servlet.mvc.method.annotation.ExceptionHandlerExceptionResolver Line:288 - Detected @ExceptionHandler methods in exceptionAdvice
2018-11-01 01:51:11.777 INFO  org.springframework.jmx.export.annotation.AnnotationMBeanExporter Line:433 - Registering beans for JMX exposure on startup
2018-11-01 01:51:11.779 INFO  org.springframework.jmx.export.annotation.AnnotationMBeanExporter Line:895 - Bean with name 'masterDataSource' has been autodetected for JMX exposure
2018-11-01 01:51:11.779 INFO  org.springframework.jmx.export.annotation.AnnotationMBeanExporter Line:895 - Bean with name 'slaveDataSource' has been autodetected for JMX exposure
2018-11-01 01:51:11.787 INFO  org.springframework.jmx.export.annotation.AnnotationMBeanExporter Line:668 - Located MBean 'masterDataSource': registering with JMX server as MBean [com.alibaba.druid.pool:name=masterDataSource,type=DruidDataSource]
2018-11-01 01:51:11.789 INFO  org.springframework.jmx.export.annotation.AnnotationMBeanExporter Line:668 - Located MBean 'slaveDataSource': registering with JMX server as MBean [com.alibaba.druid.pool:name=slaveDataSource,type=DruidDataSource]
2018-11-01 01:51:11.792 INFO  org.springframework.context.support.DefaultLifecycleProcessor Line:356 - Starting beans in phase 2147483647
2018-11-01 01:51:12.142 INFO  org.springframework.boot.web.embedded.tomcat.TomcatWebServer Line:206 - Tomcat started on port(s): 8089 (http) with context path '/security'
2018-11-01 01:51:12.145 INFO  com.lnlr.SecurityApplication Line:59  - Started SecurityApplication in 16.825 seconds (JVM running for 18.945)
2018-11-01 01:51:17.560 INFO  org.springframework.web.servlet.DispatcherServlet Line:494 - FrameworkServlet 'dispatcherServlet': initialization started
2018-11-01 01:51:17.587 INFO  org.springframework.web.servlet.DispatcherServlet Line:509 - FrameworkServlet 'dispatcherServlet': initialization completed in 27 ms
2018-11-01 01:51:17.605 INFO  com.lnlr.common.filter.JwtVerificationFilter Line:55  - 进入JwtFilter
2018-11-01 01:51:17.984 INFO  com.lnlr.common.filter.LoginFilter Line:53  - 进入LoginFilter
2018-11-01 01:51:18.031 INFO  com.lnlr.common.interceptor.HttpInterceptor Line:39  - {请求开始时： 当前url:http://localhost:8089/security/sys/role/roleTree.json,params:{}
2018-11-01 01:51:19.800 INFO  com.lnlr.common.interceptor.HttpInterceptor Line:77  - 请求结束时： 当前请求url:http://localhost:8089/security/sys/role/roleTree.json,花费:1769
