2018-10-31 00:11:05.844 INFO  com.lnlr.SecurityApplication Line:50  - Starting SecurityApplication on lnlr with PID 18372 (E:\IDEA_WORK\xzl_work\java-study-component\security\target\classes started by leihf in E:\IDEA_WORK\xzl_work\java-study-component)
2018-10-31 00:11:05.909 INFO  com.lnlr.SecurityApplication Line:658 - The following profiles are active: dev
2018-10-31 00:11:06.041 INFO  org.springframework.boot.web.servlet.context.AnnotationConfigServletWebServerApplicationContext Line:588 - Refreshing org.springframework.boot.web.servlet.context.AnnotationConfigServletWebServerApplicationContext@38e79ae3: startup date [Wed Oct 31 00:11:06 CST 2018]; root of context hierarchy
2018-10-31 00:11:09.964 INFO  org.springframework.context.support.PostProcessorRegistrationDelegate$BeanPostProcessorChecker Line:326 - Bean 'org.springframework.transaction.annotation.ProxyTransactionManagementConfiguration' of type [org.springframework.transaction.annotation.ProxyTransactionManagementConfiguration$$EnhancerBySpringCGLIB$$9c1b0d3] is not eligible for getting processed by all BeanPostProcessors (for example: not eligible for auto-proxying)
2018-10-31 00:11:10.638 INFO  org.springframework.boot.web.embedded.tomcat.TomcatWebServer Line:91  - Tomcat initialized with port(s): 8089 (http)
2018-10-31 00:11:10.825 INFO  org.springframework.web.context.ContextLoader Line:285 - Root WebApplicationContext: initialization completed in 4784 ms
2018-10-31 00:11:11.316 INFO  org.springframework.orm.jpa.LocalContainerEntityManagerFactoryBean Line:361 - Building JPA container EntityManagerFactory for persistence unit 'MasterPersistenceUnit'
2018-10-31 00:11:14.957 INFO  com.alibaba.druid.pool.DruidDataSource Line:928 - {dataSource-1} inited
2018-10-31 00:11:17.551 INFO  org.springframework.orm.jpa.LocalContainerEntityManagerFactoryBean Line:415 - Initialized JPA EntityManagerFactory for persistence unit 'MasterPersistenceUnit'
2018-10-31 00:11:17.637 INFO  org.springframework.orm.jpa.LocalContainerEntityManagerFactoryBean Line:361 - Building JPA container EntityManagerFactory for persistence unit 'slavePersistenceUnit'
2018-10-31 00:11:21.006 INFO  com.alibaba.druid.pool.DruidDataSource Line:928 - {dataSource-2} inited
2018-10-31 00:11:21.926 INFO  org.springframework.orm.jpa.LocalContainerEntityManagerFactoryBean Line:415 - Initialized JPA EntityManagerFactory for persistence unit 'slavePersistenceUnit'
2018-10-31 00:11:22.188 INFO  com.lnlr.config.redis.RedisConfig Line:29  - redisPool注入地址：127.0.0.1:6379
2018-10-31 00:11:22.431 INFO  org.springframework.boot.web.servlet.FilterRegistrationBean Line:245 - Mapping filter: 'corsFilter' to: [/*]
2018-10-31 00:11:22.432 INFO  org.springframework.boot.web.servlet.FilterRegistrationBean Line:245 - Mapping filter: 'characterEncodingFilter' to: [/*]
2018-10-31 00:11:22.433 INFO  org.springframework.boot.web.servlet.FilterRegistrationBean Line:258 - Mapping filter: 'jwtVerificationFilter' to urls: [/*]
2018-10-31 00:11:22.434 INFO  org.springframework.boot.web.servlet.FilterRegistrationBean Line:258 - Mapping filter: 'loginFilter' to urls: [/*]
2018-10-31 00:11:22.434 INFO  org.springframework.boot.web.servlet.FilterRegistrationBean Line:258 - Mapping filter: 'webStatFilter' to urls: [/*]
2018-10-31 00:11:22.435 INFO  org.springframework.boot.web.servlet.ServletRegistrationBean Line:187 - Servlet statViewServlet mapped to [/leihfei/druid/*]
2018-10-31 00:11:22.438 INFO  org.springframework.boot.web.servlet.ServletRegistrationBean Line:187 - Servlet dispatcherServlet mapped to [/]
2018-10-31 00:11:22.466 INFO  com.lnlr.common.filter.JwtVerificationFilter Line:43  - 初始化Jwt拦截器,生成拦截器url
2018-10-31 00:11:23.108 INFO  com.lnlr.common.filter.LoginFilter Line:41  - 初始化登录拦截器
2018-10-31 00:11:23.658 INFO  com.lnlr.WebConfig Line:70  - 配置过滤器，并且配置过滤器放过url
2018-10-31 00:11:23.766 INFO  org.springframework.web.servlet.mvc.method.annotation.RequestMappingHandlerMapping Line:549 - Mapped "{[/error],methods=[POST]}" onto public com.lnlr.common.response.Response com.lnlr.security.controller.ErrorController.error()
2018-10-31 00:11:23.769 INFO  org.springframework.web.servlet.mvc.method.annotation.RequestMappingHandlerMapping Line:549 - Mapped "{[/sys/authorizing/flush],methods=[GET]}" onto public com.lnlr.common.response.Response com.lnlr.security.controller.LoginController.flush()
2018-10-31 00:11:23.772 INFO  org.springframework.web.servlet.mvc.method.annotation.RequestMappingHandlerMapping Line:549 - Mapped "{[/sys/authorizing/login],methods=[POST]}" onto public com.lnlr.common.response.Response com.lnlr.security.controller.LoginController.login(com.lnlr.security.pojo.master.param.LoginParam,javax.servlet.http.HttpServletRequest)
2018-10-31 00:11:23.773 INFO  org.springframework.web.servlet.mvc.method.annotation.RequestMappingHandlerMapping Line:549 - Mapped "{[/sys/authorizing/create_tokem],methods=[GET]}" onto public com.lnlr.common.response.Response com.lnlr.security.controller.LoginController.create_tokem(javax.servlet.http.HttpServletRequest)
2018-10-31 00:11:23.774 INFO  org.springframework.web.servlet.mvc.method.annotation.RequestMappingHandlerMapping Line:549 - Mapped "{[/sys/authorizing/logout],methods=[GET]}" onto public com.lnlr.common.response.Response com.lnlr.security.controller.LoginController.logout()
2018-10-31 00:11:23.775 INFO  org.springframework.web.servlet.mvc.method.annotation.RequestMappingHandlerMapping Line:549 - Mapped "{[/sys/authorizing/unauth],methods=[GET]}" onto public com.lnlr.common.response.Response com.lnlr.security.controller.LoginController.unauth()
2018-10-31 00:11:23.775 INFO  org.springframework.web.servlet.mvc.method.annotation.RequestMappingHandlerMapping Line:549 - Mapped "{[/sys/authorizing/unauthorized],methods=[GET]}" onto public com.lnlr.common.response.Response com.lnlr.security.controller.LoginController.unauthorized()
2018-10-31 00:11:23.777 INFO  org.springframework.web.servlet.mvc.method.annotation.RequestMappingHandlerMapping Line:549 - Mapped "{[/sys/acl/update.json],methods=[POST]}" onto public com.lnlr.common.response.Response com.lnlr.security.controller.SysAclController.update(com.lnlr.security.pojo.master.dto.AclParam)
2018-10-31 00:11:23.778 INFO  org.springframework.web.servlet.mvc.method.annotation.RequestMappingHandlerMapping Line:549 - Mapped "{[/sys/acl/delete.json],methods=[POST]}" onto public com.lnlr.common.response.Response com.lnlr.security.controller.SysAclController.delete(com.lnlr.common.entity.IdEntity)
2018-10-31 00:11:23.779 INFO  org.springframework.web.servlet.mvc.method.annotation.RequestMappingHandlerMapping Line:549 - Mapped "{[/sys/acl/create.json],methods=[POST]}" onto public com.lnlr.common.response.Response com.lnlr.security.controller.SysAclController.create(com.lnlr.security.pojo.master.dto.AclParam)
2018-10-31 00:11:23.779 INFO  org.springframework.web.servlet.mvc.method.annotation.RequestMappingHandlerMapping Line:549 - Mapped "{[/sys/acl/page.json],methods=[POST]}" onto public com.lnlr.common.response.Response com.lnlr.security.controller.SysAclController.page(com.lnlr.common.jpa.model.NgPager)
2018-10-31 00:11:23.781 INFO  org.springframework.web.servlet.mvc.method.annotation.RequestMappingHandlerMapping Line:549 - Mapped "{[/sys/aclModule/update.json],methods=[POST]}" onto public com.lnlr.common.response.Response com.lnlr.security.controller.SysAclModuleController.update(com.lnlr.security.pojo.master.dto.AclModuleParam)
2018-10-31 00:11:23.782 INFO  org.springframework.web.servlet.mvc.method.annotation.RequestMappingHandlerMapping Line:549 - Mapped "{[/sys/aclModule/delete.json],methods=[POST]}" onto public com.lnlr.common.response.Response com.lnlr.security.controller.SysAclModuleController.delete(com.lnlr.common.entity.IdEntity)
2018-10-31 00:11:23.782 INFO  org.springframework.web.servlet.mvc.method.annotation.RequestMappingHandlerMapping Line:549 - Mapped "{[/sys/aclModule/create.json],methods=[POST]}" onto public com.lnlr.common.response.Response com.lnlr.security.controller.SysAclModuleController.create(com.lnlr.security.pojo.master.dto.AclModuleParam)
2018-10-31 00:11:23.783 INFO  org.springframework.web.servlet.mvc.method.annotation.RequestMappingHandlerMapping Line:549 - Mapped "{[/sys/aclModule/tree.json],methods=[GET]}" onto public com.lnlr.common.response.Response com.lnlr.security.controller.SysAclModuleController.tree()
2018-10-31 00:11:23.784 INFO  org.springframework.web.servlet.mvc.method.annotation.RequestMappingHandlerMapping Line:549 - Mapped "{[/sys/aclModule/page.json],methods=[POST]}" onto public com.lnlr.common.response.Response com.lnlr.security.controller.SysAclModuleController.page(com.lnlr.common.jpa.model.NgPager)
2018-10-31 00:11:23.787 INFO  org.springframework.web.servlet.mvc.method.annotation.RequestMappingHandlerMapping Line:549 - Mapped "{[/sys/dept/update.json],methods=[POST]}" onto public com.lnlr.common.response.Response com.lnlr.security.controller.SysDeptController.update(com.lnlr.security.pojo.master.dto.DeptParam)
2018-10-31 00:11:23.788 INFO  org.springframework.web.servlet.mvc.method.annotation.RequestMappingHandlerMapping Line:549 - Mapped "{[/sys/dept/delete.json],methods=[POST]}" onto public com.lnlr.common.response.Response com.lnlr.security.controller.SysDeptController.delete(com.lnlr.common.entity.IdEntity)
2018-10-31 00:11:23.788 INFO  org.springframework.web.servlet.mvc.method.annotation.RequestMappingHandlerMapping Line:549 - Mapped "{[/sys/dept/create.json],methods=[POST]}" onto public com.lnlr.common.response.Response com.lnlr.security.controller.SysDeptController.create(com.lnlr.security.pojo.master.dto.DeptParam)
2018-10-31 00:11:23.788 INFO  org.springframework.web.servlet.mvc.method.annotation.RequestMappingHandlerMapping Line:549 - Mapped "{[/sys/dept/tree.json],methods=[GET]}" onto public com.lnlr.common.response.Response com.lnlr.security.controller.SysDeptController.tree()
2018-10-31 00:11:23.789 INFO  org.springframework.web.servlet.mvc.method.annotation.RequestMappingHandlerMapping Line:549 - Mapped "{[/sys/dept/page.json],methods=[POST]}" onto public com.lnlr.common.response.Response com.lnlr.security.controller.SysDeptController.page(com.lnlr.common.jpa.model.NgPager)
2018-10-31 00:11:23.794 INFO  org.springframework.web.servlet.mvc.method.annotation.RequestMappingHandlerMapping Line:549 - Mapped "{[/sys/role/update.json],methods=[POST]}" onto public com.lnlr.common.response.Response com.lnlr.security.controller.SysRoleController.update(com.lnlr.security.pojo.master.dto.RoleParam)
2018-10-31 00:11:23.794 INFO  org.springframework.web.servlet.mvc.method.annotation.RequestMappingHandlerMapping Line:549 - Mapped "{[/sys/role/delete.json],methods=[POST]}" onto public com.lnlr.common.response.Response com.lnlr.security.controller.SysRoleController.delete(com.lnlr.common.entity.IdEntity)
2018-10-31 00:11:23.794 INFO  org.springframework.web.servlet.mvc.method.annotation.RequestMappingHandlerMapping Line:549 - Mapped "{[/sys/role/create.json],methods=[POST]}" onto public com.lnlr.common.response.Response com.lnlr.security.controller.SysRoleController.create(com.lnlr.security.pojo.master.dto.RoleParam)
2018-10-31 00:11:23.795 INFO  org.springframework.web.servlet.mvc.method.annotation.RequestMappingHandlerMapping Line:549 - Mapped "{[/sys/role/list.json],methods=[POST]}" onto public com.lnlr.common.response.Response com.lnlr.security.controller.SysRoleController.list()
2018-10-31 00:11:23.795 INFO  org.springframework.web.servlet.mvc.method.annotation.RequestMappingHandlerMapping Line:549 - Mapped "{[/sys/role/page.json],methods=[POST]}" onto public com.lnlr.common.response.Response com.lnlr.security.controller.SysRoleController.page(com.lnlr.common.jpa.model.NgPager)
2018-10-31 00:11:23.797 INFO  org.springframework.web.servlet.mvc.method.annotation.RequestMappingHandlerMapping Line:549 - Mapped "{[/sys/user/update.json],methods=[POST]}" onto public com.lnlr.common.response.Response com.lnlr.security.controller.SysUserController.update(com.lnlr.security.pojo.master.dto.UserParam)
2018-10-31 00:11:23.798 INFO  org.springframework.web.servlet.mvc.method.annotation.RequestMappingHandlerMapping Line:549 - Mapped "{[/sys/user/create.json],methods=[POST]}" onto public com.lnlr.common.response.Response com.lnlr.security.controller.SysUserController.create(com.lnlr.security.pojo.master.dto.UserParam)
2018-10-31 00:11:23.798 INFO  org.springframework.web.servlet.mvc.method.annotation.RequestMappingHandlerMapping Line:549 - Mapped "{[/sys/user/test.json],methods=[GET]}" onto public com.lnlr.common.response.Response com.lnlr.security.controller.SysUserController.test(javax.servlet.http.HttpServletResponse) throws java.io.IOException
2018-10-31 00:11:23.798 INFO  org.springframework.web.servlet.mvc.method.annotation.RequestMappingHandlerMapping Line:549 - Mapped "{[/sys/user/page.json],methods=[POST]}" onto public com.lnlr.common.response.Response com.lnlr.security.controller.SysUserController.page(com.lnlr.common.jpa.model.NgPager)
2018-10-31 00:11:23.799 INFO  org.springframework.web.servlet.mvc.method.annotation.RequestMappingHandlerMapping Line:549 - Mapped "{[/sys/user/acls.json],methods=[POST]}" onto public com.lnlr.common.response.Response com.lnlr.security.controller.SysUserController.acls(com.lnlr.common.entity.IdEntity)
2018-10-31 00:11:23.800 INFO  org.springframework.web.servlet.mvc.method.annotation.RequestMappingHandlerMapping Line:549 - Mapped "{[/sys/user/checkPass.json],methods=[POST]}" onto public com.lnlr.common.response.Response com.lnlr.security.controller.SysUserController.checkPass(com.lnlr.security.pojo.master.dto.CheckPassParam)
2018-10-31 00:11:23.800 INFO  org.springframework.web.servlet.mvc.method.annotation.RequestMappingHandlerMapping Line:549 - Mapped "{[/sys/user/updatePass.json],methods=[POST]}" onto public com.lnlr.common.response.Response com.lnlr.security.controller.SysUserController.updatePass(com.lnlr.security.pojo.master.dto.CheckPassParam)
2018-10-31 00:11:23.806 INFO  org.springframework.web.servlet.mvc.method.annotation.RequestMappingHandlerMapping Line:549 - Mapped "{[/swagger-resources/configuration/security]}" onto public org.springframework.http.ResponseEntity<springfox.documentation.swagger.web.SecurityConfiguration> springfox.documentation.swagger.web.ApiResourceController.securityConfiguration()
2018-10-31 00:11:23.808 INFO  org.springframework.web.servlet.mvc.method.annotation.RequestMappingHandlerMapping Line:549 - Mapped "{[/swagger-resources/configuration/ui]}" onto public org.springframework.http.ResponseEntity<springfox.documentation.swagger.web.UiConfiguration> springfox.documentation.swagger.web.ApiResourceController.uiConfiguration()
2018-10-31 00:11:23.809 INFO  org.springframework.web.servlet.mvc.method.annotation.RequestMappingHandlerMapping Line:549 - Mapped "{[/swagger-resources]}" onto public org.springframework.http.ResponseEntity<java.util.List<springfox.documentation.swagger.web.SwaggerResource>> springfox.documentation.swagger.web.ApiResourceController.swaggerResources()
2018-10-31 00:11:23.816 INFO  org.springframework.web.servlet.mvc.method.annotation.RequestMappingHandlerMapping Line:549 - Mapped "{[/error]}" onto public org.springframework.http.ResponseEntity<java.util.Map<java.lang.String, java.lang.Object>> org.springframework.boot.autoconfigure.web.servlet.error.BasicErrorController.error(javax.servlet.http.HttpServletRequest)
2018-10-31 00:11:23.817 INFO  org.springframework.web.servlet.mvc.method.annotation.RequestMappingHandlerMapping Line:549 - Mapped "{[/error],produces=[text/html]}" onto public org.springframework.web.servlet.ModelAndView org.springframework.boot.autoconfigure.web.servlet.error.BasicErrorController.errorHtml(javax.servlet.http.HttpServletRequest,javax.servlet.http.HttpServletResponse)
2018-10-31 00:11:24.036 INFO  org.springframework.web.servlet.handler.SimpleUrlHandlerMapping Line:373 - Mapped URL path [/swagger-ui.html] onto handler of type [class org.springframework.web.servlet.resource.ResourceHttpRequestHandler]
2018-10-31 00:11:24.036 INFO  org.springframework.web.servlet.handler.SimpleUrlHandlerMapping Line:373 - Mapped URL path [/webjars/**] onto handler of type [class org.springframework.web.servlet.resource.ResourceHttpRequestHandler]
2018-10-31 00:11:24.192 INFO  org.springframework.web.servlet.mvc.method.annotation.RequestMappingHandlerAdapter Line:588 - Looking for @ControllerAdvice: org.springframework.boot.web.servlet.context.AnnotationConfigServletWebServerApplicationContext@38e79ae3: startup date [Wed Oct 31 00:11:06 CST 2018]; root of context hierarchy
2018-10-31 00:11:24.239 INFO  org.springframework.web.servlet.mvc.method.annotation.ExceptionHandlerExceptionResolver Line:288 - Detected @ExceptionHandler methods in exceptionAdvice
2018-10-31 00:11:24.992 INFO  org.springframework.jmx.export.annotation.AnnotationMBeanExporter Line:433 - Registering beans for JMX exposure on startup
2018-10-31 00:11:24.995 INFO  org.springframework.jmx.export.annotation.AnnotationMBeanExporter Line:895 - Bean with name 'masterDataSource' has been autodetected for JMX exposure
2018-10-31 00:11:24.995 INFO  org.springframework.jmx.export.annotation.AnnotationMBeanExporter Line:895 - Bean with name 'slaveDataSource' has been autodetected for JMX exposure
2018-10-31 00:11:25.011 INFO  org.springframework.jmx.export.annotation.AnnotationMBeanExporter Line:668 - Located MBean 'masterDataSource': registering with JMX server as MBean [com.alibaba.druid.pool:name=masterDataSource,type=DruidDataSource]
2018-10-31 00:11:25.014 INFO  org.springframework.jmx.export.annotation.AnnotationMBeanExporter Line:668 - Located MBean 'slaveDataSource': registering with JMX server as MBean [com.alibaba.druid.pool:name=slaveDataSource,type=DruidDataSource]
2018-10-31 00:11:25.022 INFO  org.springframework.context.support.DefaultLifecycleProcessor Line:356 - Starting beans in phase 2147483647
2018-10-31 00:11:25.548 INFO  org.springframework.boot.web.embedded.tomcat.TomcatWebServer Line:206 - Tomcat started on port(s): 8089 (http) with context path '/security'
2018-10-31 00:11:25.553 INFO  com.lnlr.SecurityApplication Line:59  - Started SecurityApplication in 21.268 seconds (JVM running for 22.676)
