2018-10-26 16:14:58.405 INFO  com.lnlr.SecurityApplication Line:50  - Starting SecurityApplication on lnlr with PID 18736 (E:\IDEA_WORK\xzl_work\java-study-component\security\target\classes started by leihf in E:\IDEA_WORK\xzl_work\java-study-component)
2018-10-26 16:14:58.414 INFO  com.lnlr.SecurityApplication Line:658 - The following profiles are active: dev
2018-10-26 16:14:58.489 INFO  org.springframework.boot.web.servlet.context.AnnotationConfigServletWebServerApplicationContext Line:588 - Refreshing org.springframework.boot.web.servlet.context.AnnotationConfigServletWebServerApplicationContext@7ec3394b: startup date [Fri Oct 26 16:14:58 CST 2018]; root of context hierarchy
2018-10-26 16:15:00.277 INFO  org.springframework.context.support.PostProcessorRegistrationDelegate$BeanPostProcessorChecker Line:326 - Bean 'org.springframework.transaction.annotation.ProxyTransactionManagementConfiguration' of type [org.springframework.transaction.annotation.ProxyTransactionManagementConfiguration$$EnhancerBySpringCGLIB$$7048582b] is not eligible for getting processed by all BeanPostProcessors (for example: not eligible for auto-proxying)
2018-10-26 16:15:00.794 INFO  org.springframework.boot.web.embedded.tomcat.TomcatWebServer Line:91  - Tomcat initialized with port(s): 8089 (http)
2018-10-26 16:15:01.056 INFO  org.springframework.web.context.ContextLoader Line:285 - Root WebApplicationContext: initialization completed in 2567 ms
2018-10-26 16:15:01.569 INFO  org.springframework.orm.jpa.LocalContainerEntityManagerFactoryBean Line:361 - Building JPA container EntityManagerFactory for persistence unit 'MasterPersistenceUnit'
2018-10-26 16:15:17.382 INFO  com.alibaba.druid.pool.DruidDataSource Line:928 - {dataSource-1} inited
2018-10-26 16:15:18.633 INFO  org.springframework.orm.jpa.LocalContainerEntityManagerFactoryBean Line:415 - Initialized JPA EntityManagerFactory for persistence unit 'MasterPersistenceUnit'
2018-10-26 16:15:18.680 INFO  org.springframework.orm.jpa.LocalContainerEntityManagerFactoryBean Line:361 - Building JPA container EntityManagerFactory for persistence unit 'slavePersistenceUnit'
2018-10-26 16:15:20.623 INFO  com.alibaba.druid.pool.DruidDataSource Line:928 - {dataSource-2} inited
2018-10-26 16:15:22.411 INFO  org.springframework.orm.jpa.LocalContainerEntityManagerFactoryBean Line:415 - Initialized JPA EntityManagerFactory for persistence unit 'slavePersistenceUnit'
2018-10-26 16:15:22.690 INFO  com.lnlr.config.redis.RedisConfig Line:29  - redisPool注入地址：127.0.0.1:6379
2018-10-26 16:15:22.904 INFO  org.springframework.boot.web.servlet.FilterRegistrationBean Line:245 - Mapping filter: 'corsFilter' to: [/*]
2018-10-26 16:15:22.905 INFO  org.springframework.boot.web.servlet.FilterRegistrationBean Line:245 - Mapping filter: 'characterEncodingFilter' to: [/*]
2018-10-26 16:15:22.905 INFO  org.springframework.boot.web.servlet.FilterRegistrationBean Line:258 - Mapping filter: 'jwtVerificationFilter' to urls: [/*]
2018-10-26 16:15:22.905 INFO  org.springframework.boot.web.servlet.FilterRegistrationBean Line:258 - Mapping filter: 'loginFilter' to urls: [/*]
2018-10-26 16:15:22.906 INFO  org.springframework.boot.web.servlet.FilterRegistrationBean Line:258 - Mapping filter: 'webStatFilter' to urls: [/*]
2018-10-26 16:15:22.906 INFO  org.springframework.boot.web.servlet.ServletRegistrationBean Line:187 - Servlet statViewServlet mapped to [/druid/*]
2018-10-26 16:15:22.908 INFO  org.springframework.boot.web.servlet.ServletRegistrationBean Line:187 - Servlet dispatcherServlet mapped to [/]
2018-10-26 16:15:22.925 INFO  com.lnlr.common.filter.JwtVerificationFilter Line:43  - 初始化Jwt拦截器,生成拦截器url
2018-10-26 16:15:23.597 INFO  com.lnlr.common.filter.LoginFilter Line:41  - 初始化登录拦截器
2018-10-26 16:15:24.055 INFO  com.lnlr.WebConfig Line:70  - 配置过滤器，并且配置过滤器放过url
2018-10-26 16:15:24.154 INFO  org.springframework.web.servlet.mvc.method.annotation.RequestMappingHandlerMapping Line:549 - Mapped "{[/error],methods=[POST]}" onto public com.lnlr.common.response.Response com.lnlr.security.controller.ErrorController.error()
2018-10-26 16:15:24.157 INFO  org.springframework.web.servlet.mvc.method.annotation.RequestMappingHandlerMapping Line:549 - Mapped "{[/sys/authorizing/logout],methods=[GET]}" onto public com.lnlr.common.response.Response com.lnlr.security.controller.LoginController.logout()
2018-10-26 16:15:24.158 INFO  org.springframework.web.servlet.mvc.method.annotation.RequestMappingHandlerMapping Line:549 - Mapped "{[/sys/authorizing/unauthorized],methods=[GET]}" onto public com.lnlr.common.response.Response com.lnlr.security.controller.LoginController.unauthorized()
2018-10-26 16:15:24.160 INFO  org.springframework.web.servlet.mvc.method.annotation.RequestMappingHandlerMapping Line:549 - Mapped "{[/sys/authorizing/login],methods=[POST]}" onto public com.lnlr.common.response.Response com.lnlr.security.controller.LoginController.login(com.lnlr.security.pojo.master.param.LoginParam,javax.servlet.http.HttpServletRequest)
2018-10-26 16:15:24.160 INFO  org.springframework.web.servlet.mvc.method.annotation.RequestMappingHandlerMapping Line:549 - Mapped "{[/sys/authorizing/unauth],methods=[GET]}" onto public com.lnlr.common.response.Response com.lnlr.security.controller.LoginController.unauth()
2018-10-26 16:15:24.161 INFO  org.springframework.web.servlet.mvc.method.annotation.RequestMappingHandlerMapping Line:549 - Mapped "{[/sys/authorizing/create_tokem],methods=[GET]}" onto public com.lnlr.common.response.Response com.lnlr.security.controller.LoginController.create_tokem(javax.servlet.http.HttpServletRequest)
2018-10-26 16:15:24.164 INFO  org.springframework.web.servlet.mvc.method.annotation.RequestMappingHandlerMapping Line:549 - Mapped "{[/sys/dept/update.json],methods=[POST]}" onto public com.lnlr.common.response.Response com.lnlr.security.controller.SysDeptController.update(com.lnlr.security.pojo.master.dto.DeptDTO)
2018-10-26 16:15:24.164 INFO  org.springframework.web.servlet.mvc.method.annotation.RequestMappingHandlerMapping Line:549 - Mapped "{[/sys/dept/delete.json],methods=[POST]}" onto public com.lnlr.common.response.Response com.lnlr.security.controller.SysDeptController.delete(com.lnlr.common.entity.IdEntity)
2018-10-26 16:15:24.165 INFO  org.springframework.web.servlet.mvc.method.annotation.RequestMappingHandlerMapping Line:549 - Mapped "{[/sys/dept/create.json],methods=[POST]}" onto public com.lnlr.common.response.Response com.lnlr.security.controller.SysDeptController.create(com.lnlr.security.pojo.master.dto.DeptDTO)
2018-10-26 16:15:24.165 INFO  org.springframework.web.servlet.mvc.method.annotation.RequestMappingHandlerMapping Line:549 - Mapped "{[/sys/dept/tree.json],methods=[GET]}" onto public com.lnlr.common.response.Response com.lnlr.security.controller.SysDeptController.tree()
2018-10-26 16:15:24.165 INFO  org.springframework.web.servlet.mvc.method.annotation.RequestMappingHandlerMapping Line:549 - Mapped "{[/sys/dept/page.json],methods=[POST]}" onto public com.lnlr.common.response.Response com.lnlr.security.controller.SysDeptController.page(com.lnlr.common.jpa.model.NgPager)
2018-10-26 16:15:24.170 INFO  org.springframework.web.servlet.mvc.method.annotation.RequestMappingHandlerMapping Line:549 - Mapped "{[/sys/user/update.json],methods=[POST]}" onto public com.lnlr.common.response.Response com.lnlr.security.controller.SysUserController.update(com.lnlr.security.pojo.master.dto.UserDTO)
2018-10-26 16:15:24.171 INFO  org.springframework.web.servlet.mvc.method.annotation.RequestMappingHandlerMapping Line:549 - Mapped "{[/sys/user/create.json],methods=[POST]}" onto public com.lnlr.common.response.Response com.lnlr.security.controller.SysUserController.create(com.lnlr.security.pojo.master.dto.UserDTO)
2018-10-26 16:15:24.171 INFO  org.springframework.web.servlet.mvc.method.annotation.RequestMappingHandlerMapping Line:549 - Mapped "{[/sys/user/test.json],methods=[GET]}" onto public com.lnlr.common.response.Response com.lnlr.security.controller.SysUserController.test(javax.servlet.http.HttpServletResponse) throws java.io.IOException
2018-10-26 16:15:24.171 INFO  org.springframework.web.servlet.mvc.method.annotation.RequestMappingHandlerMapping Line:549 - Mapped "{[/sys/user/acls.json],methods=[POST]}" onto public com.lnlr.common.response.Response com.lnlr.security.controller.SysUserController.acls(com.lnlr.common.entity.IdEntity)
2018-10-26 16:15:24.172 INFO  org.springframework.web.servlet.mvc.method.annotation.RequestMappingHandlerMapping Line:549 - Mapped "{[/sys/user/page.json],methods=[POST]}" onto public com.lnlr.common.response.Response com.lnlr.security.controller.SysUserController.page(com.lnlr.common.jpa.model.NgPager)
2018-10-26 16:15:24.172 INFO  org.springframework.web.servlet.mvc.method.annotation.RequestMappingHandlerMapping Line:549 - Mapped "{[/sys/user/checkPass.json],methods=[POST]}" onto public com.lnlr.common.response.Response com.lnlr.security.controller.SysUserController.checkPass(com.lnlr.security.pojo.master.dto.CheckPassDTO)
2018-10-26 16:15:24.172 INFO  org.springframework.web.servlet.mvc.method.annotation.RequestMappingHandlerMapping Line:549 - Mapped "{[/sys/user/updatePass.json],methods=[POST]}" onto public com.lnlr.common.response.Response com.lnlr.security.controller.SysUserController.updatePass(com.lnlr.security.pojo.master.dto.CheckPassDTO)
2018-10-26 16:15:24.176 INFO  org.springframework.web.servlet.mvc.method.annotation.RequestMappingHandlerMapping Line:549 - Mapped "{[/swagger-resources/configuration/security]}" onto public org.springframework.http.ResponseEntity<springfox.documentation.swagger.web.SecurityConfiguration> springfox.documentation.swagger.web.ApiResourceController.securityConfiguration()
2018-10-26 16:15:24.177 INFO  org.springframework.web.servlet.mvc.method.annotation.RequestMappingHandlerMapping Line:549 - Mapped "{[/swagger-resources]}" onto public org.springframework.http.ResponseEntity<java.util.List<springfox.documentation.swagger.web.SwaggerResource>> springfox.documentation.swagger.web.ApiResourceController.swaggerResources()
2018-10-26 16:15:24.178 INFO  org.springframework.web.servlet.mvc.method.annotation.RequestMappingHandlerMapping Line:549 - Mapped "{[/swagger-resources/configuration/ui]}" onto public org.springframework.http.ResponseEntity<springfox.documentation.swagger.web.UiConfiguration> springfox.documentation.swagger.web.ApiResourceController.uiConfiguration()
2018-10-26 16:15:24.182 INFO  org.springframework.web.servlet.mvc.method.annotation.RequestMappingHandlerMapping Line:549 - Mapped "{[/error]}" onto public org.springframework.http.ResponseEntity<java.util.Map<java.lang.String, java.lang.Object>> org.springframework.boot.autoconfigure.web.servlet.error.BasicErrorController.error(javax.servlet.http.HttpServletRequest)
2018-10-26 16:15:24.183 INFO  org.springframework.web.servlet.mvc.method.annotation.RequestMappingHandlerMapping Line:549 - Mapped "{[/error],produces=[text/html]}" onto public org.springframework.web.servlet.ModelAndView org.springframework.boot.autoconfigure.web.servlet.error.BasicErrorController.errorHtml(javax.servlet.http.HttpServletRequest,javax.servlet.http.HttpServletResponse)
2018-10-26 16:15:24.470 INFO  org.springframework.web.servlet.handler.SimpleUrlHandlerMapping Line:373 - Mapped URL path [/swagger-ui.html] onto handler of type [class org.springframework.web.servlet.resource.ResourceHttpRequestHandler]
2018-10-26 16:15:24.470 INFO  org.springframework.web.servlet.handler.SimpleUrlHandlerMapping Line:373 - Mapped URL path [/webjars/**] onto handler of type [class org.springframework.web.servlet.resource.ResourceHttpRequestHandler]
2018-10-26 16:15:24.620 INFO  org.springframework.web.servlet.mvc.method.annotation.RequestMappingHandlerAdapter Line:588 - Looking for @ControllerAdvice: org.springframework.boot.web.servlet.context.AnnotationConfigServletWebServerApplicationContext@7ec3394b: startup date [Fri Oct 26 16:14:58 CST 2018]; root of context hierarchy
2018-10-26 16:15:24.673 INFO  org.springframework.web.servlet.mvc.method.annotation.ExceptionHandlerExceptionResolver Line:288 - Detected @ExceptionHandler methods in exceptionAdvice
2018-10-26 16:15:25.441 INFO  org.springframework.jmx.export.annotation.AnnotationMBeanExporter Line:433 - Registering beans for JMX exposure on startup
2018-10-26 16:15:25.442 INFO  org.springframework.jmx.export.annotation.AnnotationMBeanExporter Line:895 - Bean with name 'masterDataSource' has been autodetected for JMX exposure
2018-10-26 16:15:25.443 INFO  org.springframework.jmx.export.annotation.AnnotationMBeanExporter Line:895 - Bean with name 'slaveDataSource' has been autodetected for JMX exposure
2018-10-26 16:15:25.452 INFO  org.springframework.jmx.export.annotation.AnnotationMBeanExporter Line:668 - Located MBean 'masterDataSource': registering with JMX server as MBean [com.alibaba.druid.pool:name=masterDataSource,type=DruidDataSource]
2018-10-26 16:15:25.453 INFO  org.springframework.jmx.export.annotation.AnnotationMBeanExporter Line:668 - Located MBean 'slaveDataSource': registering with JMX server as MBean [com.alibaba.druid.pool:name=slaveDataSource,type=DruidDataSource]
2018-10-26 16:15:25.458 INFO  org.springframework.context.support.DefaultLifecycleProcessor Line:356 - Starting beans in phase 2147483647
2018-10-26 16:15:25.835 INFO  org.springframework.boot.web.embedded.tomcat.TomcatWebServer Line:206 - Tomcat started on port(s): 8089 (http) with context path '/security'
2018-10-26 16:15:25.839 INFO  com.lnlr.SecurityApplication Line:59  - Started SecurityApplication in 29.111 seconds (JVM running for 30.922)
2018-10-26 16:15:29.204 INFO  org.springframework.web.servlet.DispatcherServlet Line:494 - FrameworkServlet 'dispatcherServlet': initialization started
2018-10-26 16:15:29.238 INFO  org.springframework.web.servlet.DispatcherServlet Line:509 - FrameworkServlet 'dispatcherServlet': initialization completed in 34 ms
2018-10-26 16:15:29.258 INFO  com.lnlr.common.filter.JwtVerificationFilter Line:55  - 进入JwtFilter
2018-10-26 16:15:29.655 INFO  com.lnlr.common.filter.LoginFilter Line:53  - 进入LoginFilter
2018-10-26 16:15:29.708 INFO  com.lnlr.common.interceptor.HttpInterceptor Line:39  - {rquest start  url:http://192.168.1.182:8089/security/sys/dept/create.json,params:{}
2018-10-26 16:15:30.005 INFO  com.lnlr.common.interceptor.HttpInterceptor Line:77  - 当前请求url:http://192.168.1.182:8089/security/sys/dept/create.json,花费:297
2018-10-26 16:25:03.780 INFO  com.lnlr.SecurityApplication Line:50  - Starting SecurityApplication on lnlr with PID 6476 (E:\IDEA_WORK\xzl_work\java-study-component\security\target\classes started by leihf in E:\IDEA_WORK\xzl_work\java-study-component)
2018-10-26 16:25:03.790 INFO  com.lnlr.SecurityApplication Line:658 - The following profiles are active: dev
2018-10-26 16:25:03.874 INFO  org.springframework.boot.web.servlet.context.AnnotationConfigServletWebServerApplicationContext Line:588 - Refreshing org.springframework.boot.web.servlet.context.AnnotationConfigServletWebServerApplicationContext@1cdc4c27: startup date [Fri Oct 26 16:25:03 CST 2018]; root of context hierarchy
2018-10-26 16:25:05.623 INFO  org.springframework.context.support.PostProcessorRegistrationDelegate$BeanPostProcessorChecker Line:326 - Bean 'org.springframework.transaction.annotation.ProxyTransactionManagementConfiguration' of type [org.springframework.transaction.annotation.ProxyTransactionManagementConfiguration$$EnhancerBySpringCGLIB$$fcc8f24] is not eligible for getting processed by all BeanPostProcessors (for example: not eligible for auto-proxying)
2018-10-26 16:25:06.136 INFO  org.springframework.boot.web.embedded.tomcat.TomcatWebServer Line:91  - Tomcat initialized with port(s): 8089 (http)
2018-10-26 16:25:06.280 INFO  org.springframework.web.context.ContextLoader Line:285 - Root WebApplicationContext: initialization completed in 2407 ms
2018-10-26 16:25:06.747 INFO  org.springframework.orm.jpa.LocalContainerEntityManagerFactoryBean Line:361 - Building JPA container EntityManagerFactory for persistence unit 'MasterPersistenceUnit'
2018-10-26 16:25:09.034 INFO  com.alibaba.druid.pool.DruidDataSource Line:928 - {dataSource-1} inited
2018-10-26 16:25:10.220 INFO  org.springframework.orm.jpa.LocalContainerEntityManagerFactoryBean Line:415 - Initialized JPA EntityManagerFactory for persistence unit 'MasterPersistenceUnit'
2018-10-26 16:25:10.266 INFO  org.springframework.orm.jpa.LocalContainerEntityManagerFactoryBean Line:361 - Building JPA container EntityManagerFactory for persistence unit 'slavePersistenceUnit'
2018-10-26 16:25:12.557 INFO  com.alibaba.druid.pool.DruidDataSource Line:928 - {dataSource-2} inited
2018-10-26 16:25:13.286 INFO  org.springframework.orm.jpa.LocalContainerEntityManagerFactoryBean Line:415 - Initialized JPA EntityManagerFactory for persistence unit 'slavePersistenceUnit'
2018-10-26 16:25:13.531 INFO  com.lnlr.config.redis.RedisConfig Line:29  - redisPool注入地址：127.0.0.1:6379
2018-10-26 16:25:13.755 INFO  org.springframework.boot.web.servlet.FilterRegistrationBean Line:245 - Mapping filter: 'corsFilter' to: [/*]
2018-10-26 16:25:13.755 INFO  org.springframework.boot.web.servlet.FilterRegistrationBean Line:245 - Mapping filter: 'characterEncodingFilter' to: [/*]
2018-10-26 16:25:13.755 INFO  org.springframework.boot.web.servlet.FilterRegistrationBean Line:258 - Mapping filter: 'jwtVerificationFilter' to urls: [/*]
2018-10-26 16:25:13.755 INFO  org.springframework.boot.web.servlet.FilterRegistrationBean Line:258 - Mapping filter: 'loginFilter' to urls: [/*]
2018-10-26 16:25:13.756 INFO  org.springframework.boot.web.servlet.FilterRegistrationBean Line:258 - Mapping filter: 'webStatFilter' to urls: [/*]
2018-10-26 16:25:13.756 INFO  org.springframework.boot.web.servlet.ServletRegistrationBean Line:187 - Servlet statViewServlet mapped to [/druid/*]
2018-10-26 16:25:13.757 INFO  org.springframework.boot.web.servlet.ServletRegistrationBean Line:187 - Servlet dispatcherServlet mapped to [/]
2018-10-26 16:25:13.774 INFO  com.lnlr.common.filter.JwtVerificationFilter Line:43  - 初始化Jwt拦截器,生成拦截器url
2018-10-26 16:25:14.329 INFO  com.lnlr.common.filter.LoginFilter Line:41  - 初始化登录拦截器
2018-10-26 16:25:14.738 INFO  com.lnlr.WebConfig Line:70  - 配置过滤器，并且配置过滤器放过url
2018-10-26 16:25:14.809 INFO  org.springframework.web.servlet.mvc.method.annotation.RequestMappingHandlerMapping Line:549 - Mapped "{[/error],methods=[POST]}" onto public com.lnlr.common.response.Response com.lnlr.security.controller.ErrorController.error()
2018-10-26 16:25:14.812 INFO  org.springframework.web.servlet.mvc.method.annotation.RequestMappingHandlerMapping Line:549 - Mapped "{[/sys/authorizing/logout],methods=[GET]}" onto public com.lnlr.common.response.Response com.lnlr.security.controller.LoginController.logout()
2018-10-26 16:25:14.815 INFO  org.springframework.web.servlet.mvc.method.annotation.RequestMappingHandlerMapping Line:549 - Mapped "{[/sys/authorizing/login],methods=[POST]}" onto public com.lnlr.common.response.Response com.lnlr.security.controller.LoginController.login(com.lnlr.security.pojo.master.param.LoginParam,javax.servlet.http.HttpServletRequest)
2018-10-26 16:25:14.815 INFO  org.springframework.web.servlet.mvc.method.annotation.RequestMappingHandlerMapping Line:549 - Mapped "{[/sys/authorizing/unauthorized],methods=[GET]}" onto public com.lnlr.common.response.Response com.lnlr.security.controller.LoginController.unauthorized()
2018-10-26 16:25:14.816 INFO  org.springframework.web.servlet.mvc.method.annotation.RequestMappingHandlerMapping Line:549 - Mapped "{[/sys/authorizing/unauth],methods=[GET]}" onto public com.lnlr.common.response.Response com.lnlr.security.controller.LoginController.unauth()
2018-10-26 16:25:14.816 INFO  org.springframework.web.servlet.mvc.method.annotation.RequestMappingHandlerMapping Line:549 - Mapped "{[/sys/authorizing/create_tokem],methods=[GET]}" onto public com.lnlr.common.response.Response com.lnlr.security.controller.LoginController.create_tokem(javax.servlet.http.HttpServletRequest)
2018-10-26 16:25:14.817 INFO  org.springframework.web.servlet.mvc.method.annotation.RequestMappingHandlerMapping Line:549 - Mapped "{[/sys/aclModule/create.json],methods=[POST]}" onto public com.lnlr.common.response.Response com.lnlr.security.controller.SysAclModuleController.create(com.lnlr.security.pojo.master.dto.DeptParam)
2018-10-26 16:25:14.820 INFO  org.springframework.web.servlet.mvc.method.annotation.RequestMappingHandlerMapping Line:549 - Mapped "{[/sys/dept/update.json],methods=[POST]}" onto public com.lnlr.common.response.Response com.lnlr.security.controller.SysDeptController.update(com.lnlr.security.pojo.master.dto.DeptParam)
2018-10-26 16:25:14.821 INFO  org.springframework.web.servlet.mvc.method.annotation.RequestMappingHandlerMapping Line:549 - Mapped "{[/sys/dept/delete.json],methods=[POST]}" onto public com.lnlr.common.response.Response com.lnlr.security.controller.SysDeptController.delete(com.lnlr.common.entity.IdEntity)
2018-10-26 16:25:14.821 INFO  org.springframework.web.servlet.mvc.method.annotation.RequestMappingHandlerMapping Line:549 - Mapped "{[/sys/dept/create.json],methods=[POST]}" onto public com.lnlr.common.response.Response com.lnlr.security.controller.SysDeptController.create(com.lnlr.security.pojo.master.dto.DeptParam)
2018-10-26 16:25:14.822 INFO  org.springframework.web.servlet.mvc.method.annotation.RequestMappingHandlerMapping Line:549 - Mapped "{[/sys/dept/tree.json],methods=[GET]}" onto public com.lnlr.common.response.Response com.lnlr.security.controller.SysDeptController.tree()
2018-10-26 16:25:14.822 INFO  org.springframework.web.servlet.mvc.method.annotation.RequestMappingHandlerMapping Line:549 - Mapped "{[/sys/dept/page.json],methods=[POST]}" onto public com.lnlr.common.response.Response com.lnlr.security.controller.SysDeptController.page(com.lnlr.common.jpa.model.NgPager)
2018-10-26 16:25:14.826 INFO  org.springframework.web.servlet.mvc.method.annotation.RequestMappingHandlerMapping Line:549 - Mapped "{[/sys/user/update.json],methods=[POST]}" onto public com.lnlr.common.response.Response com.lnlr.security.controller.SysUserController.update(com.lnlr.security.pojo.master.dto.UserParam)
2018-10-26 16:25:14.827 INFO  org.springframework.web.servlet.mvc.method.annotation.RequestMappingHandlerMapping Line:549 - Mapped "{[/sys/user/create.json],methods=[POST]}" onto public com.lnlr.common.response.Response com.lnlr.security.controller.SysUserController.create(com.lnlr.security.pojo.master.dto.UserParam)
2018-10-26 16:25:14.827 INFO  org.springframework.web.servlet.mvc.method.annotation.RequestMappingHandlerMapping Line:549 - Mapped "{[/sys/user/test.json],methods=[GET]}" onto public com.lnlr.common.response.Response com.lnlr.security.controller.SysUserController.test(javax.servlet.http.HttpServletResponse) throws java.io.IOException
2018-10-26 16:25:14.827 INFO  org.springframework.web.servlet.mvc.method.annotation.RequestMappingHandlerMapping Line:549 - Mapped "{[/sys/user/acls.json],methods=[POST]}" onto public com.lnlr.common.response.Response com.lnlr.security.controller.SysUserController.acls(com.lnlr.common.entity.IdEntity)
2018-10-26 16:25:14.828 INFO  org.springframework.web.servlet.mvc.method.annotation.RequestMappingHandlerMapping Line:549 - Mapped "{[/sys/user/page.json],methods=[POST]}" onto public com.lnlr.common.response.Response com.lnlr.security.controller.SysUserController.page(com.lnlr.common.jpa.model.NgPager)
2018-10-26 16:25:14.828 INFO  org.springframework.web.servlet.mvc.method.annotation.RequestMappingHandlerMapping Line:549 - Mapped "{[/sys/user/checkPass.json],methods=[POST]}" onto public com.lnlr.common.response.Response com.lnlr.security.controller.SysUserController.checkPass(com.lnlr.security.pojo.master.dto.CheckPassParam)
2018-10-26 16:25:14.828 INFO  org.springframework.web.servlet.mvc.method.annotation.RequestMappingHandlerMapping Line:549 - Mapped "{[/sys/user/updatePass.json],methods=[POST]}" onto public com.lnlr.common.response.Response com.lnlr.security.controller.SysUserController.updatePass(com.lnlr.security.pojo.master.dto.CheckPassParam)
2018-10-26 16:25:14.832 INFO  org.springframework.web.servlet.mvc.method.annotation.RequestMappingHandlerMapping Line:549 - Mapped "{[/swagger-resources]}" onto public org.springframework.http.ResponseEntity<java.util.List<springfox.documentation.swagger.web.SwaggerResource>> springfox.documentation.swagger.web.ApiResourceController.swaggerResources()
2018-10-26 16:25:14.834 INFO  org.springframework.web.servlet.mvc.method.annotation.RequestMappingHandlerMapping Line:549 - Mapped "{[/swagger-resources/configuration/ui]}" onto public org.springframework.http.ResponseEntity<springfox.documentation.swagger.web.UiConfiguration> springfox.documentation.swagger.web.ApiResourceController.uiConfiguration()
2018-10-26 16:25:14.835 INFO  org.springframework.web.servlet.mvc.method.annotation.RequestMappingHandlerMapping Line:549 - Mapped "{[/swagger-resources/configuration/security]}" onto public org.springframework.http.ResponseEntity<springfox.documentation.swagger.web.SecurityConfiguration> springfox.documentation.swagger.web.ApiResourceController.securityConfiguration()
2018-10-26 16:25:14.838 INFO  org.springframework.web.servlet.mvc.method.annotation.RequestMappingHandlerMapping Line:549 - Mapped "{[/error]}" onto public org.springframework.http.ResponseEntity<java.util.Map<java.lang.String, java.lang.Object>> org.springframework.boot.autoconfigure.web.servlet.error.BasicErrorController.error(javax.servlet.http.HttpServletRequest)
2018-10-26 16:25:14.839 INFO  org.springframework.web.servlet.mvc.method.annotation.RequestMappingHandlerMapping Line:549 - Mapped "{[/error],produces=[text/html]}" onto public org.springframework.web.servlet.ModelAndView org.springframework.boot.autoconfigure.web.servlet.error.BasicErrorController.errorHtml(javax.servlet.http.HttpServletRequest,javax.servlet.http.HttpServletResponse)
2018-10-26 16:25:15.097 INFO  org.springframework.web.servlet.handler.SimpleUrlHandlerMapping Line:373 - Mapped URL path [/swagger-ui.html] onto handler of type [class org.springframework.web.servlet.resource.ResourceHttpRequestHandler]
2018-10-26 16:25:15.098 INFO  org.springframework.web.servlet.handler.SimpleUrlHandlerMapping Line:373 - Mapped URL path [/webjars/**] onto handler of type [class org.springframework.web.servlet.resource.ResourceHttpRequestHandler]
2018-10-26 16:25:15.233 INFO  org.springframework.web.servlet.mvc.method.annotation.RequestMappingHandlerAdapter Line:588 - Looking for @ControllerAdvice: org.springframework.boot.web.servlet.context.AnnotationConfigServletWebServerApplicationContext@1cdc4c27: startup date [Fri Oct 26 16:25:03 CST 2018]; root of context hierarchy
2018-10-26 16:25:15.282 INFO  org.springframework.web.servlet.mvc.method.annotation.ExceptionHandlerExceptionResolver Line:288 - Detected @ExceptionHandler methods in exceptionAdvice
2018-10-26 16:25:15.894 INFO  org.springframework.jmx.export.annotation.AnnotationMBeanExporter Line:433 - Registering beans for JMX exposure on startup
2018-10-26 16:25:15.895 INFO  org.springframework.jmx.export.annotation.AnnotationMBeanExporter Line:895 - Bean with name 'masterDataSource' has been autodetected for JMX exposure
2018-10-26 16:25:15.895 INFO  org.springframework.jmx.export.annotation.AnnotationMBeanExporter Line:895 - Bean with name 'slaveDataSource' has been autodetected for JMX exposure
2018-10-26 16:25:15.903 INFO  org.springframework.jmx.export.annotation.AnnotationMBeanExporter Line:668 - Located MBean 'masterDataSource': registering with JMX server as MBean [com.alibaba.druid.pool:name=masterDataSource,type=DruidDataSource]
2018-10-26 16:25:15.905 INFO  org.springframework.jmx.export.annotation.AnnotationMBeanExporter Line:668 - Located MBean 'slaveDataSource': registering with JMX server as MBean [com.alibaba.druid.pool:name=slaveDataSource,type=DruidDataSource]
2018-10-26 16:25:15.910 INFO  org.springframework.context.support.DefaultLifecycleProcessor Line:356 - Starting beans in phase 2147483647
2018-10-26 16:25:16.233 INFO  org.springframework.boot.web.embedded.tomcat.TomcatWebServer Line:206 - Tomcat started on port(s): 8089 (http) with context path '/security'
2018-10-26 16:25:16.237 INFO  com.lnlr.SecurityApplication Line:59  - Started SecurityApplication in 14.168 seconds (JVM running for 15.551)
2018-10-26 16:53:00.195 INFO  com.lnlr.SecurityApplication Line:50  - Starting SecurityApplication on lnlr with PID 19836 (E:\IDEA_WORK\xzl_work\java-study-component\security\target\classes started by leihf in E:\IDEA_WORK\xzl_work\java-study-component)
2018-10-26 16:53:00.203 INFO  com.lnlr.SecurityApplication Line:658 - The following profiles are active: dev
2018-10-26 16:53:00.295 INFO  org.springframework.boot.web.servlet.context.AnnotationConfigServletWebServerApplicationContext Line:588 - Refreshing org.springframework.boot.web.servlet.context.AnnotationConfigServletWebServerApplicationContext@1c3146bc: startup date [Fri Oct 26 16:53:00 CST 2018]; root of context hierarchy
2018-10-26 16:53:03.304 INFO  org.springframework.context.support.PostProcessorRegistrationDelegate$BeanPostProcessorChecker Line:326 - Bean 'org.springframework.transaction.annotation.ProxyTransactionManagementConfiguration' of type [org.springframework.transaction.annotation.ProxyTransactionManagementConfiguration$$EnhancerBySpringCGLIB$$8c35e155] is not eligible for getting processed by all BeanPostProcessors (for example: not eligible for auto-proxying)
2018-10-26 16:53:04.182 INFO  org.springframework.boot.web.embedded.tomcat.TomcatWebServer Line:91  - Tomcat initialized with port(s): 8089 (http)
2018-10-26 16:53:04.450 INFO  org.springframework.web.context.ContextLoader Line:285 - Root WebApplicationContext: initialization completed in 4155 ms
2018-10-26 16:53:05.195 INFO  org.springframework.orm.jpa.LocalContainerEntityManagerFactoryBean Line:361 - Building JPA container EntityManagerFactory for persistence unit 'MasterPersistenceUnit'
2018-10-26 16:53:08.266 INFO  com.alibaba.druid.pool.DruidDataSource Line:928 - {dataSource-1} inited
2018-10-26 16:53:13.407 INFO  org.springframework.orm.jpa.LocalContainerEntityManagerFactoryBean Line:415 - Initialized JPA EntityManagerFactory for persistence unit 'MasterPersistenceUnit'
2018-10-26 16:53:13.468 INFO  org.springframework.orm.jpa.LocalContainerEntityManagerFactoryBean Line:361 - Building JPA container EntityManagerFactory for persistence unit 'slavePersistenceUnit'
2018-10-26 16:53:15.746 INFO  com.alibaba.druid.pool.DruidDataSource Line:928 - {dataSource-2} inited
2018-10-26 16:53:16.531 INFO  org.springframework.orm.jpa.LocalContainerEntityManagerFactoryBean Line:415 - Initialized JPA EntityManagerFactory for persistence unit 'slavePersistenceUnit'
2018-10-26 16:53:16.837 INFO  com.lnlr.config.redis.RedisConfig Line:29  - redisPool注入地址：127.0.0.1:6379
2018-10-26 16:53:17.099 INFO  org.springframework.boot.web.servlet.FilterRegistrationBean Line:245 - Mapping filter: 'corsFilter' to: [/*]
2018-10-26 16:53:17.100 INFO  org.springframework.boot.web.servlet.FilterRegistrationBean Line:245 - Mapping filter: 'characterEncodingFilter' to: [/*]
2018-10-26 16:53:17.100 INFO  org.springframework.boot.web.servlet.FilterRegistrationBean Line:258 - Mapping filter: 'jwtVerificationFilter' to urls: [/*]
2018-10-26 16:53:17.100 INFO  org.springframework.boot.web.servlet.FilterRegistrationBean Line:258 - Mapping filter: 'loginFilter' to urls: [/*]
2018-10-26 16:53:17.101 INFO  org.springframework.boot.web.servlet.FilterRegistrationBean Line:258 - Mapping filter: 'webStatFilter' to urls: [/*]
2018-10-26 16:53:17.101 INFO  org.springframework.boot.web.servlet.ServletRegistrationBean Line:187 - Servlet statViewServlet mapped to [/druid/*]
2018-10-26 16:53:17.103 INFO  org.springframework.boot.web.servlet.ServletRegistrationBean Line:187 - Servlet dispatcherServlet mapped to [/]
2018-10-26 16:53:17.124 INFO  com.lnlr.common.filter.JwtVerificationFilter Line:43  - 初始化Jwt拦截器,生成拦截器url
2018-10-26 16:53:17.841 INFO  com.lnlr.common.filter.LoginFilter Line:41  - 初始化登录拦截器
2018-10-26 16:53:18.375 INFO  com.lnlr.WebConfig Line:70  - 配置过滤器，并且配置过滤器放过url
2018-10-26 16:53:18.564 INFO  org.springframework.web.servlet.mvc.method.annotation.RequestMappingHandlerMapping Line:549 - Mapped "{[/error],methods=[POST]}" onto public com.lnlr.common.response.Response com.lnlr.security.controller.ErrorController.error()
2018-10-26 16:53:18.571 INFO  org.springframework.web.servlet.mvc.method.annotation.RequestMappingHandlerMapping Line:549 - Mapped "{[/sys/authorizing/create_tokem],methods=[GET]}" onto public com.lnlr.common.response.Response com.lnlr.security.controller.LoginController.create_tokem(javax.servlet.http.HttpServletRequest)
2018-10-26 16:53:18.571 INFO  org.springframework.web.servlet.mvc.method.annotation.RequestMappingHandlerMapping Line:549 - Mapped "{[/sys/authorizing/login],methods=[POST]}" onto public com.lnlr.common.response.Response com.lnlr.security.controller.LoginController.login(com.lnlr.security.pojo.master.param.LoginParam,javax.servlet.http.HttpServletRequest)
2018-10-26 16:53:18.572 INFO  org.springframework.web.servlet.mvc.method.annotation.RequestMappingHandlerMapping Line:549 - Mapped "{[/sys/authorizing/unauth],methods=[GET]}" onto public com.lnlr.common.response.Response com.lnlr.security.controller.LoginController.unauth()
2018-10-26 16:53:18.573 INFO  org.springframework.web.servlet.mvc.method.annotation.RequestMappingHandlerMapping Line:549 - Mapped "{[/sys/authorizing/logout],methods=[GET]}" onto public com.lnlr.common.response.Response com.lnlr.security.controller.LoginController.logout()
2018-10-26 16:53:18.573 INFO  org.springframework.web.servlet.mvc.method.annotation.RequestMappingHandlerMapping Line:549 - Mapped "{[/sys/authorizing/unauthorized],methods=[GET]}" onto public com.lnlr.common.response.Response com.lnlr.security.controller.LoginController.unauthorized()
2018-10-26 16:53:18.575 INFO  org.springframework.web.servlet.mvc.method.annotation.RequestMappingHandlerMapping Line:549 - Mapped "{[/sys/aclModule/update.json],methods=[POST]}" onto public com.lnlr.common.response.Response com.lnlr.security.controller.SysAclModuleController.update(com.lnlr.security.pojo.master.dto.AclModuleParam)
2018-10-26 16:53:18.576 INFO  org.springframework.web.servlet.mvc.method.annotation.RequestMappingHandlerMapping Line:549 - Mapped "{[/sys/aclModule/delete.json],methods=[POST]}" onto public com.lnlr.common.response.Response com.lnlr.security.controller.SysAclModuleController.delete(com.lnlr.common.entity.IdEntity)
2018-10-26 16:53:18.577 INFO  org.springframework.web.servlet.mvc.method.annotation.RequestMappingHandlerMapping Line:549 - Mapped "{[/sys/aclModule/create.json],methods=[POST]}" onto public com.lnlr.common.response.Response com.lnlr.security.controller.SysAclModuleController.create(com.lnlr.security.pojo.master.dto.AclModuleParam)
2018-10-26 16:53:18.580 INFO  org.springframework.web.servlet.mvc.method.annotation.RequestMappingHandlerMapping Line:549 - Mapped "{[/sys/dept/update.json],methods=[POST]}" onto public com.lnlr.common.response.Response com.lnlr.security.controller.SysDeptController.update(com.lnlr.security.pojo.master.dto.DeptParam)
2018-10-26 16:53:18.580 INFO  org.springframework.web.servlet.mvc.method.annotation.RequestMappingHandlerMapping Line:549 - Mapped "{[/sys/dept/delete.json],methods=[POST]}" onto public com.lnlr.common.response.Response com.lnlr.security.controller.SysDeptController.delete(com.lnlr.common.entity.IdEntity)
2018-10-26 16:53:18.581 INFO  org.springframework.web.servlet.mvc.method.annotation.RequestMappingHandlerMapping Line:549 - Mapped "{[/sys/dept/create.json],methods=[POST]}" onto public com.lnlr.common.response.Response com.lnlr.security.controller.SysDeptController.create(com.lnlr.security.pojo.master.dto.DeptParam)
2018-10-26 16:53:18.583 INFO  org.springframework.web.servlet.mvc.method.annotation.RequestMappingHandlerMapping Line:549 - Mapped "{[/sys/dept/tree.json],methods=[GET]}" onto public com.lnlr.common.response.Response com.lnlr.security.controller.SysDeptController.tree()
2018-10-26 16:53:18.584 INFO  org.springframework.web.servlet.mvc.method.annotation.RequestMappingHandlerMapping Line:549 - Mapped "{[/sys/dept/page.json],methods=[POST]}" onto public com.lnlr.common.response.Response com.lnlr.security.controller.SysDeptController.page(com.lnlr.common.jpa.model.NgPager)
2018-10-26 16:53:18.590 INFO  org.springframework.web.servlet.mvc.method.annotation.RequestMappingHandlerMapping Line:549 - Mapped "{[/sys/user/update.json],methods=[POST]}" onto public com.lnlr.common.response.Response com.lnlr.security.controller.SysUserController.update(com.lnlr.security.pojo.master.dto.UserParam)
2018-10-26 16:53:18.590 INFO  org.springframework.web.servlet.mvc.method.annotation.RequestMappingHandlerMapping Line:549 - Mapped "{[/sys/user/create.json],methods=[POST]}" onto public com.lnlr.common.response.Response com.lnlr.security.controller.SysUserController.create(com.lnlr.security.pojo.master.dto.UserParam)
2018-10-26 16:53:18.591 INFO  org.springframework.web.servlet.mvc.method.annotation.RequestMappingHandlerMapping Line:549 - Mapped "{[/sys/user/test.json],methods=[GET]}" onto public com.lnlr.common.response.Response com.lnlr.security.controller.SysUserController.test(javax.servlet.http.HttpServletResponse) throws java.io.IOException
2018-10-26 16:53:18.592 INFO  org.springframework.web.servlet.mvc.method.annotation.RequestMappingHandlerMapping Line:549 - Mapped "{[/sys/user/acls.json],methods=[POST]}" onto public com.lnlr.common.response.Response com.lnlr.security.controller.SysUserController.acls(com.lnlr.common.entity.IdEntity)
2018-10-26 16:53:18.593 INFO  org.springframework.web.servlet.mvc.method.annotation.RequestMappingHandlerMapping Line:549 - Mapped "{[/sys/user/page.json],methods=[POST]}" onto public com.lnlr.common.response.Response com.lnlr.security.controller.SysUserController.page(com.lnlr.common.jpa.model.NgPager)
2018-10-26 16:53:18.594 INFO  org.springframework.web.servlet.mvc.method.annotation.RequestMappingHandlerMapping Line:549 - Mapped "{[/sys/user/updatePass.json],methods=[POST]}" onto public com.lnlr.common.response.Response com.lnlr.security.controller.SysUserController.updatePass(com.lnlr.security.pojo.master.dto.CheckPassParam)
2018-10-26 16:53:18.595 INFO  org.springframework.web.servlet.mvc.method.annotation.RequestMappingHandlerMapping Line:549 - Mapped "{[/sys/user/checkPass.json],methods=[POST]}" onto public com.lnlr.common.response.Response com.lnlr.security.controller.SysUserController.checkPass(com.lnlr.security.pojo.master.dto.CheckPassParam)
2018-10-26 16:53:18.601 INFO  org.springframework.web.servlet.mvc.method.annotation.RequestMappingHandlerMapping Line:549 - Mapped "{[/swagger-resources/configuration/security]}" onto public org.springframework.http.ResponseEntity<springfox.documentation.swagger.web.SecurityConfiguration> springfox.documentation.swagger.web.ApiResourceController.securityConfiguration()
2018-10-26 16:53:18.602 INFO  org.springframework.web.servlet.mvc.method.annotation.RequestMappingHandlerMapping Line:549 - Mapped "{[/swagger-resources]}" onto public org.springframework.http.ResponseEntity<java.util.List<springfox.documentation.swagger.web.SwaggerResource>> springfox.documentation.swagger.web.ApiResourceController.swaggerResources()
2018-10-26 16:53:18.603 INFO  org.springframework.web.servlet.mvc.method.annotation.RequestMappingHandlerMapping Line:549 - Mapped "{[/swagger-resources/configuration/ui]}" onto public org.springframework.http.ResponseEntity<springfox.documentation.swagger.web.UiConfiguration> springfox.documentation.swagger.web.ApiResourceController.uiConfiguration()
2018-10-26 16:53:18.609 INFO  org.springframework.web.servlet.mvc.method.annotation.RequestMappingHandlerMapping Line:549 - Mapped "{[/error]}" onto public org.springframework.http.ResponseEntity<java.util.Map<java.lang.String, java.lang.Object>> org.springframework.boot.autoconfigure.web.servlet.error.BasicErrorController.error(javax.servlet.http.HttpServletRequest)
2018-10-26 16:53:18.610 INFO  org.springframework.web.servlet.mvc.method.annotation.RequestMappingHandlerMapping Line:549 - Mapped "{[/error],produces=[text/html]}" onto public org.springframework.web.servlet.ModelAndView org.springframework.boot.autoconfigure.web.servlet.error.BasicErrorController.errorHtml(javax.servlet.http.HttpServletRequest,javax.servlet.http.HttpServletResponse)
2018-10-26 16:53:18.948 INFO  org.springframework.web.servlet.handler.SimpleUrlHandlerMapping Line:373 - Mapped URL path [/swagger-ui.html] onto handler of type [class org.springframework.web.servlet.resource.ResourceHttpRequestHandler]
2018-10-26 16:53:18.948 INFO  org.springframework.web.servlet.handler.SimpleUrlHandlerMapping Line:373 - Mapped URL path [/webjars/**] onto handler of type [class org.springframework.web.servlet.resource.ResourceHttpRequestHandler]
2018-10-26 16:53:19.145 INFO  org.springframework.web.servlet.mvc.method.annotation.RequestMappingHandlerAdapter Line:588 - Looking for @ControllerAdvice: org.springframework.boot.web.servlet.context.AnnotationConfigServletWebServerApplicationContext@1c3146bc: startup date [Fri Oct 26 16:53:00 CST 2018]; root of context hierarchy
2018-10-26 16:53:19.540 INFO  org.springframework.web.servlet.mvc.method.annotation.ExceptionHandlerExceptionResolver Line:288 - Detected @ExceptionHandler methods in exceptionAdvice
2018-10-26 16:53:20.066 INFO  org.springframework.jmx.export.annotation.AnnotationMBeanExporter Line:433 - Registering beans for JMX exposure on startup
2018-10-26 16:53:20.067 INFO  org.springframework.jmx.export.annotation.AnnotationMBeanExporter Line:895 - Bean with name 'masterDataSource' has been autodetected for JMX exposure
2018-10-26 16:53:20.067 INFO  org.springframework.jmx.export.annotation.AnnotationMBeanExporter Line:895 - Bean with name 'slaveDataSource' has been autodetected for JMX exposure
2018-10-26 16:53:20.079 INFO  org.springframework.jmx.export.annotation.AnnotationMBeanExporter Line:668 - Located MBean 'masterDataSource': registering with JMX server as MBean [com.alibaba.druid.pool:name=masterDataSource,type=DruidDataSource]
2018-10-26 16:53:20.080 INFO  org.springframework.jmx.export.annotation.AnnotationMBeanExporter Line:668 - Located MBean 'slaveDataSource': registering with JMX server as MBean [com.alibaba.druid.pool:name=slaveDataSource,type=DruidDataSource]
2018-10-26 16:53:20.087 INFO  org.springframework.context.support.DefaultLifecycleProcessor Line:356 - Starting beans in phase 2147483647
2018-10-26 16:53:20.515 INFO  org.springframework.boot.web.embedded.tomcat.TomcatWebServer Line:206 - Tomcat started on port(s): 8089 (http) with context path '/security'
2018-10-26 16:53:20.522 INFO  com.lnlr.SecurityApplication Line:59  - Started SecurityApplication in 22.334 seconds (JVM running for 25.665)
2018-10-26 20:32:56.611 INFO  org.springframework.web.servlet.DispatcherServlet Line:494 - FrameworkServlet 'dispatcherServlet': initialization started
2018-10-26 20:32:56.684 INFO  org.springframework.web.servlet.DispatcherServlet Line:509 - FrameworkServlet 'dispatcherServlet': initialization completed in 69 ms
2018-10-26 20:32:56.718 INFO  com.lnlr.common.filter.JwtVerificationFilter Line:55  - 进入JwtFilter
2018-10-26 20:32:57.632 INFO  com.lnlr.common.filter.JwtVerificationFilter Line:55  - 进入JwtFilter
2018-10-26 20:32:57.632 INFO  com.lnlr.common.utils.ExcludePathUtils Line:61  - 该请求:/security/sys/authorizing/unauth 不需要验证
2018-10-26 20:32:57.632 INFO  com.lnlr.common.filter.LoginFilter Line:53  - 进入LoginFilter
2018-10-26 20:32:57.632 INFO  com.lnlr.common.utils.ExcludePathUtils Line:61  - 该请求:/security/sys/authorizing/unauth 不需要验证
