2018-11-10 00:41:04.119 INFO  com.lnlr.SecurityApplication Line:50  - Starting SecurityApplication on lnlr with PID 7752 (E:\IDEA_WORK\xzl_work\java-study-component\security\target\classes started by leihf in E:\IDEA_WORK\xzl_work\java-study-component)
2018-11-10 00:41:04.128 INFO  com.lnlr.SecurityApplication Line:658 - The following profiles are active: dev
2018-11-10 00:41:04.231 INFO  org.springframework.boot.web.servlet.context.AnnotationConfigServletWebServerApplicationContext Line:588 - Refreshing org.springframework.boot.web.servlet.context.AnnotationConfigServletWebServerApplicationContext@e98770d: startup date [Sat Nov 10 00:41:04 CST 2018]; root of context hierarchy
2018-11-10 00:41:06.209 INFO  org.springframework.context.support.PostProcessorRegistrationDelegate$BeanPostProcessorChecker Line:326 - Bean 'org.springframework.transaction.annotation.ProxyTransactionManagementConfiguration' of type [org.springframework.transaction.annotation.ProxyTransactionManagementConfiguration$$EnhancerBySpringCGLIB$$db2103ca] is not eligible for getting processed by all BeanPostProcessors (for example: not eligible for auto-proxying)
2018-11-10 00:41:06.653 INFO  org.springframework.boot.web.embedded.tomcat.TomcatWebServer Line:91  - Tomcat initialized with port(s): 8089 (http)
2018-11-10 00:41:06.851 INFO  org.springframework.web.context.ContextLoader Line:285 - Root WebApplicationContext: initialization completed in 2620 ms
2018-11-10 00:41:07.343 INFO  org.springframework.orm.jpa.LocalContainerEntityManagerFactoryBean Line:361 - Building JPA container EntityManagerFactory for persistence unit 'MasterPersistenceUnit'
2018-11-10 00:41:09.996 INFO  com.alibaba.druid.pool.DruidDataSource Line:928 - {dataSource-1} inited
2018-11-10 00:41:12.088 INFO  org.springframework.orm.jpa.LocalContainerEntityManagerFactoryBean Line:415 - Initialized JPA EntityManagerFactory for persistence unit 'MasterPersistenceUnit'
2018-11-10 00:41:12.219 INFO  org.springframework.orm.jpa.LocalContainerEntityManagerFactoryBean Line:361 - Building JPA container EntityManagerFactory for persistence unit 'slavePersistenceUnit'
2018-11-10 00:41:14.339 INFO  com.alibaba.druid.pool.DruidDataSource Line:928 - {dataSource-2} inited
2018-11-10 00:41:14.998 INFO  org.springframework.orm.jpa.LocalContainerEntityManagerFactoryBean Line:415 - Initialized JPA EntityManagerFactory for persistence unit 'slavePersistenceUnit'
2018-11-10 00:41:15.570 INFO  com.lnlr.config.redis.RedisConfig Line:29  - redisPool注入地址：127.0.0.1:6379
2018-11-10 00:41:16.336 INFO  org.springframework.boot.web.servlet.FilterRegistrationBean Line:245 - Mapping filter: 'corsFilter' to: [/*]
2018-11-10 00:41:16.337 INFO  org.springframework.boot.web.servlet.FilterRegistrationBean Line:245 - Mapping filter: 'characterEncodingFilter' to: [/*]
2018-11-10 00:41:16.337 INFO  org.springframework.boot.web.servlet.FilterRegistrationBean Line:258 - Mapping filter: 'jwtVerificationFilter' to urls: [/*]
2018-11-10 00:41:16.337 INFO  org.springframework.boot.web.servlet.FilterRegistrationBean Line:258 - Mapping filter: 'loginFilter' to urls: [/*]
2018-11-10 00:41:16.338 INFO  org.springframework.boot.web.servlet.FilterRegistrationBean Line:258 - Mapping filter: 'permissionFilter' to urls: [/*]
2018-11-10 00:41:16.338 INFO  org.springframework.boot.web.servlet.FilterRegistrationBean Line:258 - Mapping filter: 'webStatFilter' to urls: [/*]
2018-11-10 00:41:16.339 INFO  org.springframework.boot.web.servlet.ServletRegistrationBean Line:187 - Servlet statViewServlet mapped to [/leihfei/druid/*]
2018-11-10 00:41:16.341 INFO  org.springframework.boot.web.servlet.ServletRegistrationBean Line:187 - Servlet dispatcherServlet mapped to [/]
2018-11-10 00:41:16.371 INFO  com.lnlr.common.filter.JwtVerificationFilter Line:43  - 初始化Jwt拦截器,生成拦截器url
2018-11-10 00:41:17.136 INFO  com.lnlr.common.filter.LoginFilter Line:41  - 初始化登录拦截器
2018-11-10 00:41:18.132 INFO  com.lnlr.WebConfig Line:70  - 配置过滤器，并且配置过滤器放过url
2018-11-10 00:41:18.296 INFO  org.springframework.web.servlet.mvc.method.annotation.RequestMappingHandlerMapping Line:549 - Mapped "{[/error],methods=[POST]}" onto public com.lnlr.common.response.Response com.lnlr.security.controller.ErrorController.error()
2018-11-10 00:41:18.302 INFO  org.springframework.web.servlet.mvc.method.annotation.RequestMappingHandlerMapping Line:549 - Mapped "{[/sys/log/page],methods=[POST]}" onto public com.lnlr.common.response.Response com.lnlr.security.controller.LogController.page(com.lnlr.common.jpa.model.NgPager)
2018-11-10 00:41:18.306 INFO  org.springframework.web.servlet.mvc.method.annotation.RequestMappingHandlerMapping Line:549 - Mapped "{[/sys/authorizing/flush],methods=[GET]}" onto public com.lnlr.common.response.Response com.lnlr.security.controller.LoginController.flush()
2018-11-10 00:41:18.307 INFO  org.springframework.web.servlet.mvc.method.annotation.RequestMappingHandlerMapping Line:549 - Mapped "{[/sys/authorizing/logout],methods=[GET]}" onto public com.lnlr.common.response.Response com.lnlr.security.controller.LoginController.logout()
2018-11-10 00:41:18.308 INFO  org.springframework.web.servlet.mvc.method.annotation.RequestMappingHandlerMapping Line:549 - Mapped "{[/sys/authorizing/login],methods=[POST]}" onto public com.lnlr.common.response.Response com.lnlr.security.controller.LoginController.login(com.lnlr.security.pojo.master.param.LoginParam,javax.servlet.http.HttpServletRequest)
2018-11-10 00:41:18.309 INFO  org.springframework.web.servlet.mvc.method.annotation.RequestMappingHandlerMapping Line:549 - Mapped "{[/sys/authorizing/create_tokem],methods=[GET]}" onto public com.lnlr.common.response.Response com.lnlr.security.controller.LoginController.create_tokem(javax.servlet.http.HttpServletRequest)
2018-11-10 00:41:18.310 INFO  org.springframework.web.servlet.mvc.method.annotation.RequestMappingHandlerMapping Line:549 - Mapped "{[/sys/authorizing/unauth],methods=[GET]}" onto public com.lnlr.common.response.Response com.lnlr.security.controller.LoginController.unauth()
2018-11-10 00:41:18.311 INFO  org.springframework.web.servlet.mvc.method.annotation.RequestMappingHandlerMapping Line:549 - Mapped "{[/sys/authorizing/unauthorized],methods=[GET]}" onto public com.lnlr.common.response.Response com.lnlr.security.controller.LoginController.unauthorized()
2018-11-10 00:41:18.314 INFO  org.springframework.web.servlet.mvc.method.annotation.RequestMappingHandlerMapping Line:549 - Mapped "{[/sys/acl/update.json],methods=[POST]}" onto public com.lnlr.common.response.Response com.lnlr.security.controller.SysAclController.update(com.lnlr.security.pojo.master.dto.AclParam)
2018-11-10 00:41:18.315 INFO  org.springframework.web.servlet.mvc.method.annotation.RequestMappingHandlerMapping Line:549 - Mapped "{[/sys/acl/delete.json],methods=[POST]}" onto public com.lnlr.common.response.Response com.lnlr.security.controller.SysAclController.delete(com.lnlr.common.entity.IdEntity)
2018-11-10 00:41:18.316 INFO  org.springframework.web.servlet.mvc.method.annotation.RequestMappingHandlerMapping Line:549 - Mapped "{[/sys/acl/create.json],methods=[POST]}" onto public com.lnlr.common.response.Response com.lnlr.security.controller.SysAclController.create(com.lnlr.security.pojo.master.dto.AclParam)
2018-11-10 00:41:18.317 INFO  org.springframework.web.servlet.mvc.method.annotation.RequestMappingHandlerMapping Line:549 - Mapped "{[/sys/acl/page.json],methods=[POST]}" onto public com.lnlr.common.response.Response com.lnlr.security.controller.SysAclController.page(com.lnlr.common.jpa.model.NgPager)
2018-11-10 00:41:18.323 INFO  org.springframework.web.servlet.mvc.method.annotation.RequestMappingHandlerMapping Line:549 - Mapped "{[/sys/aclModule/update.json],methods=[POST]}" onto public com.lnlr.common.response.Response com.lnlr.security.controller.SysAclModuleController.update(com.lnlr.security.pojo.master.dto.AclModuleParam)
2018-11-10 00:41:18.324 INFO  org.springframework.web.servlet.mvc.method.annotation.RequestMappingHandlerMapping Line:549 - Mapped "{[/sys/aclModule/delete.json],methods=[POST]}" onto public com.lnlr.common.response.Response com.lnlr.security.controller.SysAclModuleController.delete(com.lnlr.common.entity.IdEntity)
2018-11-10 00:41:18.325 INFO  org.springframework.web.servlet.mvc.method.annotation.RequestMappingHandlerMapping Line:549 - Mapped "{[/sys/aclModule/create.json],methods=[POST]}" onto public com.lnlr.common.response.Response com.lnlr.security.controller.SysAclModuleController.create(com.lnlr.security.pojo.master.dto.AclModuleParam)
2018-11-10 00:41:18.326 INFO  org.springframework.web.servlet.mvc.method.annotation.RequestMappingHandlerMapping Line:549 - Mapped "{[/sys/aclModule/tree.json],methods=[GET]}" onto public com.lnlr.common.response.Response com.lnlr.security.controller.SysAclModuleController.tree()
2018-11-10 00:41:18.326 INFO  org.springframework.web.servlet.mvc.method.annotation.RequestMappingHandlerMapping Line:549 - Mapped "{[/sys/aclModule/page.json],methods=[POST]}" onto public com.lnlr.common.response.Response com.lnlr.security.controller.SysAclModuleController.page(com.lnlr.common.jpa.model.NgPager)
2018-11-10 00:41:18.329 INFO  org.springframework.web.servlet.mvc.method.annotation.RequestMappingHandlerMapping Line:549 - Mapped "{[/sys/dept/update.json],methods=[POST]}" onto public com.lnlr.common.response.Response com.lnlr.security.controller.SysDeptController.update(com.lnlr.security.pojo.master.dto.DeptParam)
2018-11-10 00:41:18.331 INFO  org.springframework.web.servlet.mvc.method.annotation.RequestMappingHandlerMapping Line:549 - Mapped "{[/sys/dept/delete.json],methods=[POST]}" onto public com.lnlr.common.response.Response com.lnlr.security.controller.SysDeptController.delete(com.lnlr.common.entity.IdEntity)
2018-11-10 00:41:18.332 INFO  org.springframework.web.servlet.mvc.method.annotation.RequestMappingHandlerMapping Line:549 - Mapped "{[/sys/dept/create.json],methods=[POST]}" onto public com.lnlr.common.response.Response com.lnlr.security.controller.SysDeptController.create(com.lnlr.security.pojo.master.dto.DeptParam)
2018-11-10 00:41:18.333 INFO  org.springframework.web.servlet.mvc.method.annotation.RequestMappingHandlerMapping Line:549 - Mapped "{[/sys/dept/tree.json],methods=[GET]}" onto public com.lnlr.common.response.Response com.lnlr.security.controller.SysDeptController.tree()
2018-11-10 00:41:18.334 INFO  org.springframework.web.servlet.mvc.method.annotation.RequestMappingHandlerMapping Line:549 - Mapped "{[/sys/dept/page.json],methods=[POST]}" onto public com.lnlr.common.response.Response com.lnlr.security.controller.SysDeptController.page(com.lnlr.common.jpa.model.NgPager)
2018-11-10 00:41:18.347 INFO  org.springframework.web.servlet.mvc.method.annotation.RequestMappingHandlerMapping Line:549 - Mapped "{[/sys/role/update.json],methods=[POST]}" onto public com.lnlr.common.response.Response com.lnlr.security.controller.SysRoleController.update(com.lnlr.security.pojo.master.dto.RoleParam)
2018-11-10 00:41:18.348 INFO  org.springframework.web.servlet.mvc.method.annotation.RequestMappingHandlerMapping Line:549 - Mapped "{[/sys/role/delete.json],methods=[POST]}" onto public com.lnlr.common.response.Response com.lnlr.security.controller.SysRoleController.delete(com.lnlr.common.entity.IdEntity)
2018-11-10 00:41:18.350 INFO  org.springframework.web.servlet.mvc.method.annotation.RequestMappingHandlerMapping Line:549 - Mapped "{[/sys/role/create.json],methods=[POST]}" onto public com.lnlr.common.response.Response com.lnlr.security.controller.SysRoleController.create(com.lnlr.security.pojo.master.dto.RoleParam)
2018-11-10 00:41:18.352 INFO  org.springframework.web.servlet.mvc.method.annotation.RequestMappingHandlerMapping Line:549 - Mapped "{[/sys/role/list.json],methods=[POST]}" onto public com.lnlr.common.response.Response com.lnlr.security.controller.SysRoleController.list()
2018-11-10 00:41:18.353 INFO  org.springframework.web.servlet.mvc.method.annotation.RequestMappingHandlerMapping Line:549 - Mapped "{[/sys/role/page.json],methods=[POST]}" onto public com.lnlr.common.response.Response com.lnlr.security.controller.SysRoleController.page(com.lnlr.common.jpa.model.NgPager)
2018-11-10 00:41:18.354 INFO  org.springframework.web.servlet.mvc.method.annotation.RequestMappingHandlerMapping Line:549 - Mapped "{[/sys/role/users.json],methods=[POST]}" onto public com.lnlr.common.response.Response com.lnlr.security.controller.SysRoleController.users(com.lnlr.common.entity.IdEntity)
2018-11-10 00:41:18.355 INFO  org.springframework.web.servlet.mvc.method.annotation.RequestMappingHandlerMapping Line:549 - Mapped "{[/sys/role/changeAcls.json],methods=[POST]}" onto public com.lnlr.common.response.Response com.lnlr.security.controller.SysRoleController.changeAcls(com.lnlr.security.pojo.master.dto.RoleAclOperatorDTO)
2018-11-10 00:41:18.357 INFO  org.springframework.web.servlet.mvc.method.annotation.RequestMappingHandlerMapping Line:549 - Mapped "{[/sys/role/roleTree.json],methods=[POST]}" onto public com.lnlr.common.response.Response com.lnlr.security.controller.SysRoleController.roleTree(com.lnlr.common.entity.IdEntity)
2018-11-10 00:41:18.362 INFO  org.springframework.web.servlet.mvc.method.annotation.RequestMappingHandlerMapping Line:549 - Mapped "{[/sys/user/update.json],methods=[POST]}" onto public com.lnlr.common.response.Response com.lnlr.security.controller.SysUserController.update(com.lnlr.security.pojo.master.dto.UserParam)
2018-11-10 00:41:18.363 INFO  org.springframework.web.servlet.mvc.method.annotation.RequestMappingHandlerMapping Line:549 - Mapped "{[/sys/user/create.json],methods=[POST]}" onto public com.lnlr.common.response.Response com.lnlr.security.controller.SysUserController.create(com.lnlr.security.pojo.master.dto.UserParam)
2018-11-10 00:41:18.364 INFO  org.springframework.web.servlet.mvc.method.annotation.RequestMappingHandlerMapping Line:549 - Mapped "{[/sys/user/test.json],methods=[GET]}" onto public com.lnlr.common.response.Response com.lnlr.security.controller.SysUserController.test(javax.servlet.http.HttpServletResponse) throws java.io.IOException
2018-11-10 00:41:18.365 INFO  org.springframework.web.servlet.mvc.method.annotation.RequestMappingHandlerMapping Line:549 - Mapped "{[/sys/user/acls.json],methods=[POST]}" onto public com.lnlr.common.response.Response com.lnlr.security.controller.SysUserController.acls(com.lnlr.common.entity.IdEntity)
2018-11-10 00:41:18.366 INFO  org.springframework.web.servlet.mvc.method.annotation.RequestMappingHandlerMapping Line:549 - Mapped "{[/sys/user/page.json],methods=[POST]}" onto public com.lnlr.common.response.Response com.lnlr.security.controller.SysUserController.page(com.lnlr.common.jpa.model.NgPager)
2018-11-10 00:41:18.367 INFO  org.springframework.web.servlet.mvc.method.annotation.RequestMappingHandlerMapping Line:549 - Mapped "{[/sys/user/checkPass.json],methods=[POST]}" onto public com.lnlr.common.response.Response com.lnlr.security.controller.SysUserController.checkPass(com.lnlr.security.pojo.master.dto.CheckPassParam)
2018-11-10 00:41:18.367 INFO  org.springframework.web.servlet.mvc.method.annotation.RequestMappingHandlerMapping Line:549 - Mapped "{[/sys/user/updatePass.json],methods=[POST]}" onto public com.lnlr.common.response.Response com.lnlr.security.controller.SysUserController.updatePass(com.lnlr.security.pojo.master.dto.CheckPassParam)
2018-11-10 00:41:18.377 INFO  org.springframework.web.servlet.mvc.method.annotation.RequestMappingHandlerMapping Line:549 - Mapped "{[/swagger-resources/configuration/security]}" onto public org.springframework.http.ResponseEntity<springfox.documentation.swagger.web.SecurityConfiguration> springfox.documentation.swagger.web.ApiResourceController.securityConfiguration()
2018-11-10 00:41:18.380 INFO  org.springframework.web.servlet.mvc.method.annotation.RequestMappingHandlerMapping Line:549 - Mapped "{[/swagger-resources/configuration/ui]}" onto public org.springframework.http.ResponseEntity<springfox.documentation.swagger.web.UiConfiguration> springfox.documentation.swagger.web.ApiResourceController.uiConfiguration()
2018-11-10 00:41:18.382 INFO  org.springframework.web.servlet.mvc.method.annotation.RequestMappingHandlerMapping Line:549 - Mapped "{[/swagger-resources]}" onto public org.springframework.http.ResponseEntity<java.util.List<springfox.documentation.swagger.web.SwaggerResource>> springfox.documentation.swagger.web.ApiResourceController.swaggerResources()
2018-11-10 00:41:18.390 INFO  org.springframework.web.servlet.mvc.method.annotation.RequestMappingHandlerMapping Line:549 - Mapped "{[/error]}" onto public org.springframework.http.ResponseEntity<java.util.Map<java.lang.String, java.lang.Object>> org.springframework.boot.autoconfigure.web.servlet.error.BasicErrorController.error(javax.servlet.http.HttpServletRequest)
2018-11-10 00:41:18.391 INFO  org.springframework.web.servlet.mvc.method.annotation.RequestMappingHandlerMapping Line:549 - Mapped "{[/error],produces=[text/html]}" onto public org.springframework.web.servlet.ModelAndView org.springframework.boot.autoconfigure.web.servlet.error.BasicErrorController.errorHtml(javax.servlet.http.HttpServletRequest,javax.servlet.http.HttpServletResponse)
2018-11-10 00:41:18.920 INFO  org.springframework.web.servlet.handler.SimpleUrlHandlerMapping Line:373 - Mapped URL path [/swagger-ui.html] onto handler of type [class org.springframework.web.servlet.resource.ResourceHttpRequestHandler]
2018-11-10 00:41:18.921 INFO  org.springframework.web.servlet.handler.SimpleUrlHandlerMapping Line:373 - Mapped URL path [/webjars/**] onto handler of type [class org.springframework.web.servlet.resource.ResourceHttpRequestHandler]
2018-11-10 00:41:19.651 INFO  org.springframework.web.servlet.mvc.method.annotation.RequestMappingHandlerAdapter Line:588 - Looking for @ControllerAdvice: org.springframework.boot.web.servlet.context.AnnotationConfigServletWebServerApplicationContext@e98770d: startup date [Sat Nov 10 00:41:04 CST 2018]; root of context hierarchy
2018-11-10 00:41:19.766 INFO  org.springframework.web.servlet.mvc.method.annotation.ExceptionHandlerExceptionResolver Line:288 - Detected @ExceptionHandler methods in exceptionAdvice
2018-11-10 00:41:20.534 INFO  org.springframework.jmx.export.annotation.AnnotationMBeanExporter Line:433 - Registering beans for JMX exposure on startup
2018-11-10 00:41:20.539 INFO  org.springframework.jmx.export.annotation.AnnotationMBeanExporter Line:895 - Bean with name 'masterDataSource' has been autodetected for JMX exposure
2018-11-10 00:41:20.539 INFO  org.springframework.jmx.export.annotation.AnnotationMBeanExporter Line:895 - Bean with name 'slaveDataSource' has been autodetected for JMX exposure
2018-11-10 00:41:20.557 INFO  org.springframework.jmx.export.annotation.AnnotationMBeanExporter Line:668 - Located MBean 'masterDataSource': registering with JMX server as MBean [com.alibaba.druid.pool:name=masterDataSource,type=DruidDataSource]
2018-11-10 00:41:20.560 INFO  org.springframework.jmx.export.annotation.AnnotationMBeanExporter Line:668 - Located MBean 'slaveDataSource': registering with JMX server as MBean [com.alibaba.druid.pool:name=slaveDataSource,type=DruidDataSource]
2018-11-10 00:41:20.570 INFO  org.springframework.context.support.DefaultLifecycleProcessor Line:356 - Starting beans in phase 2147483647
2018-11-10 00:41:21.255 INFO  org.springframework.boot.web.embedded.tomcat.TomcatWebServer Line:206 - Tomcat started on port(s): 8089 (http) with context path '/security'
2018-11-10 00:41:21.263 INFO  com.lnlr.SecurityApplication Line:59  - Started SecurityApplication in 18.388 seconds (JVM running for 20.126)
2018-11-10 00:41:34.982 INFO  org.springframework.web.servlet.DispatcherServlet Line:494 - FrameworkServlet 'dispatcherServlet': initialization started
2018-11-10 00:41:35.014 INFO  org.springframework.web.servlet.DispatcherServlet Line:509 - FrameworkServlet 'dispatcherServlet': initialization completed in 32 ms
2018-11-10 00:41:35.032 INFO  com.lnlr.common.filter.JwtVerificationFilter Line:55  - 进入JwtFilter
2018-11-10 00:41:35.600 INFO  com.lnlr.common.filter.LoginFilter Line:53  - 进入LoginFilter
2018-11-10 00:41:35.669 INFO  com.lnlr.common.filter.PermissionFilter Line:39  - 进入权限拦截Filter
2018-11-10 00:41:36.818 INFO  com.lnlr.common.interceptor.HttpInterceptor Line:39  - {请求开始时： 当前url:http://localhost:8089/security/sys/acl/page.json,params:{}
2018-11-10 00:41:37.376 INFO  com.lnlr.common.interceptor.HttpInterceptor Line:77  - 请求结束时： 当前请求url:http://localhost:8089/security/sys/acl/page.json,花费:557
2018-11-10 00:42:10.169 INFO  com.lnlr.common.filter.JwtVerificationFilter Line:55  - 进入JwtFilter
2018-11-10 00:42:10.189 INFO  com.lnlr.common.filter.JwtVerificationFilter Line:55  - 进入JwtFilter
2018-11-10 00:42:10.189 INFO  com.lnlr.common.utils.ExcludePathUtils Line:60  - 该请求:/sys/authorizing/unauth 不需要验证
2018-11-10 00:42:10.190 INFO  com.lnlr.common.filter.LoginFilter Line:53  - 进入LoginFilter
2018-11-10 00:42:10.190 INFO  com.lnlr.common.utils.ExcludePathUtils Line:60  - 该请求:/sys/authorizing/unauth 不需要验证
2018-11-10 00:42:10.190 INFO  com.lnlr.common.filter.PermissionFilter Line:39  - 进入权限拦截Filter
2018-11-10 00:42:10.190 INFO  com.lnlr.common.utils.ExcludePathUtils Line:60  - 该请求:/sys/authorizing/unauth 不需要验证
2018-11-10 00:42:21.789 INFO  com.lnlr.common.filter.JwtVerificationFilter Line:55  - 进入JwtFilter
2018-11-10 00:42:21.792 INFO  com.lnlr.common.filter.LoginFilter Line:53  - 进入LoginFilter
2018-11-10 00:42:21.796 INFO  com.lnlr.common.filter.PermissionFilter Line:39  - 进入权限拦截Filter
2018-11-10 00:42:21.976 INFO  com.lnlr.common.interceptor.HttpInterceptor Line:39  - {请求开始时： 当前url:http://localhost:8089/security/sys/acl/create.json,params:{}
2018-11-10 00:42:23.391 INFO  com.lnlr.common.interceptor.HttpInterceptor Line:77  - 请求结束时： 当前请求url:http://localhost:8089/security/sys/acl/create.json,花费:1414
2018-11-10 00:43:16.829 INFO  com.lnlr.SecurityApplication Line:50  - Starting SecurityApplication on lnlr with PID 21720 (E:\IDEA_WORK\xzl_work\java-study-component\security\target\classes started by leihf in E:\IDEA_WORK\xzl_work\java-study-component)
2018-11-10 00:43:16.840 INFO  com.lnlr.SecurityApplication Line:658 - The following profiles are active: dev
2018-11-10 00:43:16.993 INFO  org.springframework.boot.web.servlet.context.AnnotationConfigServletWebServerApplicationContext Line:588 - Refreshing org.springframework.boot.web.servlet.context.AnnotationConfigServletWebServerApplicationContext@5f9678e1: startup date [Sat Nov 10 00:43:16 CST 2018]; root of context hierarchy
2018-11-10 00:43:18.769 INFO  org.springframework.context.support.PostProcessorRegistrationDelegate$BeanPostProcessorChecker Line:326 - Bean 'org.springframework.transaction.annotation.ProxyTransactionManagementConfiguration' of type [org.springframework.transaction.annotation.ProxyTransactionManagementConfiguration$$EnhancerBySpringCGLIB$$73928c17] is not eligible for getting processed by all BeanPostProcessors (for example: not eligible for auto-proxying)
2018-11-10 00:43:19.228 INFO  org.springframework.boot.web.embedded.tomcat.TomcatWebServer Line:91  - Tomcat initialized with port(s): 8089 (http)
2018-11-10 00:43:19.413 INFO  org.springframework.web.context.ContextLoader Line:285 - Root WebApplicationContext: initialization completed in 2420 ms
2018-11-10 00:43:19.990 INFO  org.springframework.orm.jpa.LocalContainerEntityManagerFactoryBean Line:361 - Building JPA container EntityManagerFactory for persistence unit 'MasterPersistenceUnit'
2018-11-10 00:43:22.651 INFO  com.alibaba.druid.pool.DruidDataSource Line:928 - {dataSource-1} inited
2018-11-10 00:43:24.061 INFO  org.springframework.orm.jpa.LocalContainerEntityManagerFactoryBean Line:415 - Initialized JPA EntityManagerFactory for persistence unit 'MasterPersistenceUnit'
2018-11-10 00:43:24.123 INFO  org.springframework.orm.jpa.LocalContainerEntityManagerFactoryBean Line:361 - Building JPA container EntityManagerFactory for persistence unit 'slavePersistenceUnit'
2018-11-10 00:43:26.300 INFO  com.alibaba.druid.pool.DruidDataSource Line:928 - {dataSource-2} inited
2018-11-10 00:43:26.908 INFO  org.springframework.orm.jpa.LocalContainerEntityManagerFactoryBean Line:415 - Initialized JPA EntityManagerFactory for persistence unit 'slavePersistenceUnit'
2018-11-10 00:43:27.259 INFO  com.lnlr.config.redis.RedisConfig Line:29  - redisPool注入地址：127.0.0.1:6379
2018-11-10 00:43:27.730 INFO  org.springframework.boot.web.servlet.FilterRegistrationBean Line:245 - Mapping filter: 'corsFilter' to: [/*]
2018-11-10 00:43:27.731 INFO  org.springframework.boot.web.servlet.FilterRegistrationBean Line:245 - Mapping filter: 'characterEncodingFilter' to: [/*]
2018-11-10 00:43:27.732 INFO  org.springframework.boot.web.servlet.FilterRegistrationBean Line:258 - Mapping filter: 'jwtVerificationFilter' to urls: [/*]
2018-11-10 00:43:27.732 INFO  org.springframework.boot.web.servlet.FilterRegistrationBean Line:258 - Mapping filter: 'loginFilter' to urls: [/*]
2018-11-10 00:43:27.732 INFO  org.springframework.boot.web.servlet.FilterRegistrationBean Line:258 - Mapping filter: 'permissionFilter' to urls: [/*]
2018-11-10 00:43:27.733 INFO  org.springframework.boot.web.servlet.FilterRegistrationBean Line:258 - Mapping filter: 'webStatFilter' to urls: [/*]
2018-11-10 00:43:27.733 INFO  org.springframework.boot.web.servlet.ServletRegistrationBean Line:187 - Servlet statViewServlet mapped to [/leihfei/druid/*]
2018-11-10 00:43:27.735 INFO  org.springframework.boot.web.servlet.ServletRegistrationBean Line:187 - Servlet dispatcherServlet mapped to [/]
2018-11-10 00:43:27.750 INFO  com.lnlr.common.filter.JwtVerificationFilter Line:43  - 初始化Jwt拦截器,生成拦截器url
2018-11-10 00:43:28.366 INFO  com.lnlr.common.filter.LoginFilter Line:41  - 初始化登录拦截器
2018-11-10 00:43:28.933 INFO  com.lnlr.WebConfig Line:70  - 配置过滤器，并且配置过滤器放过url
2018-11-10 00:43:29.003 INFO  org.springframework.web.servlet.mvc.method.annotation.RequestMappingHandlerMapping Line:549 - Mapped "{[/error],methods=[POST]}" onto public com.lnlr.common.response.Response com.lnlr.security.controller.ErrorController.error()
2018-11-10 00:43:29.006 INFO  org.springframework.web.servlet.mvc.method.annotation.RequestMappingHandlerMapping Line:549 - Mapped "{[/sys/log/page],methods=[POST]}" onto public com.lnlr.common.response.Response com.lnlr.security.controller.LogController.page(com.lnlr.common.jpa.model.NgPager)
2018-11-10 00:43:29.009 INFO  org.springframework.web.servlet.mvc.method.annotation.RequestMappingHandlerMapping Line:549 - Mapped "{[/sys/authorizing/flush],methods=[GET]}" onto public com.lnlr.common.response.Response com.lnlr.security.controller.LoginController.flush()
2018-11-10 00:43:29.010 INFO  org.springframework.web.servlet.mvc.method.annotation.RequestMappingHandlerMapping Line:549 - Mapped "{[/sys/authorizing/logout],methods=[GET]}" onto public com.lnlr.common.response.Response com.lnlr.security.controller.LoginController.logout()
2018-11-10 00:43:29.010 INFO  org.springframework.web.servlet.mvc.method.annotation.RequestMappingHandlerMapping Line:549 - Mapped "{[/sys/authorizing/login],methods=[POST]}" onto public com.lnlr.common.response.Response com.lnlr.security.controller.LoginController.login(com.lnlr.security.pojo.master.param.LoginParam,javax.servlet.http.HttpServletRequest)
2018-11-10 00:43:29.010 INFO  org.springframework.web.servlet.mvc.method.annotation.RequestMappingHandlerMapping Line:549 - Mapped "{[/sys/authorizing/create_tokem],methods=[GET]}" onto public com.lnlr.common.response.Response com.lnlr.security.controller.LoginController.create_tokem(javax.servlet.http.HttpServletRequest)
2018-11-10 00:43:29.011 INFO  org.springframework.web.servlet.mvc.method.annotation.RequestMappingHandlerMapping Line:549 - Mapped "{[/sys/authorizing/unauthorized],methods=[GET]}" onto public com.lnlr.common.response.Response com.lnlr.security.controller.LoginController.unauthorized()
2018-11-10 00:43:29.011 INFO  org.springframework.web.servlet.mvc.method.annotation.RequestMappingHandlerMapping Line:549 - Mapped "{[/sys/authorizing/unauth],methods=[GET]}" onto public com.lnlr.common.response.Response com.lnlr.security.controller.LoginController.unauth()
2018-11-10 00:43:29.013 INFO  org.springframework.web.servlet.mvc.method.annotation.RequestMappingHandlerMapping Line:549 - Mapped "{[/sys/acl/update.json],methods=[POST]}" onto public com.lnlr.common.response.Response com.lnlr.security.controller.SysAclController.update(com.lnlr.security.pojo.master.dto.AclParam)
2018-11-10 00:43:29.014 INFO  org.springframework.web.servlet.mvc.method.annotation.RequestMappingHandlerMapping Line:549 - Mapped "{[/sys/acl/delete.json],methods=[POST]}" onto public com.lnlr.common.response.Response com.lnlr.security.controller.SysAclController.delete(com.lnlr.common.entity.IdEntity)
2018-11-10 00:43:29.014 INFO  org.springframework.web.servlet.mvc.method.annotation.RequestMappingHandlerMapping Line:549 - Mapped "{[/sys/acl/create.json],methods=[POST]}" onto public com.lnlr.common.response.Response com.lnlr.security.controller.SysAclController.create(com.lnlr.security.pojo.master.dto.AclParam)
2018-11-10 00:43:29.014 INFO  org.springframework.web.servlet.mvc.method.annotation.RequestMappingHandlerMapping Line:549 - Mapped "{[/sys/acl/page.json],methods=[POST]}" onto public com.lnlr.common.response.Response com.lnlr.security.controller.SysAclController.page(com.lnlr.common.jpa.model.NgPager)
2018-11-10 00:43:29.018 INFO  org.springframework.web.servlet.mvc.method.annotation.RequestMappingHandlerMapping Line:549 - Mapped "{[/sys/aclModule/update.json],methods=[POST]}" onto public com.lnlr.common.response.Response com.lnlr.security.controller.SysAclModuleController.update(com.lnlr.security.pojo.master.dto.AclModuleParam)
2018-11-10 00:43:29.018 INFO  org.springframework.web.servlet.mvc.method.annotation.RequestMappingHandlerMapping Line:549 - Mapped "{[/sys/aclModule/delete.json],methods=[POST]}" onto public com.lnlr.common.response.Response com.lnlr.security.controller.SysAclModuleController.delete(com.lnlr.common.entity.IdEntity)
2018-11-10 00:43:29.019 INFO  org.springframework.web.servlet.mvc.method.annotation.RequestMappingHandlerMapping Line:549 - Mapped "{[/sys/aclModule/create.json],methods=[POST]}" onto public com.lnlr.common.response.Response com.lnlr.security.controller.SysAclModuleController.create(com.lnlr.security.pojo.master.dto.AclModuleParam)
2018-11-10 00:43:29.019 INFO  org.springframework.web.servlet.mvc.method.annotation.RequestMappingHandlerMapping Line:549 - Mapped "{[/sys/aclModule/tree.json],methods=[GET]}" onto public com.lnlr.common.response.Response com.lnlr.security.controller.SysAclModuleController.tree()
2018-11-10 00:43:29.019 INFO  org.springframework.web.servlet.mvc.method.annotation.RequestMappingHandlerMapping Line:549 - Mapped "{[/sys/aclModule/page.json],methods=[POST]}" onto public com.lnlr.common.response.Response com.lnlr.security.controller.SysAclModuleController.page(com.lnlr.common.jpa.model.NgPager)
2018-11-10 00:43:29.021 INFO  org.springframework.web.servlet.mvc.method.annotation.RequestMappingHandlerMapping Line:549 - Mapped "{[/sys/dept/update.json],methods=[POST]}" onto public com.lnlr.common.response.Response com.lnlr.security.controller.SysDeptController.update(com.lnlr.security.pojo.master.dto.DeptParam)
2018-11-10 00:43:29.021 INFO  org.springframework.web.servlet.mvc.method.annotation.RequestMappingHandlerMapping Line:549 - Mapped "{[/sys/dept/delete.json],methods=[POST]}" onto public com.lnlr.common.response.Response com.lnlr.security.controller.SysDeptController.delete(com.lnlr.common.entity.IdEntity)
2018-11-10 00:43:29.022 INFO  org.springframework.web.servlet.mvc.method.annotation.RequestMappingHandlerMapping Line:549 - Mapped "{[/sys/dept/create.json],methods=[POST]}" onto public com.lnlr.common.response.Response com.lnlr.security.controller.SysDeptController.create(com.lnlr.security.pojo.master.dto.DeptParam)
2018-11-10 00:43:29.022 INFO  org.springframework.web.servlet.mvc.method.annotation.RequestMappingHandlerMapping Line:549 - Mapped "{[/sys/dept/tree.json],methods=[GET]}" onto public com.lnlr.common.response.Response com.lnlr.security.controller.SysDeptController.tree()
2018-11-10 00:43:29.022 INFO  org.springframework.web.servlet.mvc.method.annotation.RequestMappingHandlerMapping Line:549 - Mapped "{[/sys/dept/page.json],methods=[POST]}" onto public com.lnlr.common.response.Response com.lnlr.security.controller.SysDeptController.page(com.lnlr.common.jpa.model.NgPager)
2018-11-10 00:43:29.026 INFO  org.springframework.web.servlet.mvc.method.annotation.RequestMappingHandlerMapping Line:549 - Mapped "{[/sys/role/update.json],methods=[POST]}" onto public com.lnlr.common.response.Response com.lnlr.security.controller.SysRoleController.update(com.lnlr.security.pojo.master.dto.RoleParam)
2018-11-10 00:43:29.027 INFO  org.springframework.web.servlet.mvc.method.annotation.RequestMappingHandlerMapping Line:549 - Mapped "{[/sys/role/delete.json],methods=[POST]}" onto public com.lnlr.common.response.Response com.lnlr.security.controller.SysRoleController.delete(com.lnlr.common.entity.IdEntity)
2018-11-10 00:43:29.028 INFO  org.springframework.web.servlet.mvc.method.annotation.RequestMappingHandlerMapping Line:549 - Mapped "{[/sys/role/create.json],methods=[POST]}" onto public com.lnlr.common.response.Response com.lnlr.security.controller.SysRoleController.create(com.lnlr.security.pojo.master.dto.RoleParam)
2018-11-10 00:43:29.028 INFO  org.springframework.web.servlet.mvc.method.annotation.RequestMappingHandlerMapping Line:549 - Mapped "{[/sys/role/list.json],methods=[POST]}" onto public com.lnlr.common.response.Response com.lnlr.security.controller.SysRoleController.list()
2018-11-10 00:43:29.029 INFO  org.springframework.web.servlet.mvc.method.annotation.RequestMappingHandlerMapping Line:549 - Mapped "{[/sys/role/page.json],methods=[POST]}" onto public com.lnlr.common.response.Response com.lnlr.security.controller.SysRoleController.page(com.lnlr.common.jpa.model.NgPager)
2018-11-10 00:43:29.029 INFO  org.springframework.web.servlet.mvc.method.annotation.RequestMappingHandlerMapping Line:549 - Mapped "{[/sys/role/users.json],methods=[POST]}" onto public com.lnlr.common.response.Response com.lnlr.security.controller.SysRoleController.users(com.lnlr.common.entity.IdEntity)
2018-11-10 00:43:29.029 INFO  org.springframework.web.servlet.mvc.method.annotation.RequestMappingHandlerMapping Line:549 - Mapped "{[/sys/role/roleTree.json],methods=[POST]}" onto public com.lnlr.common.response.Response com.lnlr.security.controller.SysRoleController.roleTree(com.lnlr.common.entity.IdEntity)
2018-11-10 00:43:29.029 INFO  org.springframework.web.servlet.mvc.method.annotation.RequestMappingHandlerMapping Line:549 - Mapped "{[/sys/role/changeAcls.json],methods=[POST]}" onto public com.lnlr.common.response.Response com.lnlr.security.controller.SysRoleController.changeAcls(com.lnlr.security.pojo.master.dto.RoleAclOperatorDTO)
2018-11-10 00:43:29.031 INFO  org.springframework.web.servlet.mvc.method.annotation.RequestMappingHandlerMapping Line:549 - Mapped "{[/sys/user/update.json],methods=[POST]}" onto public com.lnlr.common.response.Response com.lnlr.security.controller.SysUserController.update(com.lnlr.security.pojo.master.dto.UserParam)
2018-11-10 00:43:29.031 INFO  org.springframework.web.servlet.mvc.method.annotation.RequestMappingHandlerMapping Line:549 - Mapped "{[/sys/user/create.json],methods=[POST]}" onto public com.lnlr.common.response.Response com.lnlr.security.controller.SysUserController.create(com.lnlr.security.pojo.master.dto.UserParam)
2018-11-10 00:43:29.032 INFO  org.springframework.web.servlet.mvc.method.annotation.RequestMappingHandlerMapping Line:549 - Mapped "{[/sys/user/test.json],methods=[GET]}" onto public com.lnlr.common.response.Response com.lnlr.security.controller.SysUserController.test(javax.servlet.http.HttpServletResponse) throws java.io.IOException
2018-11-10 00:43:29.032 INFO  org.springframework.web.servlet.mvc.method.annotation.RequestMappingHandlerMapping Line:549 - Mapped "{[/sys/user/acls.json],methods=[POST]}" onto public com.lnlr.common.response.Response com.lnlr.security.controller.SysUserController.acls(com.lnlr.common.entity.IdEntity)
2018-11-10 00:43:29.032 INFO  org.springframework.web.servlet.mvc.method.annotation.RequestMappingHandlerMapping Line:549 - Mapped "{[/sys/user/page.json],methods=[POST]}" onto public com.lnlr.common.response.Response com.lnlr.security.controller.SysUserController.page(com.lnlr.common.jpa.model.NgPager)
2018-11-10 00:43:29.033 INFO  org.springframework.web.servlet.mvc.method.annotation.RequestMappingHandlerMapping Line:549 - Mapped "{[/sys/user/checkPass.json],methods=[POST]}" onto public com.lnlr.common.response.Response com.lnlr.security.controller.SysUserController.checkPass(com.lnlr.security.pojo.master.dto.CheckPassParam)
2018-11-10 00:43:29.033 INFO  org.springframework.web.servlet.mvc.method.annotation.RequestMappingHandlerMapping Line:549 - Mapped "{[/sys/user/updatePass.json],methods=[POST]}" onto public com.lnlr.common.response.Response com.lnlr.security.controller.SysUserController.updatePass(com.lnlr.security.pojo.master.dto.CheckPassParam)
2018-11-10 00:43:29.037 INFO  org.springframework.web.servlet.mvc.method.annotation.RequestMappingHandlerMapping Line:549 - Mapped "{[/swagger-resources/configuration/security]}" onto public org.springframework.http.ResponseEntity<springfox.documentation.swagger.web.SecurityConfiguration> springfox.documentation.swagger.web.ApiResourceController.securityConfiguration()
2018-11-10 00:43:29.038 INFO  org.springframework.web.servlet.mvc.method.annotation.RequestMappingHandlerMapping Line:549 - Mapped "{[/swagger-resources]}" onto public org.springframework.http.ResponseEntity<java.util.List<springfox.documentation.swagger.web.SwaggerResource>> springfox.documentation.swagger.web.ApiResourceController.swaggerResources()
2018-11-10 00:43:29.039 INFO  org.springframework.web.servlet.mvc.method.annotation.RequestMappingHandlerMapping Line:549 - Mapped "{[/swagger-resources/configuration/ui]}" onto public org.springframework.http.ResponseEntity<springfox.documentation.swagger.web.UiConfiguration> springfox.documentation.swagger.web.ApiResourceController.uiConfiguration()
2018-11-10 00:43:29.045 INFO  org.springframework.web.servlet.mvc.method.annotation.RequestMappingHandlerMapping Line:549 - Mapped "{[/error]}" onto public org.springframework.http.ResponseEntity<java.util.Map<java.lang.String, java.lang.Object>> org.springframework.boot.autoconfigure.web.servlet.error.BasicErrorController.error(javax.servlet.http.HttpServletRequest)
2018-11-10 00:43:29.046 INFO  org.springframework.web.servlet.mvc.method.annotation.RequestMappingHandlerMapping Line:549 - Mapped "{[/error],produces=[text/html]}" onto public org.springframework.web.servlet.ModelAndView org.springframework.boot.autoconfigure.web.servlet.error.BasicErrorController.errorHtml(javax.servlet.http.HttpServletRequest,javax.servlet.http.HttpServletResponse)
2018-11-10 00:43:29.338 INFO  org.springframework.web.servlet.handler.SimpleUrlHandlerMapping Line:373 - Mapped URL path [/swagger-ui.html] onto handler of type [class org.springframework.web.servlet.resource.ResourceHttpRequestHandler]
2018-11-10 00:43:29.338 INFO  org.springframework.web.servlet.handler.SimpleUrlHandlerMapping Line:373 - Mapped URL path [/webjars/**] onto handler of type [class org.springframework.web.servlet.resource.ResourceHttpRequestHandler]
2018-11-10 00:43:29.753 INFO  org.springframework.web.servlet.mvc.method.annotation.RequestMappingHandlerAdapter Line:588 - Looking for @ControllerAdvice: org.springframework.boot.web.servlet.context.AnnotationConfigServletWebServerApplicationContext@5f9678e1: startup date [Sat Nov 10 00:43:16 CST 2018]; root of context hierarchy
2018-11-10 00:43:29.801 INFO  org.springframework.web.servlet.mvc.method.annotation.ExceptionHandlerExceptionResolver Line:288 - Detected @ExceptionHandler methods in exceptionAdvice
2018-11-10 00:43:30.181 INFO  org.springframework.jmx.export.annotation.AnnotationMBeanExporter Line:433 - Registering beans for JMX exposure on startup
2018-11-10 00:43:30.183 INFO  org.springframework.jmx.export.annotation.AnnotationMBeanExporter Line:895 - Bean with name 'masterDataSource' has been autodetected for JMX exposure
2018-11-10 00:43:30.183 INFO  org.springframework.jmx.export.annotation.AnnotationMBeanExporter Line:895 - Bean with name 'slaveDataSource' has been autodetected for JMX exposure
2018-11-10 00:43:30.190 INFO  org.springframework.jmx.export.annotation.AnnotationMBeanExporter Line:668 - Located MBean 'masterDataSource': registering with JMX server as MBean [com.alibaba.druid.pool:name=masterDataSource,type=DruidDataSource]
2018-11-10 00:43:30.192 INFO  org.springframework.jmx.export.annotation.AnnotationMBeanExporter Line:668 - Located MBean 'slaveDataSource': registering with JMX server as MBean [com.alibaba.druid.pool:name=slaveDataSource,type=DruidDataSource]
2018-11-10 00:43:30.197 INFO  org.springframework.context.support.DefaultLifecycleProcessor Line:356 - Starting beans in phase 2147483647
2018-11-10 00:43:30.554 INFO  org.springframework.boot.web.embedded.tomcat.TomcatWebServer Line:206 - Tomcat started on port(s): 8089 (http) with context path '/security'
2018-11-10 00:43:30.562 INFO  com.lnlr.SecurityApplication Line:59  - Started SecurityApplication in 15.285 seconds (JVM running for 16.623)
2018-11-10 00:43:43.115 INFO  org.springframework.web.servlet.DispatcherServlet Line:494 - FrameworkServlet 'dispatcherServlet': initialization started
2018-11-10 00:43:43.148 INFO  org.springframework.web.servlet.DispatcherServlet Line:509 - FrameworkServlet 'dispatcherServlet': initialization completed in 33 ms
2018-11-10 00:43:43.183 INFO  com.lnlr.common.filter.JwtVerificationFilter Line:55  - 进入JwtFilter
2018-11-10 00:43:43.863 INFO  com.lnlr.common.filter.LoginFilter Line:53  - 进入LoginFilter
2018-11-10 00:43:43.913 INFO  com.lnlr.common.filter.PermissionFilter Line:39  - 进入权限拦截Filter
2018-11-10 00:43:44.314 INFO  com.lnlr.common.interceptor.HttpInterceptor Line:39  - {请求开始时： 当前url:http://localhost:8089/security/sys/acl/create.json,params:{}
2018-11-10 00:43:45.712 INFO  com.lnlr.common.interceptor.HttpInterceptor Line:77  - 请求结束时： 当前请求url:http://localhost:8089/security/sys/acl/create.json,花费:1396
2018-11-10 00:44:33.872 INFO  com.lnlr.common.filter.JwtVerificationFilter Line:55  - 进入JwtFilter
2018-11-10 00:44:33.877 INFO  com.lnlr.common.filter.LoginFilter Line:53  - 进入LoginFilter
2018-11-10 00:44:33.881 INFO  com.lnlr.common.filter.PermissionFilter Line:39  - 进入权限拦截Filter
2018-11-10 00:44:47.718 INFO  com.lnlr.common.interceptor.HttpInterceptor Line:39  - {请求开始时： 当前url:http://localhost:8089/security/sys/acl/create.json,params:{}
2018-11-10 00:44:47.826 INFO  com.lnlr.common.interceptor.HttpInterceptor Line:77  - 请求结束时： 当前请求url:http://localhost:8089/security/sys/acl/create.json,花费:108
2018-11-10 00:47:52.617 INFO  com.lnlr.SecurityApplication Line:50  - Starting SecurityApplication on lnlr with PID 11360 (E:\IDEA_WORK\xzl_work\java-study-component\security\target\classes started by leihf in E:\IDEA_WORK\xzl_work\java-study-component)
2018-11-10 00:47:52.625 INFO  com.lnlr.SecurityApplication Line:658 - The following profiles are active: dev
2018-11-10 00:47:52.706 INFO  org.springframework.boot.web.servlet.context.AnnotationConfigServletWebServerApplicationContext Line:588 - Refreshing org.springframework.boot.web.servlet.context.AnnotationConfigServletWebServerApplicationContext@2cc44ad: startup date [Sat Nov 10 00:47:52 CST 2018]; root of context hierarchy
2018-11-10 00:47:54.386 INFO  org.springframework.context.support.PostProcessorRegistrationDelegate$BeanPostProcessorChecker Line:326 - Bean 'org.springframework.transaction.annotation.ProxyTransactionManagementConfiguration' of type [org.springframework.transaction.annotation.ProxyTransactionManagementConfiguration$$EnhancerBySpringCGLIB$$e5dcf8c1] is not eligible for getting processed by all BeanPostProcessors (for example: not eligible for auto-proxying)
2018-11-10 00:47:54.902 INFO  org.springframework.boot.web.embedded.tomcat.TomcatWebServer Line:91  - Tomcat initialized with port(s): 8089 (http)
2018-11-10 00:47:55.160 INFO  org.springframework.web.context.ContextLoader Line:285 - Root WebApplicationContext: initialization completed in 2454 ms
2018-11-10 00:47:55.634 INFO  org.springframework.orm.jpa.LocalContainerEntityManagerFactoryBean Line:361 - Building JPA container EntityManagerFactory for persistence unit 'MasterPersistenceUnit'
2018-11-10 00:47:58.459 INFO  com.alibaba.druid.pool.DruidDataSource Line:928 - {dataSource-1} inited
2018-11-10 00:47:59.774 INFO  org.springframework.orm.jpa.LocalContainerEntityManagerFactoryBean Line:415 - Initialized JPA EntityManagerFactory for persistence unit 'MasterPersistenceUnit'
2018-11-10 00:47:59.824 INFO  org.springframework.orm.jpa.LocalContainerEntityManagerFactoryBean Line:361 - Building JPA container EntityManagerFactory for persistence unit 'slavePersistenceUnit'
2018-11-10 00:48:01.945 INFO  com.alibaba.druid.pool.DruidDataSource Line:928 - {dataSource-2} inited
2018-11-10 00:48:02.616 INFO  org.springframework.orm.jpa.LocalContainerEntityManagerFactoryBean Line:415 - Initialized JPA EntityManagerFactory for persistence unit 'slavePersistenceUnit'
2018-11-10 00:48:02.857 INFO  com.lnlr.config.redis.RedisConfig Line:29  - redisPool注入地址：127.0.0.1:6379
2018-11-10 00:48:03.264 INFO  org.springframework.boot.web.servlet.FilterRegistrationBean Line:245 - Mapping filter: 'corsFilter' to: [/*]
2018-11-10 00:48:03.265 INFO  org.springframework.boot.web.servlet.FilterRegistrationBean Line:245 - Mapping filter: 'characterEncodingFilter' to: [/*]
2018-11-10 00:48:03.265 INFO  org.springframework.boot.web.servlet.FilterRegistrationBean Line:258 - Mapping filter: 'jwtVerificationFilter' to urls: [/*]
2018-11-10 00:48:03.265 INFO  org.springframework.boot.web.servlet.FilterRegistrationBean Line:258 - Mapping filter: 'loginFilter' to urls: [/*]
2018-11-10 00:48:03.266 INFO  org.springframework.boot.web.servlet.FilterRegistrationBean Line:258 - Mapping filter: 'permissionFilter' to urls: [/*]
2018-11-10 00:48:03.266 INFO  org.springframework.boot.web.servlet.FilterRegistrationBean Line:258 - Mapping filter: 'webStatFilter' to urls: [/*]
2018-11-10 00:48:03.266 INFO  org.springframework.boot.web.servlet.ServletRegistrationBean Line:187 - Servlet statViewServlet mapped to [/leihfei/druid/*]
2018-11-10 00:48:03.267 INFO  org.springframework.boot.web.servlet.ServletRegistrationBean Line:187 - Servlet dispatcherServlet mapped to [/]
2018-11-10 00:48:03.281 INFO  com.lnlr.common.filter.JwtVerificationFilter Line:43  - 初始化Jwt拦截器,生成拦截器url
2018-11-10 00:48:03.858 INFO  com.lnlr.common.filter.LoginFilter Line:41  - 初始化登录拦截器
2018-11-10 00:48:04.360 INFO  com.lnlr.WebConfig Line:70  - 配置过滤器，并且配置过滤器放过url
2018-11-10 00:48:04.426 INFO  org.springframework.web.servlet.mvc.method.annotation.RequestMappingHandlerMapping Line:549 - Mapped "{[/error],methods=[POST]}" onto public com.lnlr.common.response.Response com.lnlr.security.controller.ErrorController.error()
2018-11-10 00:48:04.430 INFO  org.springframework.web.servlet.mvc.method.annotation.RequestMappingHandlerMapping Line:549 - Mapped "{[/sys/log/page],methods=[POST]}" onto public com.lnlr.common.response.Response com.lnlr.security.controller.LogController.page(com.lnlr.common.jpa.model.NgPager)
2018-11-10 00:48:04.432 INFO  org.springframework.web.servlet.mvc.method.annotation.RequestMappingHandlerMapping Line:549 - Mapped "{[/sys/authorizing/flush],methods=[GET]}" onto public com.lnlr.common.response.Response com.lnlr.security.controller.LoginController.flush()
2018-11-10 00:48:04.433 INFO  org.springframework.web.servlet.mvc.method.annotation.RequestMappingHandlerMapping Line:549 - Mapped "{[/sys/authorizing/unauth],methods=[GET]}" onto public com.lnlr.common.response.Response com.lnlr.security.controller.LoginController.unauth()
2018-11-10 00:48:04.433 INFO  org.springframework.web.servlet.mvc.method.annotation.RequestMappingHandlerMapping Line:549 - Mapped "{[/sys/authorizing/create_tokem],methods=[GET]}" onto public com.lnlr.common.response.Response com.lnlr.security.controller.LoginController.create_tokem(javax.servlet.http.HttpServletRequest)
2018-11-10 00:48:04.434 INFO  org.springframework.web.servlet.mvc.method.annotation.RequestMappingHandlerMapping Line:549 - Mapped "{[/sys/authorizing/login],methods=[POST]}" onto public com.lnlr.common.response.Response com.lnlr.security.controller.LoginController.login(com.lnlr.security.pojo.master.param.LoginParam,javax.servlet.http.HttpServletRequest)
2018-11-10 00:48:04.434 INFO  org.springframework.web.servlet.mvc.method.annotation.RequestMappingHandlerMapping Line:549 - Mapped "{[/sys/authorizing/unauthorized],methods=[GET]}" onto public com.lnlr.common.response.Response com.lnlr.security.controller.LoginController.unauthorized()
2018-11-10 00:48:04.435 INFO  org.springframework.web.servlet.mvc.method.annotation.RequestMappingHandlerMapping Line:549 - Mapped "{[/sys/authorizing/logout],methods=[GET]}" onto public com.lnlr.common.response.Response com.lnlr.security.controller.LoginController.logout()
2018-11-10 00:48:04.437 INFO  org.springframework.web.servlet.mvc.method.annotation.RequestMappingHandlerMapping Line:549 - Mapped "{[/sys/acl/update.json],methods=[POST]}" onto public com.lnlr.common.response.Response com.lnlr.security.controller.SysAclController.update(com.lnlr.security.pojo.master.dto.AclParam)
2018-11-10 00:48:04.437 INFO  org.springframework.web.servlet.mvc.method.annotation.RequestMappingHandlerMapping Line:549 - Mapped "{[/sys/acl/delete.json],methods=[POST]}" onto public com.lnlr.common.response.Response com.lnlr.security.controller.SysAclController.delete(com.lnlr.common.entity.IdEntity)
2018-11-10 00:48:04.438 INFO  org.springframework.web.servlet.mvc.method.annotation.RequestMappingHandlerMapping Line:549 - Mapped "{[/sys/acl/create.json],methods=[POST]}" onto public com.lnlr.common.response.Response com.lnlr.security.controller.SysAclController.create(com.lnlr.security.pojo.master.dto.AclParam)
2018-11-10 00:48:04.439 INFO  org.springframework.web.servlet.mvc.method.annotation.RequestMappingHandlerMapping Line:549 - Mapped "{[/sys/acl/page.json],methods=[POST]}" onto public com.lnlr.common.response.Response com.lnlr.security.controller.SysAclController.page(com.lnlr.common.jpa.model.NgPager)
2018-11-10 00:48:04.442 INFO  org.springframework.web.servlet.mvc.method.annotation.RequestMappingHandlerMapping Line:549 - Mapped "{[/sys/aclModule/update.json],methods=[POST]}" onto public com.lnlr.common.response.Response com.lnlr.security.controller.SysAclModuleController.update(com.lnlr.security.pojo.master.dto.AclModuleParam)
2018-11-10 00:48:04.443 INFO  org.springframework.web.servlet.mvc.method.annotation.RequestMappingHandlerMapping Line:549 - Mapped "{[/sys/aclModule/delete.json],methods=[POST]}" onto public com.lnlr.common.response.Response com.lnlr.security.controller.SysAclModuleController.delete(com.lnlr.common.entity.IdEntity)
2018-11-10 00:48:04.443 INFO  org.springframework.web.servlet.mvc.method.annotation.RequestMappingHandlerMapping Line:549 - Mapped "{[/sys/aclModule/create.json],methods=[POST]}" onto public com.lnlr.common.response.Response com.lnlr.security.controller.SysAclModuleController.create(com.lnlr.security.pojo.master.dto.AclModuleParam)
2018-11-10 00:48:04.444 INFO  org.springframework.web.servlet.mvc.method.annotation.RequestMappingHandlerMapping Line:549 - Mapped "{[/sys/aclModule/tree.json],methods=[GET]}" onto public com.lnlr.common.response.Response com.lnlr.security.controller.SysAclModuleController.tree()
2018-11-10 00:48:04.444 INFO  org.springframework.web.servlet.mvc.method.annotation.RequestMappingHandlerMapping Line:549 - Mapped "{[/sys/aclModule/page.json],methods=[POST]}" onto public com.lnlr.common.response.Response com.lnlr.security.controller.SysAclModuleController.page(com.lnlr.common.jpa.model.NgPager)
2018-11-10 00:48:04.445 INFO  org.springframework.web.servlet.mvc.method.annotation.RequestMappingHandlerMapping Line:549 - Mapped "{[/sys/dept/update.json],methods=[POST]}" onto public com.lnlr.common.response.Response com.lnlr.security.controller.SysDeptController.update(com.lnlr.security.pojo.master.dto.DeptParam)
2018-11-10 00:48:04.446 INFO  org.springframework.web.servlet.mvc.method.annotation.RequestMappingHandlerMapping Line:549 - Mapped "{[/sys/dept/delete.json],methods=[POST]}" onto public com.lnlr.common.response.Response com.lnlr.security.controller.SysDeptController.delete(com.lnlr.common.entity.IdEntity)
2018-11-10 00:48:04.446 INFO  org.springframework.web.servlet.mvc.method.annotation.RequestMappingHandlerMapping Line:549 - Mapped "{[/sys/dept/create.json],methods=[POST]}" onto public com.lnlr.common.response.Response com.lnlr.security.controller.SysDeptController.create(com.lnlr.security.pojo.master.dto.DeptParam)
2018-11-10 00:48:04.446 INFO  org.springframework.web.servlet.mvc.method.annotation.RequestMappingHandlerMapping Line:549 - Mapped "{[/sys/dept/tree.json],methods=[GET]}" onto public com.lnlr.common.response.Response com.lnlr.security.controller.SysDeptController.tree()
2018-11-10 00:48:04.447 INFO  org.springframework.web.servlet.mvc.method.annotation.RequestMappingHandlerMapping Line:549 - Mapped "{[/sys/dept/page.json],methods=[POST]}" onto public com.lnlr.common.response.Response com.lnlr.security.controller.SysDeptController.page(com.lnlr.common.jpa.model.NgPager)
2018-11-10 00:48:04.451 INFO  org.springframework.web.servlet.mvc.method.annotation.RequestMappingHandlerMapping Line:549 - Mapped "{[/sys/role/update.json],methods=[POST]}" onto public com.lnlr.common.response.Response com.lnlr.security.controller.SysRoleController.update(com.lnlr.security.pojo.master.dto.RoleParam)
2018-11-10 00:48:04.452 INFO  org.springframework.web.servlet.mvc.method.annotation.RequestMappingHandlerMapping Line:549 - Mapped "{[/sys/role/delete.json],methods=[POST]}" onto public com.lnlr.common.response.Response com.lnlr.security.controller.SysRoleController.delete(com.lnlr.common.entity.IdEntity)
2018-11-10 00:48:04.453 INFO  org.springframework.web.servlet.mvc.method.annotation.RequestMappingHandlerMapping Line:549 - Mapped "{[/sys/role/create.json],methods=[POST]}" onto public com.lnlr.common.response.Response com.lnlr.security.controller.SysRoleController.create(com.lnlr.security.pojo.master.dto.RoleParam)
2018-11-10 00:48:04.453 INFO  org.springframework.web.servlet.mvc.method.annotation.RequestMappingHandlerMapping Line:549 - Mapped "{[/sys/role/list.json],methods=[POST]}" onto public com.lnlr.common.response.Response com.lnlr.security.controller.SysRoleController.list()
2018-11-10 00:48:04.453 INFO  org.springframework.web.servlet.mvc.method.annotation.RequestMappingHandlerMapping Line:549 - Mapped "{[/sys/role/page.json],methods=[POST]}" onto public com.lnlr.common.response.Response com.lnlr.security.controller.SysRoleController.page(com.lnlr.common.jpa.model.NgPager)
2018-11-10 00:48:04.454 INFO  org.springframework.web.servlet.mvc.method.annotation.RequestMappingHandlerMapping Line:549 - Mapped "{[/sys/role/roleTree.json],methods=[POST]}" onto public com.lnlr.common.response.Response com.lnlr.security.controller.SysRoleController.roleTree(com.lnlr.common.entity.IdEntity)
2018-11-10 00:48:04.455 INFO  org.springframework.web.servlet.mvc.method.annotation.RequestMappingHandlerMapping Line:549 - Mapped "{[/sys/role/changeAcls.json],methods=[POST]}" onto public com.lnlr.common.response.Response com.lnlr.security.controller.SysRoleController.changeAcls(com.lnlr.security.pojo.master.dto.RoleAclOperatorDTO)
2018-11-10 00:48:04.455 INFO  org.springframework.web.servlet.mvc.method.annotation.RequestMappingHandlerMapping Line:549 - Mapped "{[/sys/role/users.json],methods=[POST]}" onto public com.lnlr.common.response.Response com.lnlr.security.controller.SysRoleController.users(com.lnlr.common.entity.IdEntity)
2018-11-10 00:48:04.457 INFO  org.springframework.web.servlet.mvc.method.annotation.RequestMappingHandlerMapping Line:549 - Mapped "{[/sys/user/update.json],methods=[POST]}" onto public com.lnlr.common.response.Response com.lnlr.security.controller.SysUserController.update(com.lnlr.security.pojo.master.dto.UserParam)
2018-11-10 00:48:04.458 INFO  org.springframework.web.servlet.mvc.method.annotation.RequestMappingHandlerMapping Line:549 - Mapped "{[/sys/user/create.json],methods=[POST]}" onto public com.lnlr.common.response.Response com.lnlr.security.controller.SysUserController.create(com.lnlr.security.pojo.master.dto.UserParam)
2018-11-10 00:48:04.458 INFO  org.springframework.web.servlet.mvc.method.annotation.RequestMappingHandlerMapping Line:549 - Mapped "{[/sys/user/test.json],methods=[GET]}" onto public com.lnlr.common.response.Response com.lnlr.security.controller.SysUserController.test(javax.servlet.http.HttpServletResponse) throws java.io.IOException
2018-11-10 00:48:04.459 INFO  org.springframework.web.servlet.mvc.method.annotation.RequestMappingHandlerMapping Line:549 - Mapped "{[/sys/user/acls.json],methods=[POST]}" onto public com.lnlr.common.response.Response com.lnlr.security.controller.SysUserController.acls(com.lnlr.common.entity.IdEntity)
2018-11-10 00:48:04.459 INFO  org.springframework.web.servlet.mvc.method.annotation.RequestMappingHandlerMapping Line:549 - Mapped "{[/sys/user/page.json],methods=[POST]}" onto public com.lnlr.common.response.Response com.lnlr.security.controller.SysUserController.page(com.lnlr.common.jpa.model.NgPager)
2018-11-10 00:48:04.460 INFO  org.springframework.web.servlet.mvc.method.annotation.RequestMappingHandlerMapping Line:549 - Mapped "{[/sys/user/checkPass.json],methods=[POST]}" onto public com.lnlr.common.response.Response com.lnlr.security.controller.SysUserController.checkPass(com.lnlr.security.pojo.master.dto.CheckPassParam)
2018-11-10 00:48:04.461 INFO  org.springframework.web.servlet.mvc.method.annotation.RequestMappingHandlerMapping Line:549 - Mapped "{[/sys/user/updatePass.json],methods=[POST]}" onto public com.lnlr.common.response.Response com.lnlr.security.controller.SysUserController.updatePass(com.lnlr.security.pojo.master.dto.CheckPassParam)
2018-11-10 00:48:04.466 INFO  org.springframework.web.servlet.mvc.method.annotation.RequestMappingHandlerMapping Line:549 - Mapped "{[/swagger-resources/configuration/ui]}" onto public org.springframework.http.ResponseEntity<springfox.documentation.swagger.web.UiConfiguration> springfox.documentation.swagger.web.ApiResourceController.uiConfiguration()
2018-11-10 00:48:04.468 INFO  org.springframework.web.servlet.mvc.method.annotation.RequestMappingHandlerMapping Line:549 - Mapped "{[/swagger-resources]}" onto public org.springframework.http.ResponseEntity<java.util.List<springfox.documentation.swagger.web.SwaggerResource>> springfox.documentation.swagger.web.ApiResourceController.swaggerResources()
2018-11-10 00:48:04.469 INFO  org.springframework.web.servlet.mvc.method.annotation.RequestMappingHandlerMapping Line:549 - Mapped "{[/swagger-resources/configuration/security]}" onto public org.springframework.http.ResponseEntity<springfox.documentation.swagger.web.SecurityConfiguration> springfox.documentation.swagger.web.ApiResourceController.securityConfiguration()
2018-11-10 00:48:04.474 INFO  org.springframework.web.servlet.mvc.method.annotation.RequestMappingHandlerMapping Line:549 - Mapped "{[/error]}" onto public org.springframework.http.ResponseEntity<java.util.Map<java.lang.String, java.lang.Object>> org.springframework.boot.autoconfigure.web.servlet.error.BasicErrorController.error(javax.servlet.http.HttpServletRequest)
2018-11-10 00:48:04.475 INFO  org.springframework.web.servlet.mvc.method.annotation.RequestMappingHandlerMapping Line:549 - Mapped "{[/error],produces=[text/html]}" onto public org.springframework.web.servlet.ModelAndView org.springframework.boot.autoconfigure.web.servlet.error.BasicErrorController.errorHtml(javax.servlet.http.HttpServletRequest,javax.servlet.http.HttpServletResponse)
2018-11-10 00:48:04.711 INFO  org.springframework.web.servlet.handler.SimpleUrlHandlerMapping Line:373 - Mapped URL path [/swagger-ui.html] onto handler of type [class org.springframework.web.servlet.resource.ResourceHttpRequestHandler]
2018-11-10 00:48:04.711 INFO  org.springframework.web.servlet.handler.SimpleUrlHandlerMapping Line:373 - Mapped URL path [/webjars/**] onto handler of type [class org.springframework.web.servlet.resource.ResourceHttpRequestHandler]
2018-11-10 00:48:05.116 INFO  org.springframework.web.servlet.mvc.method.annotation.RequestMappingHandlerAdapter Line:588 - Looking for @ControllerAdvice: org.springframework.boot.web.servlet.context.AnnotationConfigServletWebServerApplicationContext@2cc44ad: startup date [Sat Nov 10 00:47:52 CST 2018]; root of context hierarchy
2018-11-10 00:48:05.162 INFO  org.springframework.web.servlet.mvc.method.annotation.ExceptionHandlerExceptionResolver Line:288 - Detected @ExceptionHandler methods in exceptionAdvice
2018-11-10 00:48:05.531 INFO  org.springframework.jmx.export.annotation.AnnotationMBeanExporter Line:433 - Registering beans for JMX exposure on startup
2018-11-10 00:48:05.532 INFO  org.springframework.jmx.export.annotation.AnnotationMBeanExporter Line:895 - Bean with name 'masterDataSource' has been autodetected for JMX exposure
2018-11-10 00:48:05.533 INFO  org.springframework.jmx.export.annotation.AnnotationMBeanExporter Line:895 - Bean with name 'slaveDataSource' has been autodetected for JMX exposure
2018-11-10 00:48:05.541 INFO  org.springframework.jmx.export.annotation.AnnotationMBeanExporter Line:668 - Located MBean 'masterDataSource': registering with JMX server as MBean [com.alibaba.druid.pool:name=masterDataSource,type=DruidDataSource]
2018-11-10 00:48:05.542 INFO  org.springframework.jmx.export.annotation.AnnotationMBeanExporter Line:668 - Located MBean 'slaveDataSource': registering with JMX server as MBean [com.alibaba.druid.pool:name=slaveDataSource,type=DruidDataSource]
2018-11-10 00:48:05.547 INFO  org.springframework.context.support.DefaultLifecycleProcessor Line:356 - Starting beans in phase 2147483647
2018-11-10 00:48:05.890 INFO  org.springframework.boot.web.embedded.tomcat.TomcatWebServer Line:206 - Tomcat started on port(s): 8089 (http) with context path '/security'
2018-11-10 00:48:05.894 INFO  com.lnlr.SecurityApplication Line:59  - Started SecurityApplication in 14.779 seconds (JVM running for 16.721)
2018-11-10 00:48:21.120 INFO  org.springframework.web.servlet.DispatcherServlet Line:494 - FrameworkServlet 'dispatcherServlet': initialization started
2018-11-10 00:48:21.147 INFO  org.springframework.web.servlet.DispatcherServlet Line:509 - FrameworkServlet 'dispatcherServlet': initialization completed in 27 ms
2018-11-10 00:48:21.168 INFO  com.lnlr.common.filter.JwtVerificationFilter Line:55  - 进入JwtFilter
2018-11-10 00:48:21.509 INFO  com.lnlr.common.filter.LoginFilter Line:53  - 进入LoginFilter
2018-11-10 00:48:21.546 INFO  com.lnlr.common.filter.PermissionFilter Line:39  - 进入权限拦截Filter
2018-11-10 00:48:21.967 INFO  com.lnlr.common.filter.JwtVerificationFilter Line:55  - 进入JwtFilter
2018-11-10 00:48:21.968 INFO  com.lnlr.common.utils.ExcludePathUtils Line:60  - 该请求:/sys/authorizing/unauthorized 不需要验证
2018-11-10 00:48:21.969 INFO  com.lnlr.common.filter.LoginFilter Line:53  - 进入LoginFilter
2018-11-10 00:48:21.970 INFO  com.lnlr.common.utils.ExcludePathUtils Line:60  - 该请求:/sys/authorizing/unauthorized 不需要验证
2018-11-10 00:48:21.971 INFO  com.lnlr.common.filter.PermissionFilter Line:39  - 进入权限拦截Filter
2018-11-10 00:48:21.975 INFO  com.lnlr.common.utils.ExcludePathUtils Line:60  - 该请求:/sys/authorizing/unauthorized 不需要验证
2018-11-10 00:48:22.020 INFO  com.lnlr.common.interceptor.HttpInterceptor Line:39  - {请求开始时： 当前url:http://localhost:8089/security/sys/authorizing/unauthorized,params:{}
2018-11-10 00:48:22.077 INFO  com.lnlr.common.interceptor.HttpInterceptor Line:77  - 请求结束时： 当前请求url:http://localhost:8089/security/sys/authorizing/unauthorized,花费:57
