2018-11-09 22:34:18.469 ERROR org.hibernate.engine.jdbc.spi.SqlExceptionHelper Line:131 - Value '0000-00-00 00:00:00' can not be represented as java.sql.Timestamp
2018-11-09 22:34:18.713 ERROR com.lnlr.common.advice.ExceptionAdvice Line:33  - 全局处理异常
org.springframework.orm.jpa.JpaSystemException: could not execute query; nested exception is org.hibernate.exception.GenericJDBCException: could not execute query
	at org.springframework.orm.jpa.vendor.HibernateJpaDialect.convertHibernateAccessException(HibernateJpaDialect.java:312)
	at org.springframework.orm.jpa.vendor.HibernateJpaDialect.translateExceptionIfPossible(HibernateJpaDialect.java:223)
	at org.springframework.orm.jpa.AbstractEntityManagerFactoryBean.translateExceptionIfPossible(AbstractEntityManagerFactoryBean.java:527)
	at org.springframework.dao.support.ChainedPersistenceExceptionTranslator.translateExceptionIfPossible(ChainedPersistenceExceptionTranslator.java:61)
	at org.springframework.dao.support.DataAccessUtils.translateIfNecessary(DataAccessUtils.java:242)
	at org.springframework.dao.support.PersistenceExceptionTranslationInterceptor.invoke(PersistenceExceptionTranslationInterceptor.java:153)
	at org.springframework.aop.framework.ReflectiveMethodInvocation.proceed(ReflectiveMethodInvocation.java:185)
	at org.springframework.data.jpa.repository.support.CrudMethodMetadataPostProcessor$CrudMethodMetadataPopulatingMethodInterceptor.invoke(CrudMethodMetadataPostProcessor.java:135)
	at org.springframework.aop.framework.ReflectiveMethodInvocation.proceed(ReflectiveMethodInvocation.java:185)
	at org.springframework.aop.interceptor.ExposeInvocationInterceptor.invoke(ExposeInvocationInterceptor.java:92)
	at org.springframework.aop.framework.ReflectiveMethodInvocation.proceed(ReflectiveMethodInvocation.java:185)
	at org.springframework.data.repository.core.support.SurroundingTransactionDetectorMethodInterceptor.invoke(SurroundingTransactionDetectorMethodInterceptor.java:61)
	at org.springframework.aop.framework.ReflectiveMethodInvocation.proceed(ReflectiveMethodInvocation.java:185)
	at org.springframework.aop.framework.JdkDynamicAopProxy.invoke(JdkDynamicAopProxy.java:212)
	at com.sun.proxy.$Proxy106.findAll(Unknown Source)
	at com.lnlr.security.service.impl.SysAclServiceImpl.page(SysAclServiceImpl.java:117)
	at com.lnlr.security.controller.SysAclController.page(SysAclController.java:57)
	at sun.reflect.NativeMethodAccessorImpl.invoke0(Native Method)
	at sun.reflect.NativeMethodAccessorImpl.invoke(NativeMethodAccessorImpl.java:62)
	at sun.reflect.DelegatingMethodAccessorImpl.invoke(DelegatingMethodAccessorImpl.java:43)
	at java.lang.reflect.Method.invoke(Method.java:498)
	at org.springframework.web.method.support.InvocableHandlerMethod.doInvoke(InvocableHandlerMethod.java:209)
	at org.springframework.web.method.support.InvocableHandlerMethod.invokeForRequest(InvocableHandlerMethod.java:136)
	at org.springframework.web.servlet.mvc.method.annotation.ServletInvocableHandlerMethod.invokeAndHandle(ServletInvocableHandlerMethod.java:102)
	at org.springframework.web.servlet.mvc.method.annotation.RequestMappingHandlerAdapter.invokeHandlerMethod(RequestMappingHandlerAdapter.java:891)
	at org.springframework.web.servlet.mvc.method.annotation.RequestMappingHandlerAdapter.handleInternal(RequestMappingHandlerAdapter.java:797)
	at org.springframework.web.servlet.mvc.method.AbstractHandlerMethodAdapter.handle(AbstractHandlerMethodAdapter.java:87)
	at org.springframework.web.servlet.DispatcherServlet.doDispatch(DispatcherServlet.java:991)
	at org.springframework.web.servlet.DispatcherServlet.doService(DispatcherServlet.java:925)
	at org.springframework.web.servlet.FrameworkServlet.processRequest(FrameworkServlet.java:974)
	at org.springframework.web.servlet.FrameworkServlet.doPost(FrameworkServlet.java:877)
	at javax.servlet.http.HttpServlet.service(HttpServlet.java:661)
	at org.springframework.web.servlet.FrameworkServlet.service(FrameworkServlet.java:851)
	at javax.servlet.http.HttpServlet.service(HttpServlet.java:742)
	at org.apache.catalina.core.ApplicationFilterChain.internalDoFilter(ApplicationFilterChain.java:231)
	at org.apache.catalina.core.ApplicationFilterChain.doFilter(ApplicationFilterChain.java:166)
	at org.apache.tomcat.websocket.server.WsFilter.doFilter(WsFilter.java:52)
	at org.apache.catalina.core.ApplicationFilterChain.internalDoFilter(ApplicationFilterChain.java:193)
	at org.apache.catalina.core.ApplicationFilterChain.doFilter(ApplicationFilterChain.java:166)
	at com.alibaba.druid.support.http.WebStatFilter.doFilter(WebStatFilter.java:123)
	at org.apache.catalina.core.ApplicationFilterChain.internalDoFilter(ApplicationFilterChain.java:193)
	at org.apache.catalina.core.ApplicationFilterChain.doFilter(ApplicationFilterChain.java:166)
	at com.lnlr.common.filter.PermissionFilter.doFilter(PermissionFilter.java:53)
	at org.apache.catalina.core.ApplicationFilterChain.internalDoFilter(ApplicationFilterChain.java:193)
	at org.apache.catalina.core.ApplicationFilterChain.doFilter(ApplicationFilterChain.java:166)
	at com.lnlr.common.filter.LoginFilter.doFilter(LoginFilter.java:80)
	at org.apache.catalina.core.ApplicationFilterChain.internalDoFilter(ApplicationFilterChain.java:193)
	at org.apache.catalina.core.ApplicationFilterChain.doFilter(ApplicationFilterChain.java:166)
	at com.lnlr.common.filter.JwtVerificationFilter.doFilter(JwtVerificationFilter.java:81)
	at org.apache.catalina.core.ApplicationFilterChain.internalDoFilter(ApplicationFilterChain.java:193)
	at org.apache.catalina.core.ApplicationFilterChain.doFilter(ApplicationFilterChain.java:166)
	at org.springframework.web.filter.CharacterEncodingFilter.doFilterInternal(CharacterEncodingFilter.java:200)
	at org.springframework.web.filter.OncePerRequestFilter.doFilter(OncePerRequestFilter.java:107)
	at org.apache.catalina.core.ApplicationFilterChain.internalDoFilter(ApplicationFilterChain.java:193)
	at org.apache.catalina.core.ApplicationFilterChain.doFilter(ApplicationFilterChain.java:166)
	at org.springframework.web.filter.CorsFilter.doFilterInternal(CorsFilter.java:96)
	at org.springframework.web.filter.OncePerRequestFilter.doFilter(OncePerRequestFilter.java:107)
	at org.apache.catalina.core.ApplicationFilterChain.internalDoFilter(ApplicationFilterChain.java:193)
	at org.apache.catalina.core.ApplicationFilterChain.doFilter(ApplicationFilterChain.java:166)
	at org.apache.catalina.core.StandardWrapperValve.invoke(StandardWrapperValve.java:198)
	at org.apache.catalina.core.StandardContextValve.invoke(StandardContextValve.java:96)
	at org.apache.catalina.authenticator.AuthenticatorBase.invoke(AuthenticatorBase.java:493)
	at org.apache.catalina.core.StandardHostValve.invoke(StandardHostValve.java:140)
	at org.apache.catalina.valves.ErrorReportValve.invoke(ErrorReportValve.java:81)
	at org.apache.catalina.core.StandardEngineValve.invoke(StandardEngineValve.java:87)
	at org.apache.catalina.connector.CoyoteAdapter.service(CoyoteAdapter.java:342)
	at org.apache.coyote.http11.Http11Processor.service(Http11Processor.java:800)
	at org.apache.coyote.AbstractProcessorLight.process(AbstractProcessorLight.java:66)
	at org.apache.coyote.AbstractProtocol$ConnectionHandler.process(AbstractProtocol.java:806)
	at org.apache.tomcat.util.net.NioEndpoint$SocketProcessor.doRun(NioEndpoint.java:1498)
	at org.apache.tomcat.util.net.SocketProcessorBase.run(SocketProcessorBase.java:49)
	at java.util.concurrent.ThreadPoolExecutor.runWorker(ThreadPoolExecutor.java:1149)
	at java.util.concurrent.ThreadPoolExecutor$Worker.run(ThreadPoolExecutor.java:624)
	at org.apache.tomcat.util.threads.TaskThread$WrappingRunnable.run(TaskThread.java:61)
	at java.lang.Thread.run(Thread.java:748)
Caused by: org.hibernate.exception.GenericJDBCException: could not execute query
	at org.hibernate.exception.internal.StandardSQLExceptionConverter.convert(StandardSQLExceptionConverter.java:47)
	at org.hibernate.engine.jdbc.spi.SqlExceptionHelper.convert(SqlExceptionHelper.java:111)
	at org.hibernate.loader.Loader.doList(Loader.java:2695)
	at org.hibernate.loader.Loader.doList(Loader.java:2675)
	at org.hibernate.loader.Loader.listIgnoreQueryCache(Loader.java:2507)
	at org.hibernate.loader.Loader.list(Loader.java:2502)
	at org.hibernate.loader.hql.QueryLoader.list(QueryLoader.java:502)
	at org.hibernate.hql.internal.ast.QueryTranslatorImpl.list(QueryTranslatorImpl.java:392)
	at org.hibernate.engine.query.spi.HQLQueryPlan.performList(HQLQueryPlan.java:216)
	at org.hibernate.internal.SessionImpl.list(SessionImpl.java:1490)
	at org.hibernate.query.internal.AbstractProducedQuery.doList(AbstractProducedQuery.java:1445)
	at org.hibernate.query.internal.AbstractProducedQuery.list(AbstractProducedQuery.java:1414)
	at org.hibernate.query.Query.getResultList(Query.java:146)
	at org.hibernate.query.criteria.internal.compile.CriteriaQueryTypeQueryAdapter.getResultList(CriteriaQueryTypeQueryAdapter.java:72)
	at org.springframework.data.jpa.repository.support.SimpleJpaRepository.readPage(SimpleJpaRepository.java:570)
	at org.springframework.data.jpa.repository.support.SimpleJpaRepository.findAll(SimpleJpaRepository.java:389)
	at sun.reflect.NativeMethodAccessorImpl.invoke0(Native Method)
	at sun.reflect.NativeMethodAccessorImpl.invoke(NativeMethodAccessorImpl.java:62)
	at sun.reflect.DelegatingMethodAccessorImpl.invoke(DelegatingMethodAccessorImpl.java:43)
	at java.lang.reflect.Method.invoke(Method.java:498)
	at org.springframework.data.repository.core.support.RepositoryComposition$RepositoryFragments.invoke(RepositoryComposition.java:377)
	at org.springframework.data.repository.core.support.RepositoryComposition.invoke(RepositoryComposition.java:200)
	at org.springframework.data.repository.core.support.RepositoryFactorySupport$ImplementationMethodExecutionInterceptor.invoke(RepositoryFactorySupport.java:641)
	at org.springframework.aop.framework.ReflectiveMethodInvocation.proceed(ReflectiveMethodInvocation.java:185)
	at org.springframework.data.repository.core.support.RepositoryFactorySupport$QueryExecutorMethodInterceptor.doInvoke(RepositoryFactorySupport.java:605)
	at org.springframework.data.repository.core.support.RepositoryFactorySupport$QueryExecutorMethodInterceptor.invoke(RepositoryFactorySupport.java:590)
	at org.springframework.aop.framework.ReflectiveMethodInvocation.proceed(ReflectiveMethodInvocation.java:185)
	at org.springframework.data.projection.DefaultMethodInvokingMethodInterceptor.invoke(DefaultMethodInvokingMethodInterceptor.java:59)
	at org.springframework.aop.framework.ReflectiveMethodInvocation.proceed(ReflectiveMethodInvocation.java:185)
	at org.springframework.transaction.interceptor.TransactionAspectSupport.invokeWithinTransaction(TransactionAspectSupport.java:294)
	at org.springframework.transaction.interceptor.TransactionInterceptor.invoke(TransactionInterceptor.java:98)
	at org.springframework.aop.framework.ReflectiveMethodInvocation.proceed(ReflectiveMethodInvocation.java:185)
	at org.springframework.dao.support.PersistenceExceptionTranslationInterceptor.invoke(PersistenceExceptionTranslationInterceptor.java:139)
	... 69 common frames omitted
Caused by: java.sql.SQLException: Value '0000-00-00 00:00:00' can not be represented as java.sql.Timestamp
	at com.mysql.jdbc.SQLError.createSQLException(SQLError.java:965)
	at com.mysql.jdbc.SQLError.createSQLException(SQLError.java:898)
	at com.mysql.jdbc.SQLError.createSQLException(SQLError.java:887)
	at com.mysql.jdbc.SQLError.createSQLException(SQLError.java:861)
	at com.mysql.jdbc.ResultSetRow.getTimestampFast(ResultSetRow.java:947)
	at com.mysql.jdbc.ByteArrayRow.getTimestampFast(ByteArrayRow.java:130)
	at com.mysql.jdbc.ResultSetImpl.getTimestampInternal(ResultSetImpl.java:5921)
	at com.mysql.jdbc.ResultSetImpl.getTimestamp(ResultSetImpl.java:5589)
	at com.mysql.jdbc.ResultSetImpl.getTimestamp(ResultSetImpl.java:5618)
	at com.alibaba.druid.filter.FilterChainImpl.resultSet_getTimestamp(FilterChainImpl.java:1005)
	at com.alibaba.druid.filter.FilterAdapter.resultSet_getTimestamp(FilterAdapter.java:1818)
	at com.alibaba.druid.filter.FilterChainImpl.resultSet_getTimestamp(FilterChainImpl.java:1003)
	at com.alibaba.druid.filter.FilterAdapter.resultSet_getTimestamp(FilterAdapter.java:1818)
	at com.alibaba.druid.filter.FilterChainImpl.resultSet_getTimestamp(FilterChainImpl.java:1003)
	at com.alibaba.druid.filter.FilterAdapter.resultSet_getTimestamp(FilterAdapter.java:1818)
	at com.alibaba.druid.filter.FilterChainImpl.resultSet_getTimestamp(FilterChainImpl.java:1003)
	at com.alibaba.druid.filter.FilterAdapter.resultSet_getTimestamp(FilterAdapter.java:1818)
	at com.alibaba.druid.filter.FilterChainImpl.resultSet_getTimestamp(FilterChainImpl.java:1003)
	at com.alibaba.druid.proxy.jdbc.ResultSetProxyImpl.getTimestamp(ResultSetProxyImpl.java:741)
	at com.alibaba.druid.pool.DruidPooledResultSet.getTimestamp(DruidPooledResultSet.java:366)
	at org.hibernate.type.descriptor.sql.TimestampTypeDescriptor$2.doExtract(TimestampTypeDescriptor.java:84)
	at org.hibernate.type.descriptor.sql.BasicExtractor.extract(BasicExtractor.java:47)
	at org.hibernate.type.AbstractStandardBasicType.nullSafeGet(AbstractStandardBasicType.java:261)
	at org.hibernate.type.AbstractStandardBasicType.nullSafeGet(AbstractStandardBasicType.java:257)
	at org.hibernate.type.AbstractStandardBasicType.nullSafeGet(AbstractStandardBasicType.java:247)
	at org.hibernate.type.AbstractStandardBasicType.hydrate(AbstractStandardBasicType.java:333)
	at org.hibernate.persister.entity.AbstractEntityPersister.hydrate(AbstractEntityPersister.java:2868)
	at org.hibernate.loader.Loader.loadFromResultSet(Loader.java:1747)
	at org.hibernate.loader.Loader.instanceNotYetLoaded(Loader.java:1673)
	at org.hibernate.loader.Loader.getRow(Loader.java:1562)
	at org.hibernate.loader.Loader.getRowFromResultSet(Loader.java:732)
	at org.hibernate.loader.Loader.processResultSet(Loader.java:991)
	at org.hibernate.loader.Loader.doQuery(Loader.java:949)
	at org.hibernate.loader.Loader.doQueryAndInitializeNonLazyCollections(Loader.java:341)
	at org.hibernate.loader.Loader.doList(Loader.java:2692)
	... 99 common frames omitted
2018-11-09 22:34:25.661 ERROR org.hibernate.engine.jdbc.spi.SqlExceptionHelper Line:131 - Value '0000-00-00 00:00:00' can not be represented as java.sql.Timestamp
2018-11-09 22:34:25.832 ERROR org.apache.catalina.core.ContainerBase.[Tomcat].[localhost].[/security].[dispatcherServlet] Line:182 - Servlet.service() for servlet [dispatcherServlet] in context with path [/security] threw exception
org.springframework.orm.jpa.JpaSystemException: could not execute query; nested exception is org.hibernate.exception.GenericJDBCException: could not execute query
	at org.springframework.orm.jpa.vendor.HibernateJpaDialect.convertHibernateAccessException(HibernateJpaDialect.java:312)
	at org.springframework.orm.jpa.vendor.HibernateJpaDialect.translateExceptionIfPossible(HibernateJpaDialect.java:223)
	at org.springframework.orm.jpa.AbstractEntityManagerFactoryBean.translateExceptionIfPossible(AbstractEntityManagerFactoryBean.java:527)
	at org.springframework.dao.support.ChainedPersistenceExceptionTranslator.translateExceptionIfPossible(ChainedPersistenceExceptionTranslator.java:61)
	at org.springframework.dao.support.DataAccessUtils.translateIfNecessary(DataAccessUtils.java:242)
	at org.springframework.dao.support.PersistenceExceptionTranslationInterceptor.invoke(PersistenceExceptionTranslationInterceptor.java:153)
	at org.springframework.aop.framework.ReflectiveMethodInvocation.proceed(ReflectiveMethodInvocation.java:185)
	at org.springframework.data.jpa.repository.support.CrudMethodMetadataPostProcessor$CrudMethodMetadataPopulatingMethodInterceptor.invoke(CrudMethodMetadataPostProcessor.java:135)
	at org.springframework.aop.framework.ReflectiveMethodInvocation.proceed(ReflectiveMethodInvocation.java:185)
	at org.springframework.aop.interceptor.ExposeInvocationInterceptor.invoke(ExposeInvocationInterceptor.java:92)
	at org.springframework.aop.framework.ReflectiveMethodInvocation.proceed(ReflectiveMethodInvocation.java:185)
	at org.springframework.data.repository.core.support.SurroundingTransactionDetectorMethodInterceptor.invoke(SurroundingTransactionDetectorMethodInterceptor.java:61)
	at org.springframework.aop.framework.ReflectiveMethodInvocation.proceed(ReflectiveMethodInvocation.java:185)
	at org.springframework.aop.framework.JdkDynamicAopProxy.invoke(JdkDynamicAopProxy.java:212)
	at com.sun.proxy.$Proxy106.findAllByUrl(Unknown Source)
	at com.lnlr.security.service.impl.SysAclServiceImpl.findAllByUrl(SysAclServiceImpl.java:151)
	at com.lnlr.security.service.impl.SysCoreService.hasPermission(SysCoreService.java:161)
	at com.lnlr.common.filter.PermissionFilter.doFilter(PermissionFilter.java:46)
	at org.apache.catalina.core.ApplicationFilterChain.internalDoFilter(ApplicationFilterChain.java:193)
	at org.apache.catalina.core.ApplicationFilterChain.doFilter(ApplicationFilterChain.java:166)
	at com.lnlr.common.filter.LoginFilter.doFilter(LoginFilter.java:80)
	at org.apache.catalina.core.ApplicationFilterChain.internalDoFilter(ApplicationFilterChain.java:193)
	at org.apache.catalina.core.ApplicationFilterChain.doFilter(ApplicationFilterChain.java:166)
	at com.lnlr.common.filter.JwtVerificationFilter.doFilter(JwtVerificationFilter.java:81)
	at org.apache.catalina.core.ApplicationFilterChain.internalDoFilter(ApplicationFilterChain.java:193)
	at org.apache.catalina.core.ApplicationFilterChain.doFilter(ApplicationFilterChain.java:166)
	at org.springframework.web.filter.CharacterEncodingFilter.doFilterInternal(CharacterEncodingFilter.java:200)
	at org.springframework.web.filter.OncePerRequestFilter.doFilter(OncePerRequestFilter.java:107)
	at org.apache.catalina.core.ApplicationFilterChain.internalDoFilter(ApplicationFilterChain.java:193)
	at org.apache.catalina.core.ApplicationFilterChain.doFilter(ApplicationFilterChain.java:166)
	at org.springframework.web.filter.CorsFilter.doFilterInternal(CorsFilter.java:96)
	at org.springframework.web.filter.OncePerRequestFilter.doFilter(OncePerRequestFilter.java:107)
	at org.apache.catalina.core.ApplicationFilterChain.internalDoFilter(ApplicationFilterChain.java:193)
	at org.apache.catalina.core.ApplicationFilterChain.doFilter(ApplicationFilterChain.java:166)
	at org.apache.catalina.core.StandardWrapperValve.invoke(StandardWrapperValve.java:198)
	at org.apache.catalina.core.StandardContextValve.invoke(StandardContextValve.java:96)
	at org.apache.catalina.authenticator.AuthenticatorBase.invoke(AuthenticatorBase.java:493)
	at org.apache.catalina.core.StandardHostValve.invoke(StandardHostValve.java:140)
	at org.apache.catalina.valves.ErrorReportValve.invoke(ErrorReportValve.java:81)
	at org.apache.catalina.core.StandardEngineValve.invoke(StandardEngineValve.java:87)
	at org.apache.catalina.connector.CoyoteAdapter.service(CoyoteAdapter.java:342)
	at org.apache.coyote.http11.Http11Processor.service(Http11Processor.java:800)
	at org.apache.coyote.AbstractProcessorLight.process(AbstractProcessorLight.java:66)
	at org.apache.coyote.AbstractProtocol$ConnectionHandler.process(AbstractProtocol.java:806)
	at org.apache.tomcat.util.net.NioEndpoint$SocketProcessor.doRun(NioEndpoint.java:1498)
	at org.apache.tomcat.util.net.SocketProcessorBase.run(SocketProcessorBase.java:49)
	at java.util.concurrent.ThreadPoolExecutor.runWorker(ThreadPoolExecutor.java:1149)
	at java.util.concurrent.ThreadPoolExecutor$Worker.run(ThreadPoolExecutor.java:624)
	at org.apache.tomcat.util.threads.TaskThread$WrappingRunnable.run(TaskThread.java:61)
	at java.lang.Thread.run(Thread.java:748)
Caused by: org.hibernate.exception.GenericJDBCException: could not execute query
	at org.hibernate.exception.internal.StandardSQLExceptionConverter.convert(StandardSQLExceptionConverter.java:47)
	at org.hibernate.engine.jdbc.spi.SqlExceptionHelper.convert(SqlExceptionHelper.java:111)
	at org.hibernate.loader.Loader.doList(Loader.java:2695)
	at org.hibernate.loader.Loader.doList(Loader.java:2675)
	at org.hibernate.loader.Loader.listIgnoreQueryCache(Loader.java:2507)
	at org.hibernate.loader.Loader.list(Loader.java:2502)
	at org.hibernate.loader.custom.CustomLoader.list(CustomLoader.java:335)
	at org.hibernate.internal.SessionImpl.listCustomQuery(SessionImpl.java:2200)
	at org.hibernate.internal.AbstractSharedSessionContract.list(AbstractSharedSessionContract.java:1016)
	at org.hibernate.query.internal.NativeQueryImpl.doList(NativeQueryImpl.java:152)
	at org.hibernate.query.internal.AbstractProducedQuery.list(AbstractProducedQuery.java:1414)
	at org.hibernate.query.Query.getResultList(Query.java:146)
	at org.springframework.data.jpa.repository.query.JpaQueryExecution$CollectionExecution.doExecute(JpaQueryExecution.java:129)
	at org.springframework.data.jpa.repository.query.JpaQueryExecution.execute(JpaQueryExecution.java:91)
	at org.springframework.data.jpa.repository.query.AbstractJpaQuery.doExecute(AbstractJpaQuery.java:136)
	at org.springframework.data.jpa.repository.query.AbstractJpaQuery.execute(AbstractJpaQuery.java:125)
	at org.springframework.data.repository.core.support.RepositoryFactorySupport$QueryExecutorMethodInterceptor.doInvoke(RepositoryFactorySupport.java:602)
	at org.springframework.data.repository.core.support.RepositoryFactorySupport$QueryExecutorMethodInterceptor.invoke(RepositoryFactorySupport.java:590)
	at org.springframework.aop.framework.ReflectiveMethodInvocation.proceed(ReflectiveMethodInvocation.java:185)
	at org.springframework.data.projection.DefaultMethodInvokingMethodInterceptor.invoke(DefaultMethodInvokingMethodInterceptor.java:59)
	at org.springframework.aop.framework.ReflectiveMethodInvocation.proceed(ReflectiveMethodInvocation.java:185)
	at org.springframework.transaction.interceptor.TransactionAspectSupport.invokeWithinTransaction(TransactionAspectSupport.java:294)
	at org.springframework.transaction.interceptor.TransactionInterceptor.invoke(TransactionInterceptor.java:98)
	at org.springframework.aop.framework.ReflectiveMethodInvocation.proceed(ReflectiveMethodInvocation.java:185)
	at org.springframework.dao.support.PersistenceExceptionTranslationInterceptor.invoke(PersistenceExceptionTranslationInterceptor.java:139)
	... 44 common frames omitted
Caused by: java.sql.SQLException: Value '0000-00-00 00:00:00' can not be represented as java.sql.Timestamp
	at com.mysql.jdbc.SQLError.createSQLException(SQLError.java:965)
	at com.mysql.jdbc.SQLError.createSQLException(SQLError.java:898)
	at com.mysql.jdbc.SQLError.createSQLException(SQLError.java:887)
	at com.mysql.jdbc.SQLError.createSQLException(SQLError.java:861)
	at com.mysql.jdbc.ResultSetRow.getTimestampFast(ResultSetRow.java:947)
	at com.mysql.jdbc.ByteArrayRow.getTimestampFast(ByteArrayRow.java:130)
	at com.mysql.jdbc.ResultSetImpl.getTimestampInternal(ResultSetImpl.java:5921)
	at com.mysql.jdbc.ResultSetImpl.getTimestamp(ResultSetImpl.java:5589)
	at com.mysql.jdbc.ResultSetImpl.getTimestamp(ResultSetImpl.java:5618)
	at com.alibaba.druid.filter.FilterChainImpl.resultSet_getTimestamp(FilterChainImpl.java:1005)
	at com.alibaba.druid.filter.FilterAdapter.resultSet_getTimestamp(FilterAdapter.java:1818)
	at com.alibaba.druid.filter.FilterChainImpl.resultSet_getTimestamp(FilterChainImpl.java:1003)
	at com.alibaba.druid.filter.FilterAdapter.resultSet_getTimestamp(FilterAdapter.java:1818)
	at com.alibaba.druid.filter.FilterChainImpl.resultSet_getTimestamp(FilterChainImpl.java:1003)
	at com.alibaba.druid.filter.FilterAdapter.resultSet_getTimestamp(FilterAdapter.java:1818)
	at com.alibaba.druid.filter.FilterChainImpl.resultSet_getTimestamp(FilterChainImpl.java:1003)
	at com.alibaba.druid.filter.FilterAdapter.resultSet_getTimestamp(FilterAdapter.java:1818)
	at com.alibaba.druid.filter.FilterChainImpl.resultSet_getTimestamp(FilterChainImpl.java:1003)
	at com.alibaba.druid.proxy.jdbc.ResultSetProxyImpl.getTimestamp(ResultSetProxyImpl.java:741)
	at com.alibaba.druid.pool.DruidPooledResultSet.getTimestamp(DruidPooledResultSet.java:366)
	at org.hibernate.type.descriptor.sql.TimestampTypeDescriptor$2.doExtract(TimestampTypeDescriptor.java:84)
	at org.hibernate.type.descriptor.sql.BasicExtractor.extract(BasicExtractor.java:47)
	at org.hibernate.type.AbstractStandardBasicType.nullSafeGet(AbstractStandardBasicType.java:261)
	at org.hibernate.type.AbstractStandardBasicType.nullSafeGet(AbstractStandardBasicType.java:257)
	at org.hibernate.type.AbstractStandardBasicType.nullSafeGet(AbstractStandardBasicType.java:247)
	at org.hibernate.type.AbstractStandardBasicType.hydrate(AbstractStandardBasicType.java:333)
	at org.hibernate.persister.entity.AbstractEntityPersister.hydrate(AbstractEntityPersister.java:2868)
	at org.hibernate.loader.Loader.loadFromResultSet(Loader.java:1747)
	at org.hibernate.loader.Loader.instanceNotYetLoaded(Loader.java:1673)
	at org.hibernate.loader.Loader.getRow(Loader.java:1562)
	at org.hibernate.loader.Loader.getRowFromResultSet(Loader.java:732)
	at org.hibernate.loader.Loader.processResultSet(Loader.java:991)
	at org.hibernate.loader.Loader.doQuery(Loader.java:949)
	at org.hibernate.loader.Loader.doQueryAndInitializeNonLazyCollections(Loader.java:341)
	at org.hibernate.loader.Loader.doList(Loader.java:2692)
	... 66 common frames omitted
2018-11-09 22:35:12.784 ERROR org.hibernate.engine.jdbc.spi.SqlExceptionHelper Line:131 - Value '0000-00-00 00:00:00' can not be represented as java.sql.Timestamp
2018-11-09 22:35:34.664 ERROR org.apache.catalina.core.ContainerBase.[Tomcat].[localhost].[/security].[dispatcherServlet] Line:182 - Servlet.service() for servlet [dispatcherServlet] in context with path [/security] threw exception
org.springframework.orm.jpa.JpaSystemException: could not execute query; nested exception is org.hibernate.exception.GenericJDBCException: could not execute query
	at org.springframework.orm.jpa.vendor.HibernateJpaDialect.convertHibernateAccessException(HibernateJpaDialect.java:312)
	at org.springframework.orm.jpa.vendor.HibernateJpaDialect.translateExceptionIfPossible(HibernateJpaDialect.java:223)
	at org.springframework.orm.jpa.AbstractEntityManagerFactoryBean.translateExceptionIfPossible(AbstractEntityManagerFactoryBean.java:527)
	at org.springframework.dao.support.ChainedPersistenceExceptionTranslator.translateExceptionIfPossible(ChainedPersistenceExceptionTranslator.java:61)
	at org.springframework.dao.support.DataAccessUtils.translateIfNecessary(DataAccessUtils.java:242)
	at org.springframework.dao.support.PersistenceExceptionTranslationInterceptor.invoke(PersistenceExceptionTranslationInterceptor.java:153)
	at org.springframework.aop.framework.ReflectiveMethodInvocation.proceed(ReflectiveMethodInvocation.java:185)
	at org.springframework.data.jpa.repository.support.CrudMethodMetadataPostProcessor$CrudMethodMetadataPopulatingMethodInterceptor.invoke(CrudMethodMetadataPostProcessor.java:135)
	at org.springframework.aop.framework.ReflectiveMethodInvocation.proceed(ReflectiveMethodInvocation.java:185)
	at org.springframework.aop.interceptor.ExposeInvocationInterceptor.invoke(ExposeInvocationInterceptor.java:92)
	at org.springframework.aop.framework.ReflectiveMethodInvocation.proceed(ReflectiveMethodInvocation.java:185)
	at org.springframework.data.repository.core.support.SurroundingTransactionDetectorMethodInterceptor.invoke(SurroundingTransactionDetectorMethodInterceptor.java:61)
	at org.springframework.aop.framework.ReflectiveMethodInvocation.proceed(ReflectiveMethodInvocation.java:185)
	at org.springframework.aop.framework.JdkDynamicAopProxy.invoke(JdkDynamicAopProxy.java:212)
	at com.sun.proxy.$Proxy106.findAllByUrl(Unknown Source)
	at com.lnlr.security.service.impl.SysAclServiceImpl.findAllByUrl(SysAclServiceImpl.java:151)
	at com.lnlr.security.service.impl.SysCoreService.hasPermission(SysCoreService.java:161)
	at com.lnlr.common.filter.PermissionFilter.doFilter(PermissionFilter.java:46)
	at org.apache.catalina.core.ApplicationFilterChain.internalDoFilter(ApplicationFilterChain.java:193)
	at org.apache.catalina.core.ApplicationFilterChain.doFilter(ApplicationFilterChain.java:166)
	at com.lnlr.common.filter.LoginFilter.doFilter(LoginFilter.java:80)
	at org.apache.catalina.core.ApplicationFilterChain.internalDoFilter(ApplicationFilterChain.java:193)
	at org.apache.catalina.core.ApplicationFilterChain.doFilter(ApplicationFilterChain.java:166)
	at com.lnlr.common.filter.JwtVerificationFilter.doFilter(JwtVerificationFilter.java:81)
	at org.apache.catalina.core.ApplicationFilterChain.internalDoFilter(ApplicationFilterChain.java:193)
	at org.apache.catalina.core.ApplicationFilterChain.doFilter(ApplicationFilterChain.java:166)
	at org.springframework.web.filter.CharacterEncodingFilter.doFilterInternal(CharacterEncodingFilter.java:200)
	at org.springframework.web.filter.OncePerRequestFilter.doFilter(OncePerRequestFilter.java:107)
	at org.apache.catalina.core.ApplicationFilterChain.internalDoFilter(ApplicationFilterChain.java:193)
	at org.apache.catalina.core.ApplicationFilterChain.doFilter(ApplicationFilterChain.java:166)
	at org.springframework.web.filter.CorsFilter.doFilterInternal(CorsFilter.java:96)
	at org.springframework.web.filter.OncePerRequestFilter.doFilter(OncePerRequestFilter.java:107)
	at org.apache.catalina.core.ApplicationFilterChain.internalDoFilter(ApplicationFilterChain.java:193)
	at org.apache.catalina.core.ApplicationFilterChain.doFilter(ApplicationFilterChain.java:166)
	at org.apache.catalina.core.StandardWrapperValve.invoke(StandardWrapperValve.java:198)
	at org.apache.catalina.core.StandardContextValve.invoke(StandardContextValve.java:96)
	at org.apache.catalina.authenticator.AuthenticatorBase.invoke(AuthenticatorBase.java:493)
	at org.apache.catalina.core.StandardHostValve.invoke(StandardHostValve.java:140)
	at org.apache.catalina.valves.ErrorReportValve.invoke(ErrorReportValve.java:81)
	at org.apache.catalina.core.StandardEngineValve.invoke(StandardEngineValve.java:87)
	at org.apache.catalina.connector.CoyoteAdapter.service(CoyoteAdapter.java:342)
	at org.apache.coyote.http11.Http11Processor.service(Http11Processor.java:800)
	at org.apache.coyote.AbstractProcessorLight.process(AbstractProcessorLight.java:66)
	at org.apache.coyote.AbstractProtocol$ConnectionHandler.process(AbstractProtocol.java:806)
	at org.apache.tomcat.util.net.NioEndpoint$SocketProcessor.doRun(NioEndpoint.java:1498)
	at org.apache.tomcat.util.net.SocketProcessorBase.run(SocketProcessorBase.java:49)
	at java.util.concurrent.ThreadPoolExecutor.runWorker(ThreadPoolExecutor.java:1149)
	at java.util.concurrent.ThreadPoolExecutor$Worker.run(ThreadPoolExecutor.java:624)
	at org.apache.tomcat.util.threads.TaskThread$WrappingRunnable.run(TaskThread.java:61)
	at java.lang.Thread.run(Thread.java:748)
Caused by: org.hibernate.exception.GenericJDBCException: could not execute query
	at org.hibernate.exception.internal.StandardSQLExceptionConverter.convert(StandardSQLExceptionConverter.java:47)
	at org.hibernate.engine.jdbc.spi.SqlExceptionHelper.convert(SqlExceptionHelper.java:111)
	at org.hibernate.loader.Loader.doList(Loader.java:2695)
	at org.hibernate.loader.Loader.doList(Loader.java:2675)
	at org.hibernate.loader.Loader.listIgnoreQueryCache(Loader.java:2507)
	at org.hibernate.loader.Loader.list(Loader.java:2502)
	at org.hibernate.loader.custom.CustomLoader.list(CustomLoader.java:335)
	at org.hibernate.internal.SessionImpl.listCustomQuery(SessionImpl.java:2200)
	at org.hibernate.internal.AbstractSharedSessionContract.list(AbstractSharedSessionContract.java:1016)
	at org.hibernate.query.internal.NativeQueryImpl.doList(NativeQueryImpl.java:152)
	at org.hibernate.query.internal.AbstractProducedQuery.list(AbstractProducedQuery.java:1414)
	at org.hibernate.query.Query.getResultList(Query.java:146)
	at org.springframework.data.jpa.repository.query.JpaQueryExecution$CollectionExecution.doExecute(JpaQueryExecution.java:129)
	at org.springframework.data.jpa.repository.query.JpaQueryExecution.execute(JpaQueryExecution.java:91)
	at org.springframework.data.jpa.repository.query.AbstractJpaQuery.doExecute(AbstractJpaQuery.java:136)
	at org.springframework.data.jpa.repository.query.AbstractJpaQuery.execute(AbstractJpaQuery.java:125)
	at org.springframework.data.repository.core.support.RepositoryFactorySupport$QueryExecutorMethodInterceptor.doInvoke(RepositoryFactorySupport.java:602)
	at org.springframework.data.repository.core.support.RepositoryFactorySupport$QueryExecutorMethodInterceptor.invoke(RepositoryFactorySupport.java:590)
	at org.springframework.aop.framework.ReflectiveMethodInvocation.proceed(ReflectiveMethodInvocation.java:185)
	at org.springframework.data.projection.DefaultMethodInvokingMethodInterceptor.invoke(DefaultMethodInvokingMethodInterceptor.java:59)
	at org.springframework.aop.framework.ReflectiveMethodInvocation.proceed(ReflectiveMethodInvocation.java:185)
	at org.springframework.transaction.interceptor.TransactionAspectSupport.invokeWithinTransaction(TransactionAspectSupport.java:294)
	at org.springframework.transaction.interceptor.TransactionInterceptor.invoke(TransactionInterceptor.java:98)
	at org.springframework.aop.framework.ReflectiveMethodInvocation.proceed(ReflectiveMethodInvocation.java:185)
	at org.springframework.dao.support.PersistenceExceptionTranslationInterceptor.invoke(PersistenceExceptionTranslationInterceptor.java:139)
	... 44 common frames omitted
Caused by: java.sql.SQLException: Value '0000-00-00 00:00:00' can not be represented as java.sql.Timestamp
	at com.mysql.jdbc.SQLError.createSQLException(SQLError.java:965)
	at com.mysql.jdbc.SQLError.createSQLException(SQLError.java:898)
	at com.mysql.jdbc.SQLError.createSQLException(SQLError.java:887)
	at com.mysql.jdbc.SQLError.createSQLException(SQLError.java:861)
	at com.mysql.jdbc.ResultSetRow.getTimestampFast(ResultSetRow.java:947)
	at com.mysql.jdbc.ByteArrayRow.getTimestampFast(ByteArrayRow.java:130)
	at com.mysql.jdbc.ResultSetImpl.getTimestampInternal(ResultSetImpl.java:5921)
	at com.mysql.jdbc.ResultSetImpl.getTimestamp(ResultSetImpl.java:5589)
	at com.mysql.jdbc.ResultSetImpl.getTimestamp(ResultSetImpl.java:5618)
	at com.alibaba.druid.filter.FilterChainImpl.resultSet_getTimestamp(FilterChainImpl.java:1005)
	at com.alibaba.druid.filter.FilterAdapter.resultSet_getTimestamp(FilterAdapter.java:1818)
	at com.alibaba.druid.filter.FilterChainImpl.resultSet_getTimestamp(FilterChainImpl.java:1003)
	at com.alibaba.druid.filter.FilterAdapter.resultSet_getTimestamp(FilterAdapter.java:1818)
	at com.alibaba.druid.filter.FilterChainImpl.resultSet_getTimestamp(FilterChainImpl.java:1003)
	at com.alibaba.druid.filter.FilterAdapter.resultSet_getTimestamp(FilterAdapter.java:1818)
	at com.alibaba.druid.filter.FilterChainImpl.resultSet_getTimestamp(FilterChainImpl.java:1003)
	at com.alibaba.druid.filter.FilterAdapter.resultSet_getTimestamp(FilterAdapter.java:1818)
	at com.alibaba.druid.filter.FilterChainImpl.resultSet_getTimestamp(FilterChainImpl.java:1003)
	at com.alibaba.druid.proxy.jdbc.ResultSetProxyImpl.getTimestamp(ResultSetProxyImpl.java:741)
	at com.alibaba.druid.pool.DruidPooledResultSet.getTimestamp(DruidPooledResultSet.java:366)
	at org.hibernate.type.descriptor.sql.TimestampTypeDescriptor$2.doExtract(TimestampTypeDescriptor.java:84)
	at org.hibernate.type.descriptor.sql.BasicExtractor.extract(BasicExtractor.java:47)
	at org.hibernate.type.AbstractStandardBasicType.nullSafeGet(AbstractStandardBasicType.java:261)
	at org.hibernate.type.AbstractStandardBasicType.nullSafeGet(AbstractStandardBasicType.java:257)
	at org.hibernate.type.AbstractStandardBasicType.nullSafeGet(AbstractStandardBasicType.java:247)
	at org.hibernate.type.AbstractStandardBasicType.hydrate(AbstractStandardBasicType.java:333)
	at org.hibernate.persister.entity.AbstractEntityPersister.hydrate(AbstractEntityPersister.java:2868)
	at org.hibernate.loader.Loader.loadFromResultSet(Loader.java:1747)
	at org.hibernate.loader.Loader.instanceNotYetLoaded(Loader.java:1673)
	at org.hibernate.loader.Loader.getRow(Loader.java:1562)
	at org.hibernate.loader.Loader.getRowFromResultSet(Loader.java:732)
	at org.hibernate.loader.Loader.processResultSet(Loader.java:991)
	at org.hibernate.loader.Loader.doQuery(Loader.java:949)
	at org.hibernate.loader.Loader.doQueryAndInitializeNonLazyCollections(Loader.java:341)
	at org.hibernate.loader.Loader.doList(Loader.java:2692)
	... 66 common frames omitted
